EMPTY findGo
EMPTY tasks/AirdropNameVoucher
EMPTY tasks/addCatalog
EMPTY tasks/checkDapperTx
EMPTY tasks/client
EMPTY tasks/collectionDataTest
EMPTY tasks/dandy
EMPTY tasks/dapperMarket
EMPTY tasks/event
EMPTY tasks/findDapperMarket
EMPTY tasks/mainnetMarket
EMPTY tasks/mainnetMarketListingEnquiry
EMPTY tasks/nfg
EMPTY tasks/partyMansion
EMPTY tasks/registerGift
EMPTY tasks/setup
EMPTY tasks/testnetMarket
EMPTY tasks/testnetUser
EMPTY utils
PASS TestCollectionScripts/Should_be_able_to_get_dandies_by_script (0.14s)
PASS TestCollectionScripts (0.14s)
PASS TestDandy/Should_be_able_to_mint_3_dandy_nfts_and_display_them (0.13s)
PASS TestDandy/Should_be_able_to_return_the_correct_minter_and_dandies_list (0.19s)
PASS TestDandy (0.33s)
PASS TestEntitlments/Should_not_be_able_to_change_the_name_of_another_user (0.03s)
PASS TestEntitlments (0.03s)
PASS TestFindAirdropper/Should_be_able_to_send_Airdrop (0.09s)
PASS TestFindAirdropper/Should_be_able_to_send_packs_thru_airdropper_with_struct (0.09s)
PASS TestFindAirdropper/Should_not_be_able_to_send_Airdrop_without_collection,_good_events_will_be_emitted (0.08s)
PASS TestFindAirdropper/Should_be_able_to_get_Airdrop_details_with_a_script (0.15s)
PASS TestFindAirdropper/Should_be_able_to_send_Airdrop_with_sending_funds_to_royalty_holders (0.09s)
PASS TestFindAirdropper/Should_be_able_to_send_Airdrop_and_donate_funds_to_FIND! (0.08s)
PASS TestFindAirdropper (0.58s)
PASS TestFINDDapper/Should_get_expected_output_for_register_script (0.02s)
PASS TestFINDDapper/Should_get_error_if_you_try_to_register_a_name_that_is_too_short (0.04s)
PASS TestFINDDapper/Should_get_error_if_you_try_to_register_a_name_that_is_already_claimed (0.04s)
PASS TestFINDDapper/Should_be_able_to_send_lease_to_another_name (0.04s)
PASS TestFINDDapper (0.15s)
PASS TestFindFurnace/Should_be_able_to_burn_Dandy (0.07s)
PASS TestFindFurnace (0.07s)
PASS TestFindLostAndFound/Should_be_able_to_send_thru_sendNFT_transaction_without_initialized_collection (0.08s)
PASS TestFindLostAndFound/Should_be_able_to_get_all_Lost_And_Found_NFT_with_script (0.03s)
PASS TestFindLostAndFound/Should_not_be_able_to_redeem_NFT_on_behalf_of_without_suitable_collection._But_tx_will_still_run_thru_and_events_will_be_emitted (0.14s)
PASS TestFindLostAndFound/Should_be_able_to_send_thru_sendNFT_transaction_with_account_initiated (0.08s)
PASS TestFindLostAndFound (0.34s)
PASS TestFindPack/Should_be_able_to_buy_pack (0.06s)
PASS TestFindPack/Should_be_able_to_buy_pack_and_open_pack (0.13s)
PASS TestFindPack/Should_be_able_to_buy,__open_and_fulfill (0.22s)
PASS TestFindPack/Should_be_able_to_buy,__open_and_fulfill_with_no_collection_setup (0.21s)
PASS TestFindPack/Should_get_transferred_to_DLQ_if_try_to_open_with_wrong_salt (0.22s)
PASS TestFindPack/Should_not_be_able_to_buy_pack_before_drop_is_open (0.33s)
PASS TestFindPack/Should_not_be_able_to_open_pack_before_drop_is_available (0.46s)
PASS TestFindPack/Should_be_able_to_buy_nft_if_the_user_has_the_float_and_with_a_whitelist. (0.44s)
PASS TestFindPack (2.09s)
PASS TestRelatedAccounts/Should_be_able_to_get_identifier (0.04s)
PASS TestRelatedAccounts/Should_be_able_to_get_Related_wallet_in_network (0.04s)
PASS TestRelatedAccounts/Should_be_able_to_get_Related_wallet_in_Flow (0.11s)
PASS TestRelatedAccounts/Should_be_able_to_get_all_Related_wallet_in_network (0.25s)
PASS TestRelatedAccounts/Should_be_able_to_update_wallet (0.06s)
PASS TestRelatedAccounts (0.51s)
PASS TestFindStruct/Should_be_able_to_pass_in_Royalty_Struct (0.06s)
PASS TestFindStruct/Should_be_able_to_pass_in_Verifier_Struct (0.05s)
PASS TestFindStruct/Should_be_able_to_pass_in_PackRegisterSaleInfo_Struct (0.07s)
PASS TestFindStruct/Should_be_able_to_pass_in_PackRegisterInfo_Struct (0.07s)
PASS TestFindStruct (0.25s)
PASS TestFIND/Should_get_error_if_you_try_to_register_a_name_and_dont_have_enough_money (0.04s)
PASS TestFIND/Should_get_error_if_you_try_to_register_a_name_that_is_too_short (0.04s)
PASS TestFIND/Should_get_error_if_you_try_to_register_a_name_that_is_already_claimed (0.04s)
PASS TestFIND/Should_allow_registering_a_lease_after_it_is_freed (0.23s)
PASS TestFIND/Should_be_able_to_lookup_address (0.02s)
PASS TestFIND/Should_not_be_able_to_lookup_lease_after_expired (0.18s)
PASS TestFIND/Admin_should_be_able_to_register_without_paying_FUSD (0.08s)
PASS TestFIND/Should_automatically_set_Find_name_to_empty_if_sender_have_none (0.02s)
PASS TestFIND/Should_automatically_set_Find_Name_if_sender_have_one (0.13s)
=== RUN   TestFIND/Should_be_able_to_register_related_account_and_remove_it
    find_test.go:134: 
        	Error Trace:	/Users/bjartek/go/pkg/mod/github.com/bjartek/overflow/v2@v2.0.0-stable-cadence-beta.17/script.go:194
        	            				/Users/bjartek/dev/find/find_test.go:134
        	Error:      	Received unexpected error:
        	            	Invalid token reference 'accounts'
        	Test:       	TestFIND/Should_be_able_to_register_related_account_and_remove_it
    find_test.go:134: mismatch (-want +got):
        --- want
        +++ got
        @@ -1,5 +1 @@
        -map[string]interface{}{
        -	"address": "0xfd43f9148d4b725d", "name": "dapper", "network": "Flow",
        -	"node":    "FindRelatedAccounts",
        -	"trusted": false,
        -}
        \ No newline at end of file
        +nil
        \ No newline at end of file
        
--- FAIL: TestFIND/Should_be_able_to_register_related_account_and_remove_it (0.16s)
FAIL TestFIND/Should_be_able_to_register_related_account_and_remove_it (0.16s)
=== RUN   TestFIND/Should_be_able_to_set_private_mode
    find_test.go:173: 
        	Error Trace:	/Users/bjartek/go/pkg/mod/github.com/bjartek/overflow/v2@v2.0.0-stable-cadence-beta.17/script.go:194
        	            				/Users/bjartek/dev/find/find_test.go:173
        	Error:      	Received unexpected error:
        	            	Invalid token reference 'privateMode'
        	Test:       	TestFIND/Should_be_able_to_set_private_mode
    find_test.go:173: mismatch (-want +got):
        --- want
        +++ got
        @@ -1 +1 @@
        -true
        \ No newline at end of file
        +nil
        \ No newline at end of file
        
--- FAIL: TestFIND/Should_be_able_to_set_private_mode (0.10s)
FAIL TestFIND/Should_be_able_to_set_private_mode (0.10s)
=== RUN   TestFIND/If_a_user_holds_an_invalid_find_name,_get_status_should_not_return_it
    find_test.go:194: 
        	Error Trace:	/Users/bjartek/go/pkg/mod/github.com/bjartek/overflow/v2@v2.0.0-stable-cadence-beta.17/script.go:174
        	            				/Users/bjartek/dev/find/find_test.go:194
        	Error:      	Error "Invalid token reference 'profile'" does not contain "Object has no key 'findName'"
        	Test:       	TestFIND/If_a_user_holds_an_invalid_find_name,_get_status_should_not_return_it
        	Messages:   	output%!(EXTRA string=nil)
--- FAIL: TestFIND/If_a_user_holds_an_invalid_find_name,_get_status_should_not_return_it (0.14s)
FAIL TestFIND/If_a_user_holds_an_invalid_find_name,_get_status_should_not_return_it (0.14s)
=== RUN   TestFIND/Should_be_able_to_create_and_edit_the_social_link
    find_test.go:217: 
        	Error Trace:	/Users/bjartek/go/pkg/mod/github.com/bjartek/overflow/v2@v2.0.0-stable-cadence-beta.17/script.go:194
        	            				/Users/bjartek/dev/find/find_test.go:217
        	Error:      	Received unexpected error:
        	            	Invalid token reference 'profile'
        	Test:       	TestFIND/Should_be_able_to_create_and_edit_the_social_link
    find_test.go:217: mismatch (-want +got):
        --- want
        +++ got
        @@ -1 +1 @@
        -map[string]interface{}{"title": "find", "type": "Twitter", "url": "https://twitter.com/findonflow"}
        \ No newline at end of file
        +nil
        \ No newline at end of file
        
--- FAIL: TestFIND/Should_be_able_to_create_and_edit_the_social_link (0.14s)
FAIL TestFIND/Should_be_able_to_create_and_edit_the_social_link (0.14s)
=== RUN   TestFIND/Should_not_be_able_to_buy_forge_for_less_then_amount
    find_test.go:255: 
        	Error Trace:	/Users/bjartek/go/pkg/mod/github.com/bjartek/overflow/v2@v2.0.0-stable-cadence-beta.17/result.go:167
        	            				/Users/bjartek/dev/find/find_test.go:255
        	Error:      	"extracting arguments: the interaction 'buyAddon' is missing [maxAmount]" does not contain "Expect 50.00000000 FUSD for forge addon"
        	Test:       	TestFIND/Should_not_be_able_to_buy_forge_for_less_then_amount
--- FAIL: TestFIND/Should_not_be_able_to_buy_forge_for_less_then_amount (0.00s)
FAIL TestFIND/Should_not_be_able_to_buy_forge_for_less_then_amount (0.00s)
PASS TestFIND/Should_be_able_to_buy_addons_that_are_on_Network (0.00s)
=== RUN   TestFIND/Should_not_be_able_to_buy_unavaialbe_addon
    find_test.go:269: 
        	Error Trace:	/Users/bjartek/go/pkg/mod/github.com/bjartek/overflow/v2@v2.0.0-stable-cadence-beta.17/result.go:167
        	            				/Users/bjartek/dev/find/find_test.go:269
        	Error:      	"extracting arguments: the interaction 'buyAddon' is missing [maxAmount]" does not contain "This addon is not available."
        	Test:       	TestFIND/Should_not_be_able_to_buy_unavaialbe_addon
--- FAIL: TestFIND/Should_not_be_able_to_buy_unavaialbe_addon (0.00s)
FAIL TestFIND/Should_not_be_able_to_buy_unavaialbe_addon (0.00s)
PASS TestFIND/Should_be_able_to_fund_users_without_profile (0.06s)
PASS TestFIND/Should_be_able_to_fund_users_with_profile_but_without_find_name (0.05s)
PASS TestFIND/Should_be_able_to_resolve_find_name_with_.find (0.03s)
PASS TestFIND/Should_panic_if_user_pass_in_invalid_character_'.' (0.03s)
PASS TestFIND/Should_be_able_to_getFindStatus_of_an_FREE_lease (0.03s)
PASS TestFIND/Should_be_able_to_getFindStatus_of_an_TAKEN_lease (0.10s)
PASS TestFIND/Should_be_able_to_getFindStatus_of_an_LOCKED_lease (0.19s)
PASS TestFIND/Should_be_able_to_register_related_account_and_mutually_link_it_for_trust (0.28s)
=== RUN   TestFIND/Should_be_able_to_getFindStatus_for_trusted_accounts
[31mscript: getFindStatus: scriptFileName:getFindStatus: [Error Code: 1101] error caused by: 1 error occurred:
	* [Error Code: 1101] cadence runtime error: Execution failed:
error: cannot find type in this scope: `bool`
  --> 5cf33d76fcfec111f161ae33182e4c8ad3155996bff11e008e4085684fe8343c:21:41
   |
21 |     access(all) let isReadyForNameOffer: bool
   |                                          ^^^^ not found in this scope


[0m    find_test.go:462: 
        	Error Trace:	/Users/bjartek/go/pkg/mod/github.com/bjartek/overflow/v2@v2.0.0-stable-cadence-beta.17/script.go:194
        	            				/Users/bjartek/dev/find/find_test.go:462
        	Error:      	Received unexpected error:
        	            	Invalid token reference 'accounts'
        	Test:       	TestFIND/Should_be_able_to_getFindStatus_for_trusted_accounts
    find_test.go:462: mismatch (-want +got):
        --- want
        +++ got
        @@ -1,16 +1 @@
        -`[]interface {}{
        -  map[string]interface {}{
        -    "address": "0xeb179c27144f783c",
        -    "name": "notLink",
        -    "network": "Flow",
        -    "node": "FindRelatedAccounts",
        -    "trusted": false,
        -  },
        -  map[string]interface {}{
        -    "address": "0xfd43f9148d4b725d",
        -    "name": "link",
        -    "network": "Flow",
        -    "node": "FindRelatedAccounts",
        -    "trusted": true,
        -  },
        -}`
        \ No newline at end of file
        +nil
        \ No newline at end of file
        
--- FAIL: TestFIND/Should_be_able_to_getFindStatus_for_trusted_accounts (0.22s)
FAIL TestFIND/Should_be_able_to_getFindStatus_for_trusted_accounts (0.22s)
PASS TestFIND/Should_be_able_to_follow_someone (0.07s)
PASS TestFIND/Should_be_able_to_unfollow_someone (0.05s)
PASS TestFIND/Should_not_be_able_to_move_old_leases (0.33s)
PASS TestFIND/Should_not_be_able_to_get_old_leases_information (0.29s)
PASS TestFIND/Should_not_be_able_to_get_old_leases (0.31s)
PASS TestFIND/Should_be_able_to_get_old_leases_in_getInvalidatedLeases (0.30s)
PASS TestFIND/Should_be_able_to_cleanup_invalid_leases (0.35s)
=== RUN   TestFIND
    test_utils.go:224: 
        	Error Trace:	/Users/bjartek/go/pkg/mod/github.com/bjartek/overflow/v2@v2.0.0-stable-cadence-beta.17/result.go:182
        	            				/Users/bjartek/dev/find/test_utils.go:224
        	            				/Users/bjartek/dev/find/find_test.go:259
        	Error:      	Received unexpected error:
        	            	the interaction 'buyAddon' is missing [maxAmount]
        	            	extracting arguments
        	            	github.com/bjartek/overflow/v2.(*OverflowState).parseArguments
        	            		/Users/bjartek/go/pkg/mod/github.com/bjartek/overflow/v2@v2.0.0-stable-cadence-beta.17/state.go:294
        	            	github.com/bjartek/overflow/v2.(*OverflowState).BuildInteraction
        	            		/Users/bjartek/go/pkg/mod/github.com/bjartek/overflow/v2@v2.0.0-stable-cadence-beta.17/state.go:692
        	            	github.com/bjartek/overflow/v2.(*OverflowState).Tx
        	            		/Users/bjartek/go/pkg/mod/github.com/bjartek/overflow/v2@v2.0.0-stable-cadence-beta.17/state.go:557
        	            	github.com/findonflow/find.(*OverflowTestUtils).buyForge
        	            		/Users/bjartek/dev/find/test_utils.go:218
        	            	github.com/findonflow/find.TestFIND.func15
        	            		/Users/bjartek/dev/find/find_test.go:259
        	            	testing.tRunner
        	            		/opt/homebrew/Cellar/go/1.22.5/libexec/src/testing/testing.go:1689
        	            	runtime.goexit
        	            		/opt/homebrew/Cellar/go/1.22.5/libexec/src/runtime/asm_arm64.s:1222
        	Test:       	TestFIND
    test_utils.go:225: 
        	Error Trace:	/Users/bjartek/go/pkg/mod/github.com/bjartek/overflow/v2@v2.0.0-stable-cadence-beta.17/result.go:223
        	            				/Users/bjartek/dev/find/test_utils.go:225
        	            				/Users/bjartek/dev/find/find_test.go:259
        	Error:      	event not found FIND.AddonActivated, overflow.OverflowEvent{
        	            	  Fields: map[string]interface {}{
        	            	    "addon": "forge",
        	            	    "name": "user2",
        	            	  },
        	            	  Addresses: map[string][]string(nil),
        	            	  Id: "",
        	            	  TransactionId: "",
        	            	  Name: "",
        	            	  RawEvent: cadence.Event{
        	            	    EventType: nil,
        	            	  },
        	            	  EventIndex: 0,
        	            	}
        	Test:       	TestFIND
    event.go:336: === Events ===
--- FAIL: TestFIND (4.06s)
FAIL TestFIND (4.06s)
PASS TestFindThought/Should_be_able_to_post_a_thought (0.27s)
PASS TestFindThought/Should_be_able_to_edit_a_thought (0.19s)
PASS TestFindThought/Should_be_able_to_react_to_a_thought (0.14s)
PASS TestFindThought/Should_be_able_to_get_a_list_of_different_thoguhts_by_a_script_with_reacted_list (0.34s)
PASS TestFindThought/Should_be_able_to_undo_reaction_to_a_thought (0.27s)
PASS TestFindThought/Should_be_able_to_delete_a_thought (0.13s)
PASS TestFindThought/Should_be_able_to_post_a_thought_with_NFT (0.40s)
PASS TestFindThought/Should_be_able_to_post_a_thought_with_quote (0.30s)
PASS TestFindThought/Should_be_able_to_hide_thoughts (0.27s)
PASS TestFindThought (2.34s)
PASS TestFindUtils/containsChar_should_return_false_if_string_does_not_contain (0.00s)
PASS TestFindUtils/containsChar_should_return_true_if_string_contains (0.00s)
PASS TestFindUtils/contains_should_be_able_to_check_contains (0.00s)
PASS TestFindUtils/contains_should_return_false_if_string_does_not_contain (0.00s)
PASS TestFindUtils/contains_should_return_true_if_string_partially_contains (0.00s)
PASS TestFindUtils/contains_should_return_false_if_element_is_longer_than_string (0.00s)
PASS TestFindUtils/contains_should_return_true_if_element_is_empty_string (0.00s)
PASS TestFindUtils/contains_should_return_false_if_string_is_empty_string (0.00s)
PASS TestFindUtils/hasSuffix_should_return_true_if_suffix_is_valid (0.00s)
PASS TestFindUtils/hasSuffix_should_return_false_if_suffix_is_not_valid (0.00s)
PASS TestFindUtils/hasSuffix_should_return_true_if_entire_string_is_passed_in (0.00s)
PASS TestFindUtils/hasSuffix_should_return_true_if_empty_string_is_passed_in (0.00s)
PASS TestFindUtils/hasSuffix_should_return_false_if_suffix_is_longer_than_string (0.00s)
PASS TestFindUtils/hasPrefix_should_return_true_if_prefix_is_valid (0.00s)
PASS TestFindUtils/hasPrefix_should_return_false_if_prefix_is_not_valid (0.00s)
PASS TestFindUtils/hasPrefix_should_return_true_if_entire_string_is_passed_in (0.00s)
PASS TestFindUtils/hasPrefix_should_return_true_if_empty_string_is_passed_in (0.00s)
PASS TestFindUtils/hasPrefix_should_return_false_if_prefix_is_longer_than_string (0.00s)
PASS TestFindUtils/hasPrefix_should_return_false_if_prefix_is_longer_than_string#01 (0.00s)
PASS TestFindUtils/toUpper_should_return_upper_cases (0.00s)
PASS TestFindUtils/toUpper_should_return_upper_cases_if_they_are_already_upper_cases (0.00s)
PASS TestFindUtils/firstUpperLetter_should_return_upper_case_for_first_letter (0.00s)
PASS TestFindUtils/firstUpperLetter_should_returns_same_if_first_letter_is_already_upper_case (0.00s)
PASS TestFindUtils/firstUpperLetter_should_returns_same_if_first_letter_is_not_alphabet (0.00s)
PASS TestFindUtils/to_snake_case_should_returns_snake_case_CamelCase (0.00s)
PASS TestFindUtils/to_snake_case_should_returns_snake_case_Camel_Case (0.00s)
PASS TestFindUtils/to_snake_case_should_returns_snake_case_Camel_case (0.00s)
PASS TestFindUtils/toCamelCase_should_returns_camel_case_Camel_case (0.00s)
PASS TestFindUtils/toCamelCase_should_returns_camel_case_Camel_Case (0.00s)
PASS TestFindUtils/toCamelCase_should_returns_camel_case_Camel_case#01 (0.00s)
PASS TestFindUtils/toCamelCase_should_returns_camel_case_Camel_Case#01 (0.00s)
PASS TestFindUtils/trimSuffix_should_trim_bam.find (0.00s)
PASS TestFindUtils/trimSuffix_should_not_trim_christian.fine (0.00s)
PASS TestFindUtils/trimSuffix_should_not_trim_bam (0.00s)
PASS TestFindUtils/trimFindSuffix_should_trim_bam.find (0.02s)
PASS TestFindUtils/trimFindSuffix_should_return_bam (0.02s)
PASS TestFindUtils/splitString_should_split_Hello_World_And_All (0.01s)
PASS TestFindUtils/splitString_should_split_Hello_World.And_All (0.00s)
PASS TestFindUtils/splitString_should_not_split_Hello.World.And.All (0.00s)
PASS TestFindUtils/splitString_should_not_split_HelloWorldAndAll (0.00s)
PASS TestFindUtils/joinMapToString_should_join_the_map_and_return_as_expected (0.00s)
PASS TestFindUtils/devJoinString_should_join_the_string_with_sep_and_return_as_expected (0.00s)
PASS TestFindUtils/deDupTypeArray_should_dedup_duplicated_as_expected (0.03s)
PASS TestFindUtils (0.19s)
PASS TestFindVerifier/Should_return_false_if_user_have_no_float (0.07s)
PASS TestFindVerifier/Should_panic_if_no_float_is_specified (0.03s)
PASS TestFindVerifier/Should_return_true_if_user_has_one_of_the_float (0.11s)
PASS TestFindVerifier/Should_return_false_if_user_doesn't_have_float_contained (0.17s)
PASS TestFindVerifier/Should_return_true_if_user_has_all_of_the_float (0.22s)
PASS TestFindVerifier/Should_return_false_if_user_doesn't_have_all_float_contained (0.19s)
PASS TestFindVerifier/Should_panic_if_no_float_is_specified#01 (0.03s)
PASS TestFindVerifier/Should_return_true_if_user_is_in_whiteLabel (0.03s)
PASS TestFindVerifier/Should_return_true_if_user_is_not_in_whiteLabel (0.03s)
PASS TestFindVerifier/Should_panic_if_no_one_is_not_in_whiteLabel (0.03s)
PASS TestFindVerifier/Should_return_true_if_user_has_the_find_name (0.03s)
PASS TestFindVerifier/Should_return_false_if_user_does_not_have_the_find_name (0.03s)
PASS TestFindVerifier/Should_panic_if_no_find_name_is_specified (0.03s)
PASS TestFindVerifier/Should_return_false_if_user_has_no_lease_collection (0.03s)
PASS TestFindVerifier/Should_return_true_if_user_has_no_of_NFTs_equal_to_threshold (0.03s)
PASS TestFindVerifier/Should_return_true_if_user_has_no_of_NFTs_more_than_threshold (0.03s)
PASS TestFindVerifier/Should_return_false_if_user_has_no_of_NFTs_less_than_threshold (0.03s)
PASS TestFindVerifier/Should_panic_if_0_threshold_is_specified (0.02s)
PASS TestFindVerifier/Should_return_false_if_user_has_no_collection (0.03s)
PASS TestFindVerifier/Should_return_true_if_user_has_nft_with_specified_rarity (0.03s)
PASS TestFindVerifier/Should_return_false_if_user_does_not_have_nft_with_specified_rarity (0.03s)
PASS TestFindVerifier/Should_panic_if_no_rarity_is_specified (0.03s)
PASS TestFindVerifier/Should_return_false_if_user_has_no_collection_specified_for_rarity (0.03s)
PASS TestFindVerifier (1.27s)
PASS TestFTRegistry/Should_be_able_to_registry_flow_token_and_get_it (0.02s)
PASS TestFTRegistry/Should_not_be_able_to_overrride_a_ft_without_removing_it_first (0.08s)
=== RUN   TestFTRegistry/Should_be_able_to_registry_flow_token,_fusd_token_and_get_list_from_it
    testing.go:1576: test executed panic(nil) or runtime.Goexit: subtest may have called FailNow on a parent test
--- FAIL: TestFTRegistry/Should_be_able_to_registry_flow_token,_fusd_token_and_get_list_from_it (0.01s)
FAIL TestFTRegistry/Should_be_able_to_registry_flow_token,_fusd_token_and_get_list_from_it (0.01s)
=== RUN   TestFTRegistry
    autogold.go:146: mismatch (-want +got):
        [31m-- want[0m
        [32m++ got[0m
        @@ -45,35 +45,5 @@
                "typeIdentifier": "A.179b6b1cb6755e31.FlowUtilityToken.Vault",
                "vaultPath": "/storage/flowUtilityTokenVault",
                "vaultPathIdentifier": "flowUtilityTokenVault"
        [31m    },[0m
        [31m    "A.f8d6e0586b0a20c7.FUSD.Vault": {[0m
        [31m        "alias": "FUSD",[0m
        [31m        "balancePath": "/public/fusdBalance",[0m
        [31m        "balancePathIdentifier": "fusdBalance",[0m
        [31m        "icon": "https://static.flowscan.org/mainnet/icons/A.3c5959b568896393.FUSD.png",[0m
        [31m        "receiverPath": "/public/fusdReceiver",[0m
        [31m        "receiverPathIdentifier": "fusdReceiver",[0m
        [31m        "tag": [[0m
        [31m            "stablecoin"[0m
        [31m        ],[0m
        [31m        "type": "A.f8d6e0586b0a20c7.FUSD.Vault",[0m
        [31m        "typeIdentifier": "A.f8d6e0586b0a20c7.FUSD.Vault",[0m
        [31m        "vaultPath": "/storage/fusdVault",[0m
        [31m        "vaultPathIdentifier": "fusdVault"[0m
        [31m    },[0m
        [31m    "A.f8d6e0586b0a20c7.FiatToken.Vault": {[0m
        [31m        "alias": "USDC",[0m
        [31m        "balancePath": "/public/USDCVaultBalance",[0m
        [31m        "balancePathIdentifier": "USDCVaultBalance",[0m
        [31m        "icon": "https://static.flowscan.org/mainnet/icons/A.b19436aae4d94622.FiatToken.png",[0m
        [31m        "receiverPath": "/public/USDCVaultReceiver",[0m
        [31m        "receiverPathIdentifier": "USDCVaultReceiver",[0m
        [31m        "tag": [[0m
        [31m            "stablecoin"[0m
        [31m        ],[0m
        [31m        "type": "A.f8d6e0586b0a20c7.FiatToken.Vault",[0m
        [31m        "typeIdentifier": "A.f8d6e0586b0a20c7.FiatToken.Vault",[0m
        [31m        "vaultPath": "/storage/USDCVault",[0m
        [31m        "vaultPathIdentifier": "USDCVault"[0m
            }
        }`
        
--- FAIL: TestFTRegistry (0.11s)
FAIL TestFTRegistry (0.11s)
PASS TestGeneratedExperiences/Should_be_able_to_add_season (0.09s)
FAIL .
=== RUN   TestGeneratedExperiences
FAIL TestGeneratedExperiences (-1.00s)
=== RUN   TestGeneratedExperiences/Should_be_able_to_add_mint_token
signal: interrupt
FAIL TestGeneratedExperiences/Should_be_able_to_add_mint_token (-1.00s)

=== Failed
=== FAIL: . TestFIND/Should_be_able_to_register_related_account_and_remove_it (0.16s)
    find_test.go:134: 
        	Error Trace:	/Users/bjartek/go/pkg/mod/github.com/bjartek/overflow/v2@v2.0.0-stable-cadence-beta.17/script.go:194
        	            				/Users/bjartek/dev/find/find_test.go:134
        	Error:      	Received unexpected error:
        	            	Invalid token reference 'accounts'
        	Test:       	TestFIND/Should_be_able_to_register_related_account_and_remove_it
    find_test.go:134: mismatch (-want +got):
        --- want
        +++ got
        @@ -1,5 +1 @@
        -map[string]interface{}{
        -	"address": "0xfd43f9148d4b725d", "name": "dapper", "network": "Flow",
        -	"node":    "FindRelatedAccounts",
        -	"trusted": false,
        -}
        \ No newline at end of file
        +nil
        \ No newline at end of file
        

=== FAIL: . TestFIND/Should_be_able_to_set_private_mode (0.10s)
    find_test.go:173: 
        	Error Trace:	/Users/bjartek/go/pkg/mod/github.com/bjartek/overflow/v2@v2.0.0-stable-cadence-beta.17/script.go:194
        	            				/Users/bjartek/dev/find/find_test.go:173
        	Error:      	Received unexpected error:
        	            	Invalid token reference 'privateMode'
        	Test:       	TestFIND/Should_be_able_to_set_private_mode
    find_test.go:173: mismatch (-want +got):
        --- want
        +++ got
        @@ -1 +1 @@
        -true
        \ No newline at end of file
        +nil
        \ No newline at end of file
        

=== FAIL: . TestFIND/If_a_user_holds_an_invalid_find_name,_get_status_should_not_return_it (0.14s)
    find_test.go:194: 
        	Error Trace:	/Users/bjartek/go/pkg/mod/github.com/bjartek/overflow/v2@v2.0.0-stable-cadence-beta.17/script.go:174
        	            				/Users/bjartek/dev/find/find_test.go:194
        	Error:      	Error "Invalid token reference 'profile'" does not contain "Object has no key 'findName'"
        	Test:       	TestFIND/If_a_user_holds_an_invalid_find_name,_get_status_should_not_return_it
        	Messages:   	output%!(EXTRA string=nil)

=== FAIL: . TestFIND/Should_be_able_to_create_and_edit_the_social_link (0.14s)
    find_test.go:217: 
        	Error Trace:	/Users/bjartek/go/pkg/mod/github.com/bjartek/overflow/v2@v2.0.0-stable-cadence-beta.17/script.go:194
        	            				/Users/bjartek/dev/find/find_test.go:217
        	Error:      	Received unexpected error:
        	            	Invalid token reference 'profile'
        	Test:       	TestFIND/Should_be_able_to_create_and_edit_the_social_link
    find_test.go:217: mismatch (-want +got):
        --- want
        +++ got
        @@ -1 +1 @@
        -map[string]interface{}{"title": "find", "type": "Twitter", "url": "https://twitter.com/findonflow"}
        \ No newline at end of file
        +nil
        \ No newline at end of file
        

=== FAIL: . TestFIND/Should_not_be_able_to_buy_forge_for_less_then_amount (0.00s)
    find_test.go:255: 
        	Error Trace:	/Users/bjartek/go/pkg/mod/github.com/bjartek/overflow/v2@v2.0.0-stable-cadence-beta.17/result.go:167
        	            				/Users/bjartek/dev/find/find_test.go:255
        	Error:      	"extracting arguments: the interaction 'buyAddon' is missing [maxAmount]" does not contain "Expect 50.00000000 FUSD for forge addon"
        	Test:       	TestFIND/Should_not_be_able_to_buy_forge_for_less_then_amount

=== FAIL: . TestFIND/Should_not_be_able_to_buy_unavaialbe_addon (0.00s)
    find_test.go:269: 
        	Error Trace:	/Users/bjartek/go/pkg/mod/github.com/bjartek/overflow/v2@v2.0.0-stable-cadence-beta.17/result.go:167
        	            				/Users/bjartek/dev/find/find_test.go:269
        	Error:      	"extracting arguments: the interaction 'buyAddon' is missing [maxAmount]" does not contain "This addon is not available."
        	Test:       	TestFIND/Should_not_be_able_to_buy_unavaialbe_addon

=== FAIL: . TestFIND/Should_be_able_to_getFindStatus_for_trusted_accounts (0.22s)
[31mscript: getFindStatus: scriptFileName:getFindStatus: [Error Code: 1101] error caused by: 1 error occurred:
	* [Error Code: 1101] cadence runtime error: Execution failed:
error: cannot find type in this scope: `bool`
  --> 5cf33d76fcfec111f161ae33182e4c8ad3155996bff11e008e4085684fe8343c:21:41
   |
21 |     access(all) let isReadyForNameOffer: bool
   |                                          ^^^^ not found in this scope


[0m    find_test.go:462: 
        	Error Trace:	/Users/bjartek/go/pkg/mod/github.com/bjartek/overflow/v2@v2.0.0-stable-cadence-beta.17/script.go:194
        	            				/Users/bjartek/dev/find/find_test.go:462
        	Error:      	Received unexpected error:
        	            	Invalid token reference 'accounts'
        	Test:       	TestFIND/Should_be_able_to_getFindStatus_for_trusted_accounts
    find_test.go:462: mismatch (-want +got):
        --- want
        +++ got
        @@ -1,16 +1 @@
        -`[]interface {}{
        -  map[string]interface {}{
        -    "address": "0xeb179c27144f783c",
        -    "name": "notLink",
        -    "network": "Flow",
        -    "node": "FindRelatedAccounts",
        -    "trusted": false,
        -  },
        -  map[string]interface {}{
        -    "address": "0xfd43f9148d4b725d",
        -    "name": "link",
        -    "network": "Flow",
        -    "node": "FindRelatedAccounts",
        -    "trusted": true,
        -  },
        -}`
        \ No newline at end of file
        +nil
        \ No newline at end of file
        

=== FAIL: . TestFIND (4.06s)
    test_utils.go:224: 
        	Error Trace:	/Users/bjartek/go/pkg/mod/github.com/bjartek/overflow/v2@v2.0.0-stable-cadence-beta.17/result.go:182
        	            				/Users/bjartek/dev/find/test_utils.go:224
        	            				/Users/bjartek/dev/find/find_test.go:259
        	Error:      	Received unexpected error:
        	            	the interaction 'buyAddon' is missing [maxAmount]
        	            	extracting arguments
        	            	github.com/bjartek/overflow/v2.(*OverflowState).parseArguments
        	            		/Users/bjartek/go/pkg/mod/github.com/bjartek/overflow/v2@v2.0.0-stable-cadence-beta.17/state.go:294
        	            	github.com/bjartek/overflow/v2.(*OverflowState).BuildInteraction
        	            		/Users/bjartek/go/pkg/mod/github.com/bjartek/overflow/v2@v2.0.0-stable-cadence-beta.17/state.go:692
        	            	github.com/bjartek/overflow/v2.(*OverflowState).Tx
        	            		/Users/bjartek/go/pkg/mod/github.com/bjartek/overflow/v2@v2.0.0-stable-cadence-beta.17/state.go:557
        	            	github.com/findonflow/find.(*OverflowTestUtils).buyForge
        	            		/Users/bjartek/dev/find/test_utils.go:218
        	            	github.com/findonflow/find.TestFIND.func15
        	            		/Users/bjartek/dev/find/find_test.go:259
        	            	testing.tRunner
        	            		/opt/homebrew/Cellar/go/1.22.5/libexec/src/testing/testing.go:1689
        	            	runtime.goexit
        	            		/opt/homebrew/Cellar/go/1.22.5/libexec/src/runtime/asm_arm64.s:1222
        	Test:       	TestFIND
    test_utils.go:225: 
        	Error Trace:	/Users/bjartek/go/pkg/mod/github.com/bjartek/overflow/v2@v2.0.0-stable-cadence-beta.17/result.go:223
        	            				/Users/bjartek/dev/find/test_utils.go:225
        	            				/Users/bjartek/dev/find/find_test.go:259
        	Error:      	event not found FIND.AddonActivated, overflow.OverflowEvent{
        	            	  Fields: map[string]interface {}{
        	            	    "addon": "forge",
        	            	    "name": "user2",
        	            	  },
        	            	  Addresses: map[string][]string(nil),
        	            	  Id: "",
        	            	  TransactionId: "",
        	            	  Name: "",
        	            	  RawEvent: cadence.Event{
        	            	    EventType: nil,
        	            	  },
        	            	  EventIndex: 0,
        	            	}
        	Test:       	TestFIND
    event.go:336: === Events ===

=== FAIL: . TestFTRegistry/Should_be_able_to_registry_flow_token,_fusd_token_and_get_list_from_it (0.01s)
    testing.go:1576: test executed panic(nil) or runtime.Goexit: subtest may have called FailNow on a parent test

=== FAIL: . TestFTRegistry (0.11s)
    autogold.go:146: mismatch (-want +got):
        [31m-- want[0m
        [32m++ got[0m
        @@ -45,35 +45,5 @@
                "typeIdentifier": "A.179b6b1cb6755e31.FlowUtilityToken.Vault",
                "vaultPath": "/storage/flowUtilityTokenVault",
                "vaultPathIdentifier": "flowUtilityTokenVault"
        [31m    },[0m
        [31m    "A.f8d6e0586b0a20c7.FUSD.Vault": {[0m
        [31m        "alias": "FUSD",[0m
        [31m        "balancePath": "/public/fusdBalance",[0m
        [31m        "balancePathIdentifier": "fusdBalance",[0m
        [31m        "icon": "https://static.flowscan.org/mainnet/icons/A.3c5959b568896393.FUSD.png",[0m
        [31m        "receiverPath": "/public/fusdReceiver",[0m
        [31m        "receiverPathIdentifier": "fusdReceiver",[0m
        [31m        "tag": [[0m
        [31m            "stablecoin"[0m
        [31m        ],[0m
        [31m        "type": "A.f8d6e0586b0a20c7.FUSD.Vault",[0m
        [31m        "typeIdentifier": "A.f8d6e0586b0a20c7.FUSD.Vault",[0m
        [31m        "vaultPath": "/storage/fusdVault",[0m
        [31m        "vaultPathIdentifier": "fusdVault"[0m
        [31m    },[0m
        [31m    "A.f8d6e0586b0a20c7.FiatToken.Vault": {[0m
        [31m        "alias": "USDC",[0m
        [31m        "balancePath": "/public/USDCVaultBalance",[0m
        [31m        "balancePathIdentifier": "USDCVaultBalance",[0m
        [31m        "icon": "https://static.flowscan.org/mainnet/icons/A.b19436aae4d94622.FiatToken.png",[0m
        [31m        "receiverPath": "/public/USDCVaultReceiver",[0m
        [31m        "receiverPathIdentifier": "USDCVaultReceiver",[0m
        [31m        "tag": [[0m
        [31m            "stablecoin"[0m
        [31m        ],[0m
        [31m        "type": "A.f8d6e0586b0a20c7.FiatToken.Vault",[0m
        [31m        "typeIdentifier": "A.f8d6e0586b0a20c7.FiatToken.Vault",[0m
        [31m        "vaultPath": "/storage/USDCVault",[0m
        [31m        "vaultPathIdentifier": "USDCVault"[0m
            }
        }`
        

=== FAIL: . TestGeneratedExperiences (unknown)
--- PASS: TestGeneratedExperiences/Should_be_able_to_add_season (0.09s)
signal: interrupt

=== FAIL: . TestGeneratedExperiences/Should_be_able_to_add_mint_token (unknown)
signal: interrupt

DONE 164 tests, 12 failures in 25.532s
