EMPTY findGo
EMPTY tasks/AirdropNameVoucher
EMPTY tasks/addCatalog
EMPTY tasks/checkDapperTx
EMPTY tasks/client
EMPTY tasks/collectionDataTest
EMPTY tasks/dandy
EMPTY tasks/dapperMarket
EMPTY tasks/event
EMPTY tasks/findDapperMarket
EMPTY tasks/mainnetMarket
EMPTY tasks/mainnetMarketListingEnquiry
EMPTY tasks/nfg
EMPTY tasks/partyMansion
EMPTY tasks/registerGift
EMPTY tasks/testnetMarket
EMPTY tasks/testnetUser
EMPTY utils
PASS TestAuction/Should_list_a_name_for_sale (0.04s)
PASS TestAuction/Should_be_able_list_names_for_sale_and_delist_some (0.29s)
PASS TestAuction/Should_be_able_to_direct_offer_on_name_for_sale (0.09s)
PASS TestAuction/Should_be_able_to_direct_offer_on_name_for_sale_and_fulfill_it (0.14s)
PASS TestAuction/Should_be_able_to_sell_lease_from_auction_buyer_can_fulfill_auction (0.22s)
PASS TestAuction/Should_not_allow_auction_bid_lower_then_the_current_one (0.13s)
PASS TestAuction/Should_not_start_auction_if_bid_lower_then_sale_price (0.09s)
PASS TestAuction/Should_not_accept_direct_offer_bid_less_then_current_one (0.09s)
PASS TestAuction/Should_not_be_able_to_increase_direct_offer_price_less_than_increment (0.09s)
PASS TestAuction/Should_start_auction_if_we_start_out_with_smaller_bid_and_then_increase_it_with_locked_user (0.21s)
PASS TestAuction/Should_not_allow_double_bid_from_same_author (0.13s)
PASS TestAuction/Should_start_auction_if_we_start_out_with_smaller_bid_and_then_increase_it (0.14s)
PASS TestAuction/Should_be_able_to_manually_start_auction_with_lower_bid (0.14s)
PASS TestAuction/Should_be_able_to_cancel_blind_bid (0.19s)
PASS TestAuction/Should_be_able_to_cancel_blind_bid_when_user_locked (0.27s)
PASS TestAuction/Should_not_be_able_to_cancel_bid_when_auction_has_started (0.13s)
PASS TestAuction/Should_return_money_if_outbid (0.14s)
PASS TestAuction/Should_extend_auction_on_late_bid (0.22s)
PASS TestAuction/Should_be_able_to_cancel_unfinished_auction (0.13s)
PASS TestAuction/Should_not_be_able_to_bid_on_lease_that_is_free,_and_not_cleaned_up (0.41s)
PASS TestAuction/Should_be_able_to_cancel_finished_auction_that_did_not_meet_reserve_price (0.30s)
PASS TestAuction/Should_not_be_able_to_cancel_finished_auction (0.34s)
PASS TestAuction/Should_not_be_able_to_direct_offer_on_your_own_name (0.04s)
PASS TestAuction/Should_cancel_previous_bid_if_put_for_auction (0.09s)
PASS TestAuction/Should_register_previousBuyer_if_direct_offer_outbid (0.09s)
PASS TestAuction (4.19s)
PASS TestCollectionScripts/Should_be_able_to_get_dandies_by_script (0.13s)
PASS TestCollectionScripts (0.13s)
PASS TestDandy/Should_be_able_to_mint_3_dandy_nfts_and_display_them (0.12s)
PASS TestDandy/Should_be_able_to_return_the_correct_minter_and_dandies_list (0.19s)
PASS TestDandy (0.32s)
PASS TestEntitlments/Should_not_be_able_to_change_the_name_of_another_user (0.03s)
PASS TestEntitlments (0.03s)
PASS TestFindAirdropper/Should_be_able_to_send_Airdrop (0.09s)
PASS TestFindAirdropper/Should_be_able_to_send_packs_thru_airdropper_with_struct (0.09s)
PASS TestFindAirdropper/Should_not_be_able_to_send_Airdrop_without_collection,_good_events_will_be_emitted (0.08s)
PASS TestFindAirdropper/Should_be_able_to_get_Airdrop_details_with_a_script (0.15s)
PASS TestFindAirdropper/Should_be_able_to_send_Airdrop_with_sending_funds_to_royalty_holders (0.09s)
PASS TestFindAirdropper/Should_be_able_to_send_Airdrop_and_donate_funds_to_FIND! (0.08s)
PASS TestFindAirdropper (0.59s)
PASS TestFINDDapper/Should_get_expected_output_for_register_script (0.03s)
PASS TestFINDDapper/Should_get_error_if_you_try_to_register_a_name_that_is_too_short (0.04s)
PASS TestFINDDapper/Should_get_error_if_you_try_to_register_a_name_that_is_already_claimed (0.04s)
PASS TestFINDDapper/Should_be_able_to_send_lease_to_another_name (0.04s)
PASS TestFINDDapper (0.16s)
PASS TestFindFurnace/Should_be_able_to_burn_Dandy (0.08s)
PASS TestFindFurnace (0.08s)
PASS TestFindLostAndFound/Should_be_able_to_send_thru_sendNFT_transaction_without_initialized_collection (0.08s)
PASS TestFindLostAndFound/Should_be_able_to_get_all_Lost_And_Found_NFT_with_script (0.12s)
PASS TestFindLostAndFound/Should_not_be_able_to_redeem_NFT_on_behalf_of_without_suitable_collection._But_tx_will_still_run_thru_and_events_will_be_emitted (0.15s)
PASS TestFindLostAndFound/Should_be_able_to_send_thru_sendNFT_transaction_with_account_initiated (0.08s)
PASS TestFindLostAndFound (0.44s)
PASS TestFindPack/Should_be_able_to_buy_pack (0.07s)
PASS TestFindPack/Should_be_able_to_buy_pack_and_open_pack (0.13s)
PASS TestFindPack/Should_be_able_to_buy,__open_and_fulfill (0.22s)
PASS TestFindPack/Should_be_able_to_buy,__open_and_fulfill_with_no_collection_setup (0.22s)
PASS TestFindPack/Should_get_transferred_to_DLQ_if_try_to_open_with_wrong_salt (0.22s)
PASS TestFindPack/Should_not_be_able_to_buy_pack_before_drop_is_open (0.33s)
PASS TestFindPack/Should_not_be_able_to_open_pack_before_drop_is_available (0.46s)
PASS TestFindPack/Should_be_able_to_buy_nft_if_the_user_has_the_float_and_with_a_whitelist. (0.38s)
PASS TestFindPack (2.04s)
PASS TestRelatedAccounts/Should_be_able_to_get_identifier (0.03s)
PASS TestRelatedAccounts/Should_be_able_to_get_Related_wallet_in_network (0.03s)
PASS TestRelatedAccounts/Should_be_able_to_get_Related_wallet_in_Flow (0.08s)
PASS TestRelatedAccounts/Should_be_able_to_get_all_Related_wallet_in_network (0.20s)
PASS TestRelatedAccounts/Should_be_able_to_update_wallet (0.06s)
PASS TestRelatedAccounts (0.39s)
PASS TestFindStruct/Should_be_able_to_pass_in_Royalty_Struct (0.06s)
PASS TestFindStruct/Should_be_able_to_pass_in_Verifier_Struct (0.05s)
PASS TestFindStruct/Should_be_able_to_pass_in_PackRegisterSaleInfo_Struct (0.06s)
PASS TestFindStruct/Should_be_able_to_pass_in_PackRegisterInfo_Struct (0.06s)
PASS TestFindStruct (0.23s)
PASS TestFIND/Should_get_error_if_you_try_to_register_a_name_and_dont_have_enough_money (0.04s)
PASS TestFIND/Should_get_error_if_you_try_to_register_a_name_that_is_too_short (0.04s)
PASS TestFIND/Should_get_error_if_you_try_to_register_a_name_that_is_already_claimed (0.04s)
PASS TestFIND/Should_allow_registering_a_lease_after_it_is_freed (0.21s)
PASS TestFIND/Should_be_able_to_lookup_address (0.03s)
PASS TestFIND/Should_not_be_able_to_lookup_lease_after_expired (0.20s)
PASS TestFIND/Admin_should_be_able_to_register_without_paying_FUSD (0.09s)
PASS TestFIND/Should_automatically_set_Find_name_to_empty_if_sender_have_none (0.02s)
PASS TestFIND/Should_automatically_set_Find_Name_if_sender_have_one (0.08s)
PASS TestFIND/Should_be_able_to_register_related_account_and_remove_it (0.15s)
PASS TestFIND/Should_be_able_to_set_private_mode (0.13s)
PASS TestFIND/If_a_user_holds_an_invalid_find_name,_get_status_should_not_return_it (0.08s)
PASS TestFIND/Should_be_able_to_create_and_edit_the_social_link (0.17s)
PASS TestFIND/Should_not_be_able_to_buy_forge_for_less_then_amount (0.05s)
PASS TestFIND/Should_be_able_to_buy_addons_that_are_on_Network (0.04s)
PASS TestFIND/Should_not_be_able_to_buy_unavaialbe_addon (0.05s)
PASS TestFIND/Should_be_able_to_fund_users_without_profile (0.05s)
PASS TestFIND/Should_be_able_to_fund_users_with_profile_but_without_find_name (0.05s)
PASS TestFIND/Should_be_able_to_resolve_find_name_with_.find (0.03s)
PASS TestFIND/Should_panic_if_user_pass_in_invalid_character_'.' (0.04s)
PASS TestFIND/Should_be_able_to_getFindStatus_of_an_FREE_lease (0.05s)
PASS TestFIND/Should_be_able_to_getFindStatus_of_an_TAKEN_lease (0.11s)
PASS TestFIND/Should_be_able_to_getFindStatus_of_an_LOCKED_lease (0.16s)
PASS TestFIND/Should_be_able_to_register_related_account_and_mutually_link_it_for_trust (0.22s)
PASS TestFIND/Should_be_able_to_getFindStatus_for_trusted_accounts (0.17s)
PASS TestFIND/Should_be_able_to_follow_someone (0.04s)
PASS TestFIND/Should_be_able_to_unfollow_someone (0.05s)
PASS TestFIND/Should_not_be_able_to_move_old_leases (0.28s)
PASS TestFIND/Should_not_be_able_to_get_old_leases_information (0.27s)
PASS TestFIND/Should_not_be_able_to_get_old_leases (0.28s)
PASS TestFIND/Should_be_able_to_get_old_leases_in_getInvalidatedLeases (0.29s)
PASS TestFIND/Should_not_be_able_to_list_old_leases_for_sale (0.29s)
PASS TestFIND/Should_be_able_to_list_lease_for_auction (0.04s)
PASS TestFIND/Should_not_be_able_to_list_old_lease_for_auction (0.28s)
PASS TestFIND/Should_be_able_to_delist_old_leases_for_sale (0.33s)
PASS TestFIND/Should_be_able_to_delist_old_leases_for_auction (0.32s)
PASS TestFIND/Should_be_able_to_cleanup_invalid_leases (0.33s)
PASS TestFIND/Should_be_able_to_register_a_name_with_usdc (0.05s)
PASS TestFIND (5.21s)
PASS TestFindThought/Should_be_able_to_post_a_thought (0.19s)
PASS TestFindThought/Should_be_able_to_edit_a_thought (0.13s)
PASS TestFindThought/Should_be_able_to_react_to_a_thought (0.12s)
PASS TestFindThought/Should_be_able_to_get_a_list_of_different_thoguhts_by_a_script_with_reacted_list (0.36s)
PASS TestFindThought/Should_be_able_to_undo_reaction_to_a_thought (0.20s)
PASS TestFindThought/Should_be_able_to_delete_a_thought (0.13s)
PASS TestFindThought/Should_be_able_to_post_a_thought_with_NFT (0.29s)
PASS TestFindThought/Should_be_able_to_post_a_thought_with_quote (0.26s)
PASS TestFindThought/Should_be_able_to_hide_thoughts (0.26s)
PASS TestFindThought (1.95s)
PASS TestFindUtils/containsChar_should_return_false_if_string_does_not_contain (0.00s)
PASS TestFindUtils/containsChar_should_return_true_if_string_contains (0.00s)
PASS TestFindUtils/contains_should_be_able_to_check_contains (0.01s)
PASS TestFindUtils/contains_should_return_false_if_string_does_not_contain (0.00s)
PASS TestFindUtils/contains_should_return_true_if_string_partially_contains (0.00s)
PASS TestFindUtils/contains_should_return_false_if_element_is_longer_than_string (0.00s)
PASS TestFindUtils/contains_should_return_true_if_element_is_empty_string (0.01s)
PASS TestFindUtils/contains_should_return_false_if_string_is_empty_string (0.00s)
PASS TestFindUtils/hasSuffix_should_return_true_if_suffix_is_valid (0.00s)
PASS TestFindUtils/hasSuffix_should_return_false_if_suffix_is_not_valid (0.00s)
PASS TestFindUtils/hasSuffix_should_return_true_if_entire_string_is_passed_in (0.00s)
PASS TestFindUtils/hasSuffix_should_return_true_if_empty_string_is_passed_in (0.00s)
PASS TestFindUtils/hasSuffix_should_return_false_if_suffix_is_longer_than_string (0.01s)
PASS TestFindUtils/hasPrefix_should_return_true_if_prefix_is_valid (0.00s)
PASS TestFindUtils/hasPrefix_should_return_false_if_prefix_is_not_valid (0.00s)
PASS TestFindUtils/hasPrefix_should_return_true_if_entire_string_is_passed_in (0.00s)
PASS TestFindUtils/hasPrefix_should_return_true_if_empty_string_is_passed_in (0.00s)
PASS TestFindUtils/hasPrefix_should_return_false_if_prefix_is_longer_than_string (0.00s)
PASS TestFindUtils/hasPrefix_should_return_false_if_prefix_is_longer_than_string#01 (0.00s)
PASS TestFindUtils/toUpper_should_return_upper_cases (0.00s)
PASS TestFindUtils/toUpper_should_return_upper_cases_if_they_are_already_upper_cases (0.00s)
PASS TestFindUtils/firstUpperLetter_should_return_upper_case_for_first_letter (0.00s)
PASS TestFindUtils/firstUpperLetter_should_returns_same_if_first_letter_is_already_upper_case (0.00s)
PASS TestFindUtils/firstUpperLetter_should_returns_same_if_first_letter_is_not_alphabet (0.00s)
PASS TestFindUtils/to_snake_case_should_returns_snake_case_CamelCase (0.00s)
PASS TestFindUtils/to_snake_case_should_returns_snake_case_Camel_Case (0.00s)
PASS TestFindUtils/to_snake_case_should_returns_snake_case_Camel_case (0.00s)
PASS TestFindUtils/toCamelCase_should_returns_camel_case_Camel_case (0.00s)
PASS TestFindUtils/toCamelCase_should_returns_camel_case_Camel_Case (0.00s)
PASS TestFindUtils/toCamelCase_should_returns_camel_case_Camel_case#01 (0.00s)
PASS TestFindUtils/toCamelCase_should_returns_camel_case_Camel_Case#01 (0.00s)
PASS TestFindUtils/trimSuffix_should_trim_bam.find (0.00s)
PASS TestFindUtils/trimSuffix_should_not_trim_christian.fine (0.00s)
PASS TestFindUtils/trimSuffix_should_not_trim_bam (0.00s)
PASS TestFindUtils/trimFindSuffix_should_trim_bam.find (0.03s)
PASS TestFindUtils/trimFindSuffix_should_return_bam (0.03s)
PASS TestFindUtils/splitString_should_split_Hello_World_And_All (0.00s)
PASS TestFindUtils/splitString_should_split_Hello_World.And_All (0.00s)
PASS TestFindUtils/splitString_should_not_split_Hello.World.And.All (0.00s)
PASS TestFindUtils/splitString_should_not_split_HelloWorldAndAll (0.00s)
PASS TestFindUtils/joinMapToString_should_join_the_map_and_return_as_expected (0.00s)
PASS TestFindUtils/devJoinString_should_join_the_string_with_sep_and_return_as_expected (0.00s)
PASS TestFindUtils/deDupTypeArray_should_dedup_duplicated_as_expected (0.04s)
PASS TestFindUtils (0.22s)
PASS TestFindVerifier/Should_return_false_if_user_have_no_float (0.07s)
PASS TestFindVerifier/Should_panic_if_no_float_is_specified (0.03s)
PASS TestFindVerifier/Should_return_true_if_user_has_one_of_the_float (0.10s)
PASS TestFindVerifier/Should_return_false_if_user_doesn't_have_float_contained (0.13s)
PASS TestFindVerifier/Should_return_true_if_user_has_all_of_the_float (0.16s)
PASS TestFindVerifier/Should_return_false_if_user_doesn't_have_all_float_contained (0.16s)
PASS TestFindVerifier/Should_panic_if_no_float_is_specified#01 (0.03s)
PASS TestFindVerifier/Should_return_true_if_user_is_in_whiteLabel (0.03s)
PASS TestFindVerifier/Should_return_true_if_user_is_not_in_whiteLabel (0.03s)
PASS TestFindVerifier/Should_panic_if_no_one_is_not_in_whiteLabel (0.03s)
PASS TestFindVerifier/Should_return_true_if_user_has_the_find_name (0.03s)
PASS TestFindVerifier/Should_return_false_if_user_does_not_have_the_find_name (0.03s)
PASS TestFindVerifier/Should_panic_if_no_find_name_is_specified (0.03s)
PASS TestFindVerifier/Should_return_false_if_user_has_no_lease_collection (0.04s)
PASS TestFindVerifier/Should_return_true_if_user_has_no_of_NFTs_equal_to_threshold (0.05s)
PASS TestFindVerifier/Should_return_true_if_user_has_no_of_NFTs_more_than_threshold (0.07s)
PASS TestFindVerifier/Should_return_false_if_user_has_no_of_NFTs_less_than_threshold (0.04s)
PASS TestFindVerifier/Should_panic_if_0_threshold_is_specified (0.03s)
PASS TestFindVerifier/Should_return_false_if_user_has_no_collection (0.03s)
PASS TestFindVerifier/Should_return_true_if_user_has_nft_with_specified_rarity (0.04s)
PASS TestFindVerifier/Should_return_false_if_user_does_not_have_nft_with_specified_rarity (0.04s)
PASS TestFindVerifier/Should_panic_if_no_rarity_is_specified (0.03s)
PASS TestFindVerifier/Should_return_false_if_user_has_no_collection_specified_for_rarity (0.03s)
PASS TestFindVerifier (1.28s)
PASS TestFTRegistry/Should_be_able_to_registry_flow_token_and_get_it (0.01s)
PASS TestFTRegistry/Should_not_be_able_to_overrride_a_ft_without_removing_it_first (0.08s)
PASS TestFTRegistry/Should_be_able_to_registry_flow_token,_fusd_token_and_get_list_from_it (0.01s)
PASS TestFTRegistry/Should_be_able_to_registry_usdc_token_and_get_it (0.00s)
PASS TestFTRegistry/Should_be_able_to_send_usdc_to_another_name (0.05s)
PASS TestFTRegistry/Should_be_able_to_send_fusd_to_another_name (0.05s)
PASS TestFTRegistry/Should_be_able_to_send_flow_to_another_name (0.05s)
PASS TestFTRegistry/Should_be_able_to_registry_and_remove_them (0.17s)
PASS TestFTRegistry (0.43s)
PASS TestGeneratedExperiences/Should_be_able_to_add_season (0.11s)
PASS TestGeneratedExperiences/Should_be_able_to_add_mint_token (0.57s)
PASS TestGeneratedExperiences (0.68s)
PASS TestLeaseMarketAuctionSoft/Should_not_be_able_to_list_an_item_for_auction_twice,_and_will_give_error_message. (0.20s)
PASS TestLeaseMarketAuctionSoft/Should_be_able_to_sell_at_auction (0.42s)
PASS TestLeaseMarketAuctionSoft/Should_be_able_to_cancel_listing_if_the_pointer_is_no_longer_valid (0.44s)
PASS TestLeaseMarketAuctionSoft/Should_not_be_able_to_list_with_price_0 (0.06s)
PASS TestLeaseMarketAuctionSoft/Should_not_be_able_to_list_with_invalid_reserve_price (0.07s)
PASS TestLeaseMarketAuctionSoft/Should_not_be_able_to_list_with_invalid_time (0.06s)
PASS TestLeaseMarketAuctionSoft/Should_be_able_to_add_bid_at_auction (0.48s)
PASS TestLeaseMarketAuctionSoft/Should_not_be_able_to_bid_expired_auction_listing (0.28s)
PASS TestLeaseMarketAuctionSoft/Should_not_be_able_to_bid_your_own_listing (0.25s)
PASS TestLeaseMarketAuctionSoft/Should_be_able_to_cancel_an_auction (0.19s)
PASS TestLeaseMarketAuctionSoft/Should_not_be_able_to_cancel_an_ended_auction (0.47s)
PASS TestLeaseMarketAuctionSoft/Cannot_fulfill_a_not_yet_ended_auction (0.34s)
PASS TestLeaseMarketAuctionSoft/Should_allow_seller_to_cancel_auction_if_it_failed_to_meet_reserve_price (0.40s)
PASS TestLeaseMarketAuctionSoft/Should_be_able_to_bid_and_increase_bid_by_same_user (0.32s)
PASS TestLeaseMarketAuctionSoft/Should_not_be_able_to_list_after_deprecated (0.11s)
PASS TestLeaseMarketAuctionSoft/Should_not_be_able_to_bid_below_listing_price (0.20s)
PASS TestLeaseMarketAuctionSoft/Royalties_should_be_sent_to_correspondence_upon_fulfill_action (0.35s)
PASS TestLeaseMarketAuctionSoft/Should_emit_previous_bidder_if_outbid (0.32s)
PASS TestLeaseMarketAuctionSoft/Should_be_able_to_list_an_NFT_for_auction_and_bid_it_with_DUC (0.48s)
PASS TestLeaseMarketAuctionSoft (5.49s)
PASS TestLeaseMarketDirectOfferSoft/Should_be_able_to_add_direct_offer_and_then_sell (0.33s)
PASS TestLeaseMarketDirectOfferSoft/Should_not_be_able_to_offer_with_price_0 (0.06s)
PASS TestLeaseMarketDirectOfferSoft/Should_not_be_able_to_offer_with_invalid_time (0.06s)
PASS TestLeaseMarketDirectOfferSoft/Should_be_able_to_reject_offer_if_the_pointer_is_no_longer_valid (0.24s)
PASS TestLeaseMarketDirectOfferSoft/Should_be_able_to_retract_offer_if_the_pointer_is_no_longer_valid (0.24s)
PASS TestLeaseMarketDirectOfferSoft/Should_be_able_to_increase_offer (0.25s)
PASS TestLeaseMarketDirectOfferSoft/Should_be_able_to_reject_offer (0.20s)
PASS TestLeaseMarketDirectOfferSoft/Should_be_able_to_retract_offer (0.19s)
PASS TestLeaseMarketDirectOfferSoft/Should_not_be_able_to_offer_your_own_NFT (0.06s)
PASS TestLeaseMarketDirectOfferSoft/Should_not_be_able_to_accept_expired_offer (0.27s)
PASS TestLeaseMarketDirectOfferSoft/Should_not_be_able_to_add_direct_offer_when_deprecated (0.11s)
PASS TestLeaseMarketDirectOfferSoft/Should_not_be_able_to_increase_bid_but_able_to_fulfill_offer_when_deprecated (0.43s)
PASS TestLeaseMarketDirectOfferSoft/Should_be_able_to_reject_offer_when_deprecated (0.24s)
PASS TestLeaseMarketDirectOfferSoft/Should_not_be_able_to_add_direct_offer_after_stopped (0.11s)
PASS TestLeaseMarketDirectOfferSoft/Should_not_be_able_to_increase_bid_nor_accept_offer_after_stopped (0.30s)
PASS TestLeaseMarketDirectOfferSoft/Should_not_be_able_to_fulfill_offer_after_stopped (0.35s)
PASS TestLeaseMarketDirectOfferSoft/Should_not_be_able_to_reject_offer_after_stopped (0.23s)
PASS TestLeaseMarketDirectOfferSoft/Should_be_able_to_direct_offer,_increase_offer_and_fulfill_offer_after_enabled (0.45s)
PASS TestLeaseMarketDirectOfferSoft/Should_be_able_to_reject_offer_after_enabled (0.27s)
PASS TestLeaseMarketDirectOfferSoft/Should_not_be_able_to_make_offer_by_user3_when_deprecated_or_stopped (0.35s)
PASS TestLeaseMarketDirectOfferSoft/Should_be_able_to_retract_offer_when_deprecated_,_but_not_when_stopped (0.34s)
PASS TestLeaseMarketDirectOfferSoft/Royalties_should_be_sent_to_correspondence_upon_accept_offer_action (0.27s)
PASS TestLeaseMarketDirectOfferSoft/Should_be_able_to_ban_user,_user_is_only_allowed_to_cancel_listing. (0.44s)
PASS TestLeaseMarketDirectOfferSoft/Should_be_able_to_ban_user,_user_can_only_retract_offer (0.74s)
PASS TestLeaseMarketDirectOfferSoft/Should_return_money_when_outbid (0.20s)
PASS TestLeaseMarketDirectOfferSoft/Should_be_able_to_list_an_NFT_for_sale_and_buy_it_with_DUC (0.39s)
PASS TestLeaseMarketDirectOfferSoft (7.16s)
PASS TestLeaseMarketSale/Should_be_able_to_list_a_lease_for_sale_and_buy_it (0.21s)
PASS TestLeaseMarketSale/Should_not_be_able_to_list_with_price_$0 (0.07s)
PASS TestLeaseMarketSale/Should_not_be_able_to_list_with_invalid_time (0.07s)
PASS TestLeaseMarketSale/Should_be_able_to_cancel_listing_if_the_pointer_is_no_longer_valid (0.18s)
PASS TestLeaseMarketSale/Should_be_able_to_change_price_of_lease (0.19s)
PASS TestLeaseMarketSale/Should_not_be_able_to_buy_your_own_listing (0.13s)
PASS TestLeaseMarketSale/Should_not_be_able_to_buy_expired_listing (0.22s)
PASS TestLeaseMarketSale/Should_be_able_to_cancel_sale (0.19s)
PASS TestLeaseMarketSale/Should_not_be_able_to_buy_if_too_low_price (0.13s)
PASS TestLeaseMarketSale/Royalties_should_be_sent_to_correspondence_upon_buy_action (0.14s)
PASS TestLeaseMarketSale/Royalties_should_be_sent_to_correspondence_upon_buy_action,_if_royalty_is_higher_than_0.44 (0.14s)
PASS TestLeaseMarketSale/Should_be_able_to_ban_user,_user_is_only_allowed_to_cancel_listing. (0.25s)
PASS TestLeaseMarketSale (1.93s)
PASS TestMarketAuctionEscrow/Should_be_able_to_sell_at_auction (0.46s)
PASS TestMarketAuctionEscrow/Should_not_be_able_to_list_an_item_for_auction_twice,_and_will_give_error_message. (0.24s)
PASS TestMarketAuctionEscrow/Should_be_able_to_cancel_listing_if_the_pointer_is_no_longer_valid (0.36s)
PASS TestMarketAuctionEscrow/Should_not_be_able_to_list_with_price_0 (0.07s)
PASS TestMarketAuctionEscrow/Should_not_be_able_to_list_with_invalid_reserve_price (0.10s)
PASS TestMarketAuctionEscrow/Should_not_be_able_to_list_with_invalid_time (0.08s)
PASS TestMarketAuctionEscrow/Should_be_able_to_sell_at_auction,_buyer_fulfill (0.43s)
PASS TestMarketAuctionEscrow/Should_not_be_able_to_bid_expired_auction_listing (0.30s)
PASS TestMarketAuctionEscrow/Should_not_be_able_to_bid_your_own_listing (0.21s)
PASS TestMarketAuctionEscrow/Should_return_funds_if_auction_does_not_meet_reserve_price (0.42s)
PASS TestMarketAuctionEscrow/Should_be_able_to_cancel_the_auction (0.20s)
PASS TestMarketAuctionEscrow/Should_not_be_able_to_cancel_the_auction_if_it_is_ended (0.49s)
PASS TestMarketAuctionEscrow/Should_not_be_able_to_fulfill_a_not_yet_live_/_ended_auction (0.42s)
PASS TestMarketAuctionEscrow/Should_return_funds_if_auction_is_cancelled (0.42s)
PASS TestMarketAuctionEscrow/Should_be_able_to_bid_and_increase_bid_by_same_user (0.40s)
PASS TestMarketAuctionEscrow/Should_not_be_able_to_add_bid_that_is_not_above_minimumBidIncrement (0.34s)
PASS TestMarketAuctionEscrow/Should_not_be_able_to_list_after_deprecated (0.12s)
PASS TestMarketAuctionEscrow/Should_be_able_to_bid,_add_bid_,_fulfill_auction_and_delist_after_deprecated (0.74s)
PASS TestMarketAuctionEscrow/Should_no_be_able_to_list,_bid,_add_bid_,_fulfill_auction_after_stopped (0.89s)
PASS TestMarketAuctionEscrow/Should_not_be_able_to_bid_below_listing_price (0.21s)
PASS TestMarketAuctionEscrow/Should_not_be_able_to_bid_less_the_previous_bidder (0.28s)
PASS TestMarketAuctionEscrow/Royalties_should_be_sent_to_correspondence_upon_fulfill_action (0.36s)
PASS TestMarketAuctionEscrow/Royalties_of_find_platform_should_be_able_to_change (0.43s)
PASS TestMarketAuctionEscrow/Should_be_able_to_ban_user,_user_is_only_allowed_to_cancel_listing. (0.75s)
PASS TestMarketAuctionEscrow/Should_emit_previous_bidder_if_outbid (0.23s)
PASS TestMarketAuctionEscrow/Should_be_able_to_list_a_timed_auction_with_future_start_time (0.08s)
PASS TestMarketAuctionEscrow/Should_be_able_to_list_a_timed_auction_with_current_start_time (0.08s)
PASS TestMarketAuctionEscrow/Should_be_able_to_list_a_timed_auction_with_previous_start_time (0.08s)
PASS TestMarketAuctionEscrow/Should_be_able_to_bid_a_timed_auction_that_is_started (0.15s)
PASS TestMarketAuctionEscrow/Should_not_be_able_to_bid_a_timed_auction_that_is_not_yet_started (0.15s)
PASS TestMarketAuctionEscrow/Should_be_able_to_sell_and_buy_at_auction_even_the_buyer_didn't_link_receiver_correctly (0.44s)
PASS TestMarketAuctionEscrow (9.99s)
PASS TestMarketAuctionSoft/Should_be_able_to_sell_at_auction (0.41s)
PASS TestMarketAuctionSoft/Should_not_be_able_to_list_an_item_for_auction_twice,_and_will_give_error_message. (0.21s)
PASS TestMarketAuctionSoft/Should_be_able_to_sell_and_buy_at_auction_even_buyer_is_without_the_collection. (0.46s)
=== RUN   TestMarketAuctionSoft/Should_be_able_to_cancel_listing_if_the_pointer_is_no_longer_valid
    market_auction_soft_test.go:88: 
        	Error Trace:	/Users/bjartek/go/pkg/mod/github.com/bjartek/overflow@v1.14.1-0.20240201172206-df28bd63430b/result.go:201
        	            				/Users/bjartek/dev/find/market_auction_soft_test.go:88
        	Error:      	transaction cancelMarketAuctionSoft missing event A.179b6b1cb6755e31.FindMarketAuctionSoft.EnglishAuction with fields map[string]interface {}{
        	            	  "amount": 15.0,
        	            	  "buyer": "0xe2f72218abeec2b9",
        	            	  "id": 9943947977234055170,
        	            	  "seller": "0x0f7025fa05b578e3",
        	            	  "status": "cancel_ghostlisting",
        	            	}
        	Test:       	TestMarketAuctionSoft/Should_be_able_to_cancel_listing_if_the_pointer_is_no_longer_valid
    event.go:321: === Events ===
    market_auction_soft_test.go:88: A.179b6b1cb6755e31.FindMarketAuctionSoft.EnglishAuction
    market_auction_soft_test.go:88:   amount -> 10
    market_auction_soft_test.go:88:   status -> cancel_ghostlisting
    market_auction_soft_test.go:88:       id -> 9943947977234055170
    market_auction_soft_test.go:88:   seller -> 0x0f7025fa05b578e3
--- FAIL: TestMarketAuctionSoft/Should_be_able_to_cancel_listing_if_the_pointer_is_no_longer_valid (0.47s)
FAIL TestMarketAuctionSoft/Should_be_able_to_cancel_listing_if_the_pointer_is_no_longer_valid (0.47s)
PASS TestMarketAuctionSoft/Should_not_be_able_to_list_with_price_0 (0.08s)
PASS TestMarketAuctionSoft/Should_not_be_able_to_list_with_invalid_reserve_price (0.08s)
PASS TestMarketAuctionSoft/Should_not_be_able_to_list_with_invalid_time (0.18s)
PASS TestMarketAuctionSoft/Should_be_able_to_add_bid_at_auction (0.49s)
=== RUN   TestMarketAuctionSoft/Should_not_be_able_to_bid_expired_auction_listing
    market_auction_soft_test.go:137: 
        	Error Trace:	/Users/bjartek/go/pkg/mod/github.com/bjartek/overflow@v1.14.1-0.20240201172206-df28bd63430b/result.go:152
        	            				/Users/bjartek/dev/find/market_auction_soft_test.go:137
        	Error:      	"transaction=./transactions/bidMarketAuctionSoftDapper.cdc: execution error code 1: [Error Code: 1101] error caused by: 1 error occurred:\n\t* transaction execute failed: [Error Code: 1101] cadence runtime error: Execution failed:\n  --> 2225ebab84ed11a8f38d1c501946c7d33917c09fc43cf900625f473aa295fc93:79:16\n   |\n79 | \t\tself.pointer= FindViews.createViewReadPointer(address: address, path:nft.publicPath, id: item.getItemID())\n   | \t\t              ^^^^^^^^^^^^^^^^^^^^^^^^^^^^^^^^^^^^^^^^^^^^^^^^^^^^^^^^^^^^^^^^^^^^^^^^^^^^^^^^^^^^^^^^^^^^\n\nerror: unexpectedly found nil while forcing an Optional value\n   --> 179b6b1cb6755e31.FindViews:351:17\n    |\n351 |         let cap=\tgetAccount(address).capabilities.get<&{ViewResolver.ResolverCollection}>(path)!\n    |                 \t^^^^^^^^^^^^^^^^^^^^^^^^^^^^^^^^^^^^^^^^^^^^^^^^^^^^^^^^^^^^^^^^^^^^^^^^^^^^^^^\n\n\n" does not contain "This auction listing is already expired"
        	Test:       	TestMarketAuctionSoft/Should_not_be_able_to_bid_expired_auction_listing
--- FAIL: TestMarketAuctionSoft/Should_not_be_able_to_bid_expired_auction_listing (0.29s)
FAIL TestMarketAuctionSoft/Should_not_be_able_to_bid_expired_auction_listing (0.29s)
=== RUN   TestMarketAuctionSoft/Should_not_be_able_to_bid_your_own_listing
    market_auction_soft_test.go:144: 
        	Error Trace:	/Users/bjartek/go/pkg/mod/github.com/bjartek/overflow@v1.14.1-0.20240201172206-df28bd63430b/result.go:152
        	            				/Users/bjartek/dev/find/market_auction_soft_test.go:144
        	Error:      	"transaction=./transactions/bidMarketAuctionSoftDapper.cdc: execution error code 1: [Error Code: 1101] error caused by: 1 error occurred:\n\t* transaction execute failed: [Error Code: 1101] cadence runtime error: Execution failed:\n  --> c5dd71a5eeb76e454e3871412e38b63694cd058ba0d8a7bd07986618f873d1e2:79:16\n   |\n79 | \t\tself.pointer= FindViews.createViewReadPointer(address: address, path:nft.publicPath, id: item.getItemID())\n   | \t\t              ^^^^^^^^^^^^^^^^^^^^^^^^^^^^^^^^^^^^^^^^^^^^^^^^^^^^^^^^^^^^^^^^^^^^^^^^^^^^^^^^^^^^^^^^^^^^\n\nerror: unexpectedly found nil while forcing an Optional value\n   --> 179b6b1cb6755e31.FindViews:351:17\n    |\n351 |         let cap=\tgetAccount(address).capabilities.get<&{ViewResolver.ResolverCollection}>(path)!\n    |                 \t^^^^^^^^^^^^^^^^^^^^^^^^^^^^^^^^^^^^^^^^^^^^^^^^^^^^^^^^^^^^^^^^^^^^^^^^^^^^^^^\n\n\n" does not contain "You cannot bid on your own resource"
        	Test:       	TestMarketAuctionSoft/Should_not_be_able_to_bid_your_own_listing
--- FAIL: TestMarketAuctionSoft/Should_not_be_able_to_bid_your_own_listing (0.21s)
FAIL TestMarketAuctionSoft/Should_not_be_able_to_bid_your_own_listing (0.21s)
PASS TestMarketAuctionSoft/Should_be_able_to_cancel_an_auction (0.20s)
=== RUN   TestMarketAuctionSoft/Should_not_be_able_to_cancel_an_ended_auction
    market_auction_soft_test.go:179: 
        	Error Trace:	/Users/bjartek/go/pkg/mod/github.com/bjartek/overflow@v1.14.1-0.20240201172206-df28bd63430b/result.go:150
        	            				/Users/bjartek/dev/find/market_auction_soft_test.go:179
        	Error:      	An error is expected but got nil.
        	Test:       	TestMarketAuctionSoft/Should_not_be_able_to_cancel_an_ended_auction
--- FAIL: TestMarketAuctionSoft/Should_not_be_able_to_cancel_an_ended_auction (0.47s)
FAIL TestMarketAuctionSoft/Should_not_be_able_to_cancel_an_ended_auction (0.47s)
=== RUN   TestMarketAuctionSoft/Cannot_fulfill_a_not_yet_ended_auction
    market_auction_soft_test.go:192: 
        	Error Trace:	/Users/bjartek/go/pkg/mod/github.com/bjartek/overflow@v1.14.1-0.20240201172206-df28bd63430b/result.go:152
        	            				/Users/bjartek/dev/find/market_auction_soft_test.go:192
        	Error:      	"transaction=./transactions/fulfillMarketAuctionSoftDapper.cdc: execution error code 1: [Error Code: 1101] error caused by: 1 error occurred:\n\t* transaction execute failed: [Error Code: 1101] cadence runtime error: Execution failed:\nerror: panic: This account does not have a bid collection\n  --> 1e6ff4498e3b58a0995b7cba87929f2516cd497faf4218c8d03942c3f2da6e49:19:117\n   |\n19 |         self.bidsReference= account.storage.borrow<&FindMarketAuctionSoft.MarketBidCollection>(from: storagePath) ?? panic(\"This account does not have a bid collection\")\n   |                                                                                                                      ^^^^^^^^^^^^^^^^^^^^^^^^^^^^^^^^^^^^^^^^^^^^^^^^^^^^\n\n\n" does not contain "Auction has not ended yet"
        	Test:       	TestMarketAuctionSoft/Cannot_fulfill_a_not_yet_ended_auction
--- FAIL: TestMarketAuctionSoft/Cannot_fulfill_a_not_yet_ended_auction (0.35s)
FAIL TestMarketAuctionSoft/Cannot_fulfill_a_not_yet_ended_auction (0.35s)
=== RUN   TestMarketAuctionSoft/Should_allow_seller_to_cancel_auction_if_it_failed_to_meet_reserve_price
    market_auction_soft_test.go:210: 
        	Error Trace:	/Users/bjartek/go/pkg/mod/github.com/bjartek/overflow@v1.14.1-0.20240201172206-df28bd63430b/result.go:201
        	            				/Users/bjartek/dev/find/market_auction_soft_test.go:210
        	Error:      	transaction cancelMarketAuctionSoft missing event A.179b6b1cb6755e31.FindMarketAuctionSoft.EnglishAuction with fields map[string]interface {}{
        	            	  "amount": 11.0,
        	            	  "buyer": "0xe2f72218abeec2b9",
        	            	  "id": 9943947977234055170,
        	            	  "seller": "0x0f7025fa05b578e3",
        	            	  "status": "cancel_reserved_not_met",
        	            	}
        	Test:       	TestMarketAuctionSoft/Should_allow_seller_to_cancel_auction_if_it_failed_to_meet_reserve_price
    event.go:321: === Events ===
    market_auction_soft_test.go:210: A.179b6b1cb6755e31.FindMarketAuctionSoft.EnglishAuction
    market_auction_soft_test.go:210:       id -> 9943947977234055170
    market_auction_soft_test.go:210:   seller -> 0x0f7025fa05b578e3
    market_auction_soft_test.go:210:   amount -> 10
    market_auction_soft_test.go:210:   status -> cancel
--- FAIL: TestMarketAuctionSoft/Should_allow_seller_to_cancel_auction_if_it_failed_to_meet_reserve_price (0.41s)
FAIL TestMarketAuctionSoft/Should_allow_seller_to_cancel_auction_if_it_failed_to_meet_reserve_price (0.41s)
=== RUN   TestMarketAuctionSoft/Should_be_able_to_bid_and_increase_bid_by_same_user
    market_auction_soft_test.go:230: 
        	Error Trace:	/Users/bjartek/go/pkg/mod/github.com/bjartek/overflow@v1.14.1-0.20240201172206-df28bd63430b/result.go:152
        	            				/Users/bjartek/dev/find/market_auction_soft_test.go:230
        	Error:      	"transaction=./transactions/increaseBidMarketAuctionSoft.cdc: execution error code 1: [Error Code: 1101] error caused by: 1 error occurred:\n\t* transaction execute failed: [Error Code: 1101] cadence runtime error: Execution failed:\nerror: panic: Bid resource does not exist\n  --> 91856ba869c9eebfeedb05ee244cf275ecf5a40a6ed9af3874a9c381a859e8ee:15:111\n   |\n15 | \t\tself.bidsReference= account.storage.borrow<&FindMarketAuctionSoft.MarketBidCollection>(from: storagePath) ?? panic(\"Bid resource does not exist\")\n   | \t\t                                                                                                             ^^^^^^^^^^^^^^^^^^^^^^^^^^^^^^^^^^^^\n\n\n" does not contain "must be larger then previous bid+bidIncrement"
        	Test:       	TestMarketAuctionSoft/Should_be_able_to_bid_and_increase_bid_by_same_user
--- FAIL: TestMarketAuctionSoft/Should_be_able_to_bid_and_increase_bid_by_same_user (0.35s)
FAIL TestMarketAuctionSoft/Should_be_able_to_bid_and_increase_bid_by_same_user (0.35s)
PASS TestMarketAuctionSoft/Should_not_be_able_to_list_after_deprecated (0.12s)
=== RUN   TestMarketAuctionSoft/Should_not_be_able_to_bid_below_listing_price
    market_auction_soft_test.go:247: 
        	Error Trace:	/Users/bjartek/go/pkg/mod/github.com/bjartek/overflow@v1.14.1-0.20240201172206-df28bd63430b/result.go:152
        	            				/Users/bjartek/dev/find/market_auction_soft_test.go:247
        	Error:      	"transaction=./transactions/bidMarketAuctionSoftDapper.cdc: execution error code 1: [Error Code: 1101] error caused by: 1 error occurred:\n\t* transaction execute failed: [Error Code: 1101] cadence runtime error: Execution failed:\n  --> f500ef4d699392eedd92e81fc6f1e70fc9824a7c545e6ff69b0398b6a52a24e5:79:16\n   |\n79 | \t\tself.pointer= FindViews.createViewReadPointer(address: address, path:nft.publicPath, id: item.getItemID())\n   | \t\t              ^^^^^^^^^^^^^^^^^^^^^^^^^^^^^^^^^^^^^^^^^^^^^^^^^^^^^^^^^^^^^^^^^^^^^^^^^^^^^^^^^^^^^^^^^^^^\n\nerror: unexpectedly found nil while forcing an Optional value\n   --> 179b6b1cb6755e31.FindViews:351:17\n    |\n351 |         let cap=\tgetAccount(address).capabilities.get<&{ViewResolver.ResolverCollection}>(path)!\n    |                 \t^^^^^^^^^^^^^^^^^^^^^^^^^^^^^^^^^^^^^^^^^^^^^^^^^^^^^^^^^^^^^^^^^^^^^^^^^^^^^^^\n\n\n" does not contain "You need to bid more then the starting price of 10.00000000"
        	Test:       	TestMarketAuctionSoft/Should_not_be_able_to_bid_below_listing_price
--- FAIL: TestMarketAuctionSoft/Should_not_be_able_to_bid_below_listing_price (0.21s)
FAIL TestMarketAuctionSoft/Should_not_be_able_to_bid_below_listing_price (0.21s)
=== RUN   TestMarketAuctionSoft/Should_not_be_able_to_bid_less_the_previous_bidder
    market_auction_soft_test.go:259: 
        	Error Trace:	/Users/bjartek/go/pkg/mod/github.com/bjartek/overflow@v1.14.1-0.20240201172206-df28bd63430b/result.go:152
        	            				/Users/bjartek/dev/find/market_auction_soft_test.go:259
        	Error:      	"transaction=./transactions/bidMarketAuctionSoftDapper.cdc: execution error code 1: [Error Code: 1101] error caused by: 1 error occurred:\n\t* transaction execute failed: [Error Code: 1101] cadence runtime error: Execution failed:\n  --> 685fb570d094e634399b1662d2a647491669cdcbfca706e15d7fe48840481f89:79:16\n   |\n79 | \t\tself.pointer= FindViews.createViewReadPointer(address: address, path:nft.publicPath, id: item.getItemID())\n   | \t\t              ^^^^^^^^^^^^^^^^^^^^^^^^^^^^^^^^^^^^^^^^^^^^^^^^^^^^^^^^^^^^^^^^^^^^^^^^^^^^^^^^^^^^^^^^^^^^\n\nerror: unexpectedly found nil while forcing an Optional value\n   --> 179b6b1cb6755e31.FindViews:351:17\n    |\n351 |         let cap=\tgetAccount(address).capabilities.get<&{ViewResolver.ResolverCollection}>(path)!\n    |                 \t^^^^^^^^^^^^^^^^^^^^^^^^^^^^^^^^^^^^^^^^^^^^^^^^^^^^^^^^^^^^^^^^^^^^^^^^^^^^^^^\n\n\n" does not contain "bid 5.00000000 must be larger then previous bid+bidIncrement 16.00000000"
        	Test:       	TestMarketAuctionSoft/Should_not_be_able_to_bid_less_the_previous_bidder
--- FAIL: TestMarketAuctionSoft/Should_not_be_able_to_bid_less_the_previous_bidder (0.29s)
FAIL TestMarketAuctionSoft/Should_not_be_able_to_bid_less_the_previous_bidder (0.29s)
=== RUN   TestMarketAuctionSoft/Royalties_should_be_sent_to_correspondence_upon_fulfill_action
    market_auction_soft_test.go:276: 
        	Error Trace:	/Users/bjartek/go/pkg/mod/github.com/bjartek/overflow@v1.14.1-0.20240201172206-df28bd63430b/result.go:167
        	            				/Users/bjartek/dev/find/market_auction_soft_test.go:276
        	Error:      	Received unexpected error:
        	            	execution error code 1: [Error Code: 1101] error caused by: 1 error occurred:
        	            		* transaction execute failed: [Error Code: 1101] cadence runtime error: Execution failed:
        	            	error: panic: This account does not have a bid collection
        	            	  --> 5e5ac690feba115a488273b2dc282835ce89c647d62ff0161d3c575594ff4ace:19:117
        	            	   |
        	            	19 |         self.bidsReference= account.storage.borrow<&FindMarketAuctionSoft.MarketBidCollection>(from: storagePath) ?? panic("This account does not have a bid collection")
        	            	   |                                                                                                                      ^^^^^^^^^^^^^^^^^^^^^^^^^^^^^^^^^^^^^^^^^^^^^^^^^^^^
        	            	
        	            	
        	            	
        	            	transaction=./transactions/fulfillMarketAuctionSoftDapper.cdc
        	            	github.com/bjartek/overflow.OverflowInteractionBuilder.Send
        	            		/Users/bjartek/go/pkg/mod/github.com/bjartek/overflow@v1.14.1-0.20240201172206-df28bd63430b/interaction_builder.go:638
        	            	github.com/bjartek/overflow.(*OverflowState).Tx
        	            		/Users/bjartek/go/pkg/mod/github.com/bjartek/overflow@v1.14.1-0.20240201172206-df28bd63430b/state.go:585
        	            	github.com/findonflow/find.TestMarketAuctionSoft.(*OverflowState).TxFileNameFN.func37
        	            		/Users/bjartek/go/pkg/mod/github.com/bjartek/overflow@v1.14.1-0.20240201172206-df28bd63430b/state.go:578
        	            	github.com/findonflow/find.TestMarketAuctionSoft.func19
        	            		/Users/bjartek/dev/find/market_auction_soft_test.go:273
        	            	testing.tRunner
        	            		/opt/homebrew/Cellar/go/1.21.6/libexec/src/testing/testing.go:1595
        	            	runtime.goexit
        	            		/opt/homebrew/Cellar/go/1.21.6/libexec/src/runtime/asm_arm64.s:1197
        	Test:       	TestMarketAuctionSoft/Royalties_should_be_sent_to_correspondence_upon_fulfill_action
    market_auction_soft_test.go:277: 
        	Error Trace:	/Users/bjartek/go/pkg/mod/github.com/bjartek/overflow@v1.14.1-0.20240201172206-df28bd63430b/result.go:208
        	            				/Users/bjartek/dev/find/market_auction_soft_test.go:277
        	Error:      	event not found A.179b6b1cb6755e31.FindMarket.RoyaltyPaid, overflow.OverflowEvent{
        	            	  Id: "",
        	            	  Fields: map[string]interface {}{
        	            	    "address": "0x179b6b1cb6755e31",
        	            	    "amount": 0.375,
        	            	    "royaltyName": "find",
        	            	  },
        	            	  TransactionId: "",
        	            	  EventIndex: 0,
        	            	  Name: "",
        	            	  Addresses: map[string][]string(nil),
        	            	}
        	Test:       	TestMarketAuctionSoft/Royalties_should_be_sent_to_correspondence_upon_fulfill_action
    event.go:321: === Events ===
    market_auction_soft_test.go:289: 
        	Error Trace:	/Users/bjartek/go/pkg/mod/github.com/bjartek/overflow@v1.14.1-0.20240201172206-df28bd63430b/result.go:208
        	            				/Users/bjartek/dev/find/market_auction_soft_test.go:289
        	Error:      	event not found A.179b6b1cb6755e31.FindMarket.RoyaltyPaid, overflow.OverflowEvent{
        	            	  Id: "",
        	            	  Fields: map[string]interface {}{
        	            	    "address": "0x179b6b1cb6755e31",
        	            	    "amount": 0.375,
        	            	    "royaltyName": "find forge",
        	            	  },
        	            	  TransactionId: "",
        	            	  EventIndex: 0,
        	            	  Name: "",
        	            	  Addresses: map[string][]string(nil),
        	            	}
        	Test:       	TestMarketAuctionSoft/Royalties_should_be_sent_to_correspondence_upon_fulfill_action
    market_auction_soft_test.go:289: === Events ===
--- FAIL: TestMarketAuctionSoft/Royalties_should_be_sent_to_correspondence_upon_fulfill_action (0.34s)
FAIL TestMarketAuctionSoft/Royalties_should_be_sent_to_correspondence_upon_fulfill_action (0.34s)
=== RUN   TestMarketAuctionSoft/Should_emit_previous_bidder_if_outbid
    market_auction_soft_test.go:306: 
        	Error Trace:	/Users/bjartek/go/pkg/mod/github.com/bjartek/overflow@v1.14.1-0.20240201172206-df28bd63430b/result.go:167
        	            				/Users/bjartek/dev/find/market_auction_soft_test.go:306
        	Error:      	Received unexpected error:
        	            	execution error code 1: [Error Code: 1101] error caused by: 1 error occurred:
        	            		* transaction execute failed: [Error Code: 1101] cadence runtime error: Execution failed:
        	            	  --> f17f604a803d31782d1ac62bbec9b02f67f0e1feb0ca488ef189059600dcb3be:79:16
        	            	   |
        	            	79 | 		self.pointer= FindViews.createViewReadPointer(address: address, path:nft.publicPath, id: item.getItemID())
        	            	   | 		              ^^^^^^^^^^^^^^^^^^^^^^^^^^^^^^^^^^^^^^^^^^^^^^^^^^^^^^^^^^^^^^^^^^^^^^^^^^^^^^^^^^^^^^^^^^^^
        	            	
        	            	error: unexpectedly found nil while forcing an Optional value
        	            	   --> 179b6b1cb6755e31.FindViews:351:17
        	            	    |
        	            	351 |         let cap=	getAccount(address).capabilities.get<&{ViewResolver.ResolverCollection}>(path)!
        	            	    |                 	^^^^^^^^^^^^^^^^^^^^^^^^^^^^^^^^^^^^^^^^^^^^^^^^^^^^^^^^^^^^^^^^^^^^^^^^^^^^^^^
        	            	
        	            	
        	            	
        	            	transaction=./transactions/bidMarketAuctionSoftDapper.cdc
        	            	github.com/bjartek/overflow.OverflowInteractionBuilder.Send
        	            		/Users/bjartek/go/pkg/mod/github.com/bjartek/overflow@v1.14.1-0.20240201172206-df28bd63430b/interaction_builder.go:638
        	            	github.com/bjartek/overflow.(*OverflowState).Tx
        	            		/Users/bjartek/go/pkg/mod/github.com/bjartek/overflow@v1.14.1-0.20240201172206-df28bd63430b/state.go:585
        	            	github.com/findonflow/find.TestMarketAuctionSoft.(*OverflowState).TxFileNameFN.func42
        	            		/Users/bjartek/go/pkg/mod/github.com/bjartek/overflow@v1.14.1-0.20240201172206-df28bd63430b/state.go:578
        	            	github.com/findonflow/find.TestMarketAuctionSoft.func20
        	            		/Users/bjartek/dev/find/market_auction_soft_test.go:302
        	            	testing.tRunner
        	            		/opt/homebrew/Cellar/go/1.21.6/libexec/src/testing/testing.go:1595
        	            	runtime.goexit
        	            		/opt/homebrew/Cellar/go/1.21.6/libexec/src/runtime/asm_arm64.s:1197
        	Test:       	TestMarketAuctionSoft/Should_emit_previous_bidder_if_outbid
    market_auction_soft_test.go:307: 
        	Error Trace:	/Users/bjartek/go/pkg/mod/github.com/bjartek/overflow@v1.14.1-0.20240201172206-df28bd63430b/result.go:208
        	            				/Users/bjartek/dev/find/market_auction_soft_test.go:307
        	Error:      	event not found A.179b6b1cb6755e31.FindMarketAuctionSoft.EnglishAuction, overflow.OverflowEvent{
        	            	  Id: "",
        	            	  Fields: map[string]interface {}{
        	            	    "amount": 20.0,
        	            	    "buyer": "0x06909bc5ba14c266",
        	            	    "id": 9943947977234055170,
        	            	    "previousBuyer": "0xe2f72218abeec2b9",
        	            	    "status": "active_ongoing",
        	            	  },
        	            	  TransactionId: "",
        	            	  EventIndex: 0,
        	            	  Name: "",
        	            	  Addresses: map[string][]string(nil),
        	            	}
        	Test:       	TestMarketAuctionSoft/Should_emit_previous_bidder_if_outbid
    event.go:321: === Events ===
--- FAIL: TestMarketAuctionSoft/Should_emit_previous_bidder_if_outbid (0.34s)
FAIL TestMarketAuctionSoft/Should_emit_previous_bidder_if_outbid (0.34s)
PASS TestMarketAuctionSoft/Should_be_able_to_list_an_NFT_for_auction_and_bid_it_with_DUC (0.44s)
=== RUN   TestMarketAuctionSoft
    test_utils.go:531: 
        	Error Trace:	/Users/bjartek/go/pkg/mod/github.com/bjartek/overflow@v1.14.1-0.20240201172206-df28bd63430b/result.go:167
        	            				/Users/bjartek/dev/find/test_utils.go:531
        	            				/Users/bjartek/dev/find/market_auction_soft_test.go:51
        	Error:      	Received unexpected error:
        	            	execution error code 1: [Error Code: 1101] error caused by: 1 error occurred:
        	            		* transaction execute failed: [Error Code: 1101] cadence runtime error: Execution failed:
        	            	  --> bcbd4c983f14db0714062983bb44c0fc5a2e060def1ed8ddf598f35d07037228:79:16
        	            	   |
        	            	79 | 		self.pointer= FindViews.createViewReadPointer(address: address, path:nft.publicPath, id: item.getItemID())
        	            	   | 		              ^^^^^^^^^^^^^^^^^^^^^^^^^^^^^^^^^^^^^^^^^^^^^^^^^^^^^^^^^^^^^^^^^^^^^^^^^^^^^^^^^^^^^^^^^^^^
        	            	
        	            	error: unexpectedly found nil while forcing an Optional value
        	            	   --> 179b6b1cb6755e31.FindViews:351:17
        	            	    |
        	            	351 |         let cap=	getAccount(address).capabilities.get<&{ViewResolver.ResolverCollection}>(path)!
        	            	    |                 	^^^^^^^^^^^^^^^^^^^^^^^^^^^^^^^^^^^^^^^^^^^^^^^^^^^^^^^^^^^^^^^^^^^^^^^^^^^^^^^
        	            	
        	            	
        	            	
        	            	transaction=./transactions/bidMarketAuctionSoftDapper.cdc
        	            	github.com/bjartek/overflow.OverflowInteractionBuilder.Send
        	            		/Users/bjartek/go/pkg/mod/github.com/bjartek/overflow@v1.14.1-0.20240201172206-df28bd63430b/interaction_builder.go:638
        	            	github.com/bjartek/overflow.(*OverflowState).Tx
        	            		/Users/bjartek/go/pkg/mod/github.com/bjartek/overflow@v1.14.1-0.20240201172206-df28bd63430b/state.go:585
        	            	github.com/findonflow/find.(*OverflowTestUtils).auctionBidMarketSoft
        	            		/Users/bjartek/dev/find/test_utils.go:525
        	            	github.com/findonflow/find.TestMarketAuctionSoft.func1
        	            		/Users/bjartek/dev/find/market_auction_soft_test.go:51
        	            	testing.tRunner
        	            		/opt/homebrew/Cellar/go/1.21.6/libexec/src/testing/testing.go:1595
        	            	runtime.goexit
        	            		/opt/homebrew/Cellar/go/1.21.6/libexec/src/runtime/asm_arm64.s:1197
        	Test:       	TestMarketAuctionSoft
    test_utils.go:532: 
        	Error Trace:	/Users/bjartek/go/pkg/mod/github.com/bjartek/overflow@v1.14.1-0.20240201172206-df28bd63430b/result.go:208
        	            				/Users/bjartek/dev/find/test_utils.go:532
        	            				/Users/bjartek/dev/find/market_auction_soft_test.go:51
        	Error:      	event not found FindMarketAuctionSoft.EnglishAuction, overflow.OverflowEvent{
        	            	  Id: "",
        	            	  Fields: map[string]interface {}{
        	            	    "amount": 15.0,
        	            	    "buyer": "0xe2f72218abeec2b9",
        	            	    "id": 9943947977234055170,
        	            	    "status": "active_ongoing",
        	            	  },
        	            	  TransactionId: "",
        	            	  EventIndex: 0,
        	            	  Name: "",
        	            	  Addresses: map[string][]string(nil),
        	            	}
        	Test:       	TestMarketAuctionSoft
    event.go:321: === Events ===
    test_utils.go:491: 
        	Error Trace:	/Users/bjartek/dev/find/test_utils.go:491
        	            				/Users/bjartek/dev/find/market_auction_soft_test.go:53
        	Error:      	Not equal: 
        	            	expected: "finished_completed"
        	            	actual  : "active_listed"
        	            	
        	            	Diff:
        	            	--- Expected
        	            	+++ Actual
        	            	@@ -1 +1 @@
        	            	-finished_completed
        	            	+active_listed
        	Test:       	TestMarketAuctionSoft
    test_utils.go:492: 
        	Error Trace:	/Users/bjartek/dev/find/test_utils.go:492
        	            				/Users/bjartek/dev/find/market_auction_soft_test.go:53
        	Error:      	Not equal: 
        	            	expected: 15
        	            	actual  : 10
        	Test:       	TestMarketAuctionSoft
    test_utils.go:853: 
        	Error Trace:	/Users/bjartek/go/pkg/mod/github.com/bjartek/overflow@v1.14.1-0.20240201172206-df28bd63430b/result.go:167
        	            				/Users/bjartek/dev/find/test_utils.go:853
        	            				/Users/bjartek/dev/find/market_auction_soft_test.go:54
        	Error:      	Received unexpected error:
        	            	execution error code 1: [Error Code: 1101] error caused by: 1 error occurred:
        	            		* transaction execute failed: [Error Code: 1101] cadence runtime error: Execution failed:
        	            	error: panic: This account does not have a bid collection
        	            	  --> 103e79fb3cc21ab8e200be2482b9856c264c2886ac5c2c8116231b5ddf30dc02:19:117
        	            	   |
        	            	19 |         self.bidsReference= account.storage.borrow<&FindMarketAuctionSoft.MarketBidCollection>(from: storagePath) ?? panic("This account does not have a bid collection")
        	            	   |                                                                                                                      ^^^^^^^^^^^^^^^^^^^^^^^^^^^^^^^^^^^^^^^^^^^^^^^^^^^^
        	            	
        	            	
        	            	
        	            	transaction=./transactions/fulfillMarketAuctionSoftDapper.cdc
        	            	github.com/bjartek/overflow.OverflowInteractionBuilder.Send
        	            		/Users/bjartek/go/pkg/mod/github.com/bjartek/overflow@v1.14.1-0.20240201172206-df28bd63430b/interaction_builder.go:638
        	            	github.com/bjartek/overflow.(*OverflowState).Tx
        	            		/Users/bjartek/go/pkg/mod/github.com/bjartek/overflow@v1.14.1-0.20240201172206-df28bd63430b/state.go:585
        	            	github.com/findonflow/find.(*OverflowTestUtils).fulfillMarketAuctionSoft
        	            		/Users/bjartek/dev/find/test_utils.go:847
        	            	github.com/findonflow/find.TestMarketAuctionSoft.func1
        	            		/Users/bjartek/dev/find/market_auction_soft_test.go:54
        	            	testing.tRunner
        	            		/opt/homebrew/Cellar/go/1.21.6/libexec/src/testing/testing.go:1595
        	            	runtime.goexit
        	            		/opt/homebrew/Cellar/go/1.21.6/libexec/src/runtime/asm_arm64.s:1197
        	Test:       	TestMarketAuctionSoft
    test_utils.go:854: 
        	Error Trace:	/Users/bjartek/go/pkg/mod/github.com/bjartek/overflow@v1.14.1-0.20240201172206-df28bd63430b/result.go:208
        	            				/Users/bjartek/dev/find/test_utils.go:854
        	            				/Users/bjartek/dev/find/market_auction_soft_test.go:54
        	Error:      	event not found FindMarketAuctionSoft.EnglishAuction, overflow.OverflowEvent{
        	            	  Id: "",
        	            	  Fields: map[string]interface {}{
        	            	    "amount": 15.0,
        	            	    "buyer": "0xe2f72218abeec2b9",
        	            	    "id": 9943947977234055170,
        	            	    "status": "sold",
        	            	  },
        	            	  TransactionId: "",
        	            	  EventIndex: 0,
        	            	  Name: "",
        	            	  Addresses: map[string][]string(nil),
        	            	}
        	Test:       	TestMarketAuctionSoft
    test_utils.go:854: === Events ===
    test_utils.go:531: 
        	Error Trace:	/Users/bjartek/go/pkg/mod/github.com/bjartek/overflow@v1.14.1-0.20240201172206-df28bd63430b/result.go:167
        	            				/Users/bjartek/dev/find/test_utils.go:531
        	            				/Users/bjartek/dev/find/market_auction_soft_test.go:69
        	Error:      	Received unexpected error:
        	            	execution error code 1: [Error Code: 1101] error caused by: 1 error occurred:
        	            		* transaction execute failed: [Error Code: 1101] cadence runtime error: Execution failed:
        	            	  --> 40a49233da5e47a2ae34dcf7d072f53bb3195554ad1558983c3c8c70a2fdc41f:79:16
        	            	   |
        	            	79 | 		self.pointer= FindViews.createViewReadPointer(address: address, path:nft.publicPath, id: item.getItemID())
        	            	   | 		              ^^^^^^^^^^^^^^^^^^^^^^^^^^^^^^^^^^^^^^^^^^^^^^^^^^^^^^^^^^^^^^^^^^^^^^^^^^^^^^^^^^^^^^^^^^^^
        	            	
        	            	error: unexpectedly found nil while forcing an Optional value
        	            	   --> 179b6b1cb6755e31.FindViews:351:17
        	            	    |
        	            	351 |         let cap=	getAccount(address).capabilities.get<&{ViewResolver.ResolverCollection}>(path)!
        	            	    |                 	^^^^^^^^^^^^^^^^^^^^^^^^^^^^^^^^^^^^^^^^^^^^^^^^^^^^^^^^^^^^^^^^^^^^^^^^^^^^^^^
        	            	
        	            	
        	            	
        	            	transaction=./transactions/bidMarketAuctionSoftDapper.cdc
        	            	github.com/bjartek/overflow.OverflowInteractionBuilder.Send
        	            		/Users/bjartek/go/pkg/mod/github.com/bjartek/overflow@v1.14.1-0.20240201172206-df28bd63430b/interaction_builder.go:638
        	            	github.com/bjartek/overflow.(*OverflowState).Tx
        	            		/Users/bjartek/go/pkg/mod/github.com/bjartek/overflow@v1.14.1-0.20240201172206-df28bd63430b/state.go:585
        	            	github.com/findonflow/find.(*OverflowTestUtils).auctionBidMarketSoft
        	            		/Users/bjartek/dev/find/test_utils.go:525
        	            	github.com/findonflow/find.TestMarketAuctionSoft.func3
        	            		/Users/bjartek/dev/find/market_auction_soft_test.go:69
        	            	testing.tRunner
        	            		/opt/homebrew/Cellar/go/1.21.6/libexec/src/testing/testing.go:1595
        	            	runtime.goexit
        	            		/opt/homebrew/Cellar/go/1.21.6/libexec/src/runtime/asm_arm64.s:1197
        	Test:       	TestMarketAuctionSoft
    test_utils.go:532: 
        	Error Trace:	/Users/bjartek/go/pkg/mod/github.com/bjartek/overflow@v1.14.1-0.20240201172206-df28bd63430b/result.go:208
        	            				/Users/bjartek/dev/find/test_utils.go:532
        	            				/Users/bjartek/dev/find/market_auction_soft_test.go:69
        	Error:      	event not found FindMarketAuctionSoft.EnglishAuction, overflow.OverflowEvent{
        	            	  Id: "",
        	            	  Fields: map[string]interface {}{
        	            	    "amount": 15.0,
        	            	    "buyer": "0xe2f72218abeec2b9",
        	            	    "id": 9943947977234055170,
        	            	    "status": "active_ongoing",
        	            	  },
        	            	  TransactionId: "",
        	            	  EventIndex: 0,
        	            	  Name: "",
        	            	  Addresses: map[string][]string(nil),
        	            	}
        	Test:       	TestMarketAuctionSoft
    test_utils.go:532: === Events ===
    test_utils.go:491: 
        	Error Trace:	/Users/bjartek/dev/find/test_utils.go:491
        	            				/Users/bjartek/dev/find/market_auction_soft_test.go:71
        	Error:      	Not equal: 
        	            	expected: "finished_completed"
        	            	actual  : "active_listed"
        	            	
        	            	Diff:
        	            	--- Expected
        	            	+++ Actual
        	            	@@ -1 +1 @@
        	            	-finished_completed
        	            	+active_listed
        	Test:       	TestMarketAuctionSoft
    test_utils.go:492: 
        	Error Trace:	/Users/bjartek/dev/find/test_utils.go:492
        	            				/Users/bjartek/dev/find/market_auction_soft_test.go:71
        	Error:      	Not equal: 
        	            	expected: 15
        	            	actual  : 10
        	Test:       	TestMarketAuctionSoft
    test_utils.go:853: 
        	Error Trace:	/Users/bjartek/go/pkg/mod/github.com/bjartek/overflow@v1.14.1-0.20240201172206-df28bd63430b/result.go:167
        	            				/Users/bjartek/dev/find/test_utils.go:853
        	            				/Users/bjartek/dev/find/market_auction_soft_test.go:72
        	Error:      	Received unexpected error:
        	            	execution error code 1: [Error Code: 1101] error caused by: 1 error occurred:
        	            		* transaction execute failed: [Error Code: 1101] cadence runtime error: Execution failed:
        	            	error: panic: This account does not have a bid collection
        	            	  --> 688658f16ec780eebc56372a8ee894753ec8609b26dbad2da12bd244b1aa7e1f:19:117
        	            	   |
        	            	19 |         self.bidsReference= account.storage.borrow<&FindMarketAuctionSoft.MarketBidCollection>(from: storagePath) ?? panic("This account does not have a bid collection")
        	            	   |                                                                                                                      ^^^^^^^^^^^^^^^^^^^^^^^^^^^^^^^^^^^^^^^^^^^^^^^^^^^^
        	            	
        	            	
        	            	
        	            	transaction=./transactions/fulfillMarketAuctionSoftDapper.cdc
        	            	github.com/bjartek/overflow.OverflowInteractionBuilder.Send
        	            		/Users/bjartek/go/pkg/mod/github.com/bjartek/overflow@v1.14.1-0.20240201172206-df28bd63430b/interaction_builder.go:638
        	            	github.com/bjartek/overflow.(*OverflowState).Tx
        	            		/Users/bjartek/go/pkg/mod/github.com/bjartek/overflow@v1.14.1-0.20240201172206-df28bd63430b/state.go:585
        	            	github.com/findonflow/find.(*OverflowTestUtils).fulfillMarketAuctionSoft
        	            		/Users/bjartek/dev/find/test_utils.go:847
        	            	github.com/findonflow/find.TestMarketAuctionSoft.func3
        	            		/Users/bjartek/dev/find/market_auction_soft_test.go:72
        	            	testing.tRunner
        	            		/opt/homebrew/Cellar/go/1.21.6/libexec/src/testing/testing.go:1595
        	            	runtime.goexit
        	            		/opt/homebrew/Cellar/go/1.21.6/libexec/src/runtime/asm_arm64.s:1197
        	Test:       	TestMarketAuctionSoft
    test_utils.go:854: 
        	Error Trace:	/Users/bjartek/go/pkg/mod/github.com/bjartek/overflow@v1.14.1-0.20240201172206-df28bd63430b/result.go:208
        	            				/Users/bjartek/dev/find/test_utils.go:854
        	            				/Users/bjartek/dev/find/market_auction_soft_test.go:72
        	Error:      	event not found FindMarketAuctionSoft.EnglishAuction, overflow.OverflowEvent{
        	            	  Id: "",
        	            	  Fields: map[string]interface {}{
        	            	    "amount": 15.0,
        	            	    "buyer": "0xe2f72218abeec2b9",
        	            	    "id": 9943947977234055170,
        	            	    "status": "sold",
        	            	  },
        	            	  TransactionId: "",
        	            	  EventIndex: 0,
        	            	  Name: "",
        	            	  Addresses: map[string][]string(nil),
        	            	}
        	Test:       	TestMarketAuctionSoft
    test_utils.go:854: === Events ===
    test_utils.go:531: 
        	Error Trace:	/Users/bjartek/go/pkg/mod/github.com/bjartek/overflow@v1.14.1-0.20240201172206-df28bd63430b/result.go:167
        	            				/Users/bjartek/dev/find/test_utils.go:531
        	            				/Users/bjartek/dev/find/market_auction_soft_test.go:78
        	Error:      	Received unexpected error:
        	            	execution error code 1: [Error Code: 1101] error caused by: 1 error occurred:
        	            		* transaction execute failed: [Error Code: 1101] cadence runtime error: Execution failed:
        	            	  --> 80a27da454238ad7f40b30bedc0015d1ec3c0face14fa22dc65254ca260198a4:79:16
        	            	   |
        	            	79 | 		self.pointer= FindViews.createViewReadPointer(address: address, path:nft.publicPath, id: item.getItemID())
        	            	   | 		              ^^^^^^^^^^^^^^^^^^^^^^^^^^^^^^^^^^^^^^^^^^^^^^^^^^^^^^^^^^^^^^^^^^^^^^^^^^^^^^^^^^^^^^^^^^^^
        	            	
        	            	error: unexpectedly found nil while forcing an Optional value
        	            	   --> 179b6b1cb6755e31.FindViews:351:17
        	            	    |
        	            	351 |         let cap=	getAccount(address).capabilities.get<&{ViewResolver.ResolverCollection}>(path)!
        	            	    |                 	^^^^^^^^^^^^^^^^^^^^^^^^^^^^^^^^^^^^^^^^^^^^^^^^^^^^^^^^^^^^^^^^^^^^^^^^^^^^^^^
        	            	
        	            	
        	            	
        	            	transaction=./transactions/bidMarketAuctionSoftDapper.cdc
        	            	github.com/bjartek/overflow.OverflowInteractionBuilder.Send
        	            		/Users/bjartek/go/pkg/mod/github.com/bjartek/overflow@v1.14.1-0.20240201172206-df28bd63430b/interaction_builder.go:638
        	            	github.com/bjartek/overflow.(*OverflowState).Tx
        	            		/Users/bjartek/go/pkg/mod/github.com/bjartek/overflow@v1.14.1-0.20240201172206-df28bd63430b/state.go:585
        	            	github.com/findonflow/find.(*OverflowTestUtils).auctionBidMarketSoft
        	            		/Users/bjartek/dev/find/test_utils.go:525
        	            	github.com/findonflow/find.TestMarketAuctionSoft.func4
        	            		/Users/bjartek/dev/find/market_auction_soft_test.go:78
        	            	testing.tRunner
        	            		/opt/homebrew/Cellar/go/1.21.6/libexec/src/testing/testing.go:1595
        	            	runtime.goexit
        	            		/opt/homebrew/Cellar/go/1.21.6/libexec/src/runtime/asm_arm64.s:1197
        	Test:       	TestMarketAuctionSoft
    test_utils.go:532: 
        	Error Trace:	/Users/bjartek/go/pkg/mod/github.com/bjartek/overflow@v1.14.1-0.20240201172206-df28bd63430b/result.go:208
        	            				/Users/bjartek/dev/find/test_utils.go:532
        	            				/Users/bjartek/dev/find/market_auction_soft_test.go:78
        	Error:      	event not found FindMarketAuctionSoft.EnglishAuction, overflow.OverflowEvent{
        	            	  Id: "",
        	            	  Fields: map[string]interface {}{
        	            	    "amount": 15.0,
        	            	    "buyer": "0xe2f72218abeec2b9",
        	            	    "id": 9943947977234055170,
        	            	    "status": "active_ongoing",
        	            	  },
        	            	  TransactionId: "",
        	            	  EventIndex: 0,
        	            	  Name: "",
        	            	  Addresses: map[string][]string(nil),
        	            	}
        	Test:       	TestMarketAuctionSoft
    test_utils.go:532: === Events ===
    test_utils.go:491: 
        	Error Trace:	/Users/bjartek/dev/find/test_utils.go:491
        	            				/Users/bjartek/dev/find/market_auction_soft_test.go:80
        	Error:      	Not equal: 
        	            	expected: "finished_completed"
        	            	actual  : "active_listed"
        	            	
        	            	Diff:
        	            	--- Expected
        	            	+++ Actual
        	            	@@ -1 +1 @@
        	            	-finished_completed
        	            	+active_listed
        	Test:       	TestMarketAuctionSoft
    test_utils.go:492: 
        	Error Trace:	/Users/bjartek/dev/find/test_utils.go:492
        	            				/Users/bjartek/dev/find/market_auction_soft_test.go:80
        	Error:      	Not equal: 
        	            	expected: 15
        	            	actual  : 10
        	Test:       	TestMarketAuctionSoft
    test_utils.go:531: 
        	Error Trace:	/Users/bjartek/go/pkg/mod/github.com/bjartek/overflow@v1.14.1-0.20240201172206-df28bd63430b/result.go:167
        	            				/Users/bjartek/dev/find/test_utils.go:531
        	            				/Users/bjartek/dev/find/market_auction_soft_test.go:125
        	Error:      	Received unexpected error:
        	            	execution error code 1: [Error Code: 1101] error caused by: 1 error occurred:
        	            		* transaction execute failed: [Error Code: 1101] cadence runtime error: Execution failed:
        	            	  --> c243e31df534fe56a69cf4af7ab67fd47840f6d0e45e8b8c4695eb8e4944785b:79:16
        	            	   |
        	            	79 | 		self.pointer= FindViews.createViewReadPointer(address: address, path:nft.publicPath, id: item.getItemID())
        	            	   | 		              ^^^^^^^^^^^^^^^^^^^^^^^^^^^^^^^^^^^^^^^^^^^^^^^^^^^^^^^^^^^^^^^^^^^^^^^^^^^^^^^^^^^^^^^^^^^^
        	            	
        	            	error: unexpectedly found nil while forcing an Optional value
        	            	   --> 179b6b1cb6755e31.FindViews:351:17
        	            	    |
        	            	351 |         let cap=	getAccount(address).capabilities.get<&{ViewResolver.ResolverCollection}>(path)!
        	            	    |                 	^^^^^^^^^^^^^^^^^^^^^^^^^^^^^^^^^^^^^^^^^^^^^^^^^^^^^^^^^^^^^^^^^^^^^^^^^^^^^^^
        	            	
        	            	
        	            	
        	            	transaction=./transactions/bidMarketAuctionSoftDapper.cdc
        	            	github.com/bjartek/overflow.OverflowInteractionBuilder.Send
        	            		/Users/bjartek/go/pkg/mod/github.com/bjartek/overflow@v1.14.1-0.20240201172206-df28bd63430b/interaction_builder.go:638
        	            	github.com/bjartek/overflow.(*OverflowState).Tx
        	            		/Users/bjartek/go/pkg/mod/github.com/bjartek/overflow@v1.14.1-0.20240201172206-df28bd63430b/state.go:585
        	            	github.com/findonflow/find.(*OverflowTestUtils).auctionBidMarketSoft
        	            		/Users/bjartek/dev/find/test_utils.go:525
        	            	github.com/findonflow/find.TestMarketAuctionSoft.func8
        	            		/Users/bjartek/dev/find/market_auction_soft_test.go:125
        	            	testing.tRunner
        	            		/opt/homebrew/Cellar/go/1.21.6/libexec/src/testing/testing.go:1595
        	            	runtime.goexit
        	            		/opt/homebrew/Cellar/go/1.21.6/libexec/src/runtime/asm_arm64.s:1197
        	Test:       	TestMarketAuctionSoft
    test_utils.go:532: 
        	Error Trace:	/Users/bjartek/go/pkg/mod/github.com/bjartek/overflow@v1.14.1-0.20240201172206-df28bd63430b/result.go:208
        	            				/Users/bjartek/dev/find/test_utils.go:532
        	            				/Users/bjartek/dev/find/market_auction_soft_test.go:125
        	Error:      	event not found FindMarketAuctionSoft.EnglishAuction, overflow.OverflowEvent{
        	            	  Id: "",
        	            	  Fields: map[string]interface {}{
        	            	    "amount": 15.0,
        	            	    "buyer": "0xe2f72218abeec2b9",
        	            	    "id": 9943947977234055170,
        	            	    "status": "active_ongoing",
        	            	  },
        	            	  TransactionId: "",
        	            	  EventIndex: 0,
        	            	  Name: "",
        	            	  Addresses: map[string][]string(nil),
        	            	}
        	Test:       	TestMarketAuctionSoft
    test_utils.go:532: === Events ===
    test_utils.go:459: 
        	Error Trace:	/Users/bjartek/go/pkg/mod/github.com/bjartek/overflow@v1.14.1-0.20240201172206-df28bd63430b/result.go:167
        	            				/Users/bjartek/dev/find/test_utils.go:459
        	            				/Users/bjartek/dev/find/market_auction_soft_test.go:126
        	Error:      	Received unexpected error:
        	            	execution error code 1: [Error Code: 1101] error caused by: 1 error occurred:
        	            		* transaction execute failed: [Error Code: 1101] cadence runtime error: Execution failed:
        	            	error: panic: Bid resource does not exist
        	            	  --> f347f0e09c828c52898344eb9f6d4d385c4119372d7312965ea2d0e34b5b0445:15:111
        	            	   |
        	            	15 | 		self.bidsReference= account.storage.borrow<&FindMarketAuctionSoft.MarketBidCollection>(from: storagePath) ?? panic("Bid resource does not exist")
        	            	   | 		                                                                                                             ^^^^^^^^^^^^^^^^^^^^^^^^^^^^^^^^^^^^
        	            	
        	            	
        	            	
        	            	transaction=./transactions/increaseBidMarketAuctionSoft.cdc
        	            	github.com/bjartek/overflow.OverflowInteractionBuilder.Send
        	            		/Users/bjartek/go/pkg/mod/github.com/bjartek/overflow@v1.14.1-0.20240201172206-df28bd63430b/interaction_builder.go:638
        	            	github.com/bjartek/overflow.(*OverflowState).Tx
        	            		/Users/bjartek/go/pkg/mod/github.com/bjartek/overflow@v1.14.1-0.20240201172206-df28bd63430b/state.go:585
        	            	github.com/findonflow/find.(*OverflowTestUtils).increaseAuctionBidMarketSoft
        	            		/Users/bjartek/dev/find/test_utils.go:454
        	            	github.com/findonflow/find.TestMarketAuctionSoft.func8
        	            		/Users/bjartek/dev/find/market_auction_soft_test.go:126
        	            	testing.tRunner
        	            		/opt/homebrew/Cellar/go/1.21.6/libexec/src/testing/testing.go:1595
        	            	runtime.goexit
        	            		/opt/homebrew/Cellar/go/1.21.6/libexec/src/runtime/asm_arm64.s:1197
        	Test:       	TestMarketAuctionSoft
    test_utils.go:460: 
        	Error Trace:	/Users/bjartek/go/pkg/mod/github.com/bjartek/overflow@v1.14.1-0.20240201172206-df28bd63430b/result.go:208
        	            				/Users/bjartek/dev/find/test_utils.go:460
        	            				/Users/bjartek/dev/find/market_auction_soft_test.go:126
        	Error:      	event not found FindMarketAuctionSoft.EnglishAuction, overflow.OverflowEvent{
        	            	  Id: "",
        	            	  Fields: map[string]interface {}{
        	            	    "amount": 20.0,
        	            	    "buyer": "0xe2f72218abeec2b9",
        	            	    "id": 9943947977234055170,
        	            	    "status": "active_ongoing",
        	            	  },
        	            	  TransactionId: "",
        	            	  EventIndex: 0,
        	            	  Name: "",
        	            	  Addresses: map[string][]string(nil),
        	            	}
        	Test:       	TestMarketAuctionSoft
    test_utils.go:460: === Events ===
    test_utils.go:491: 
        	Error Trace:	/Users/bjartek/dev/find/test_utils.go:491
        	            				/Users/bjartek/dev/find/market_auction_soft_test.go:128
        	Error:      	Not equal: 
        	            	expected: "finished_completed"
        	            	actual  : "active_listed"
        	            	
        	            	Diff:
        	            	--- Expected
        	            	+++ Actual
        	            	@@ -1 +1 @@
        	            	-finished_completed
        	            	+active_listed
        	Test:       	TestMarketAuctionSoft
    test_utils.go:492: 
        	Error Trace:	/Users/bjartek/dev/find/test_utils.go:492
        	            				/Users/bjartek/dev/find/market_auction_soft_test.go:128
        	Error:      	Not equal: 
        	            	expected: 20
        	            	actual  : 10
        	Test:       	TestMarketAuctionSoft
    test_utils.go:853: 
        	Error Trace:	/Users/bjartek/go/pkg/mod/github.com/bjartek/overflow@v1.14.1-0.20240201172206-df28bd63430b/result.go:167
        	            				/Users/bjartek/dev/find/test_utils.go:853
        	            				/Users/bjartek/dev/find/market_auction_soft_test.go:129
        	Error:      	Received unexpected error:
        	            	execution error code 1: [Error Code: 1101] error caused by: 1 error occurred:
        	            		* transaction execute failed: [Error Code: 1101] cadence runtime error: Execution failed:
        	            	error: panic: This account does not have a bid collection
        	            	  --> 68f8778a7712d4817e4b3e1a1d7994cdf10735409e2e4a2e8667bc1a9169b05d:19:117
        	            	   |
        	            	19 |         self.bidsReference= account.storage.borrow<&FindMarketAuctionSoft.MarketBidCollection>(from: storagePath) ?? panic("This account does not have a bid collection")
        	            	   |                                                                                                                      ^^^^^^^^^^^^^^^^^^^^^^^^^^^^^^^^^^^^^^^^^^^^^^^^^^^^
        	            	
        	            	
        	            	
        	            	transaction=./transactions/fulfillMarketAuctionSoftDapper.cdc
        	            	github.com/bjartek/overflow.OverflowInteractionBuilder.Send
        	            		/Users/bjartek/go/pkg/mod/github.com/bjartek/overflow@v1.14.1-0.20240201172206-df28bd63430b/interaction_builder.go:638
        	            	github.com/bjartek/overflow.(*OverflowState).Tx
        	            		/Users/bjartek/go/pkg/mod/github.com/bjartek/overflow@v1.14.1-0.20240201172206-df28bd63430b/state.go:585
        	            	github.com/findonflow/find.(*OverflowTestUtils).fulfillMarketAuctionSoft
        	            		/Users/bjartek/dev/find/test_utils.go:847
        	            	github.com/findonflow/find.TestMarketAuctionSoft.func8
        	            		/Users/bjartek/dev/find/market_auction_soft_test.go:129
        	            	testing.tRunner
        	            		/opt/homebrew/Cellar/go/1.21.6/libexec/src/testing/testing.go:1595
        	            	runtime.goexit
        	            		/opt/homebrew/Cellar/go/1.21.6/libexec/src/runtime/asm_arm64.s:1197
        	Test:       	TestMarketAuctionSoft
    test_utils.go:854: 
        	Error Trace:	/Users/bjartek/go/pkg/mod/github.com/bjartek/overflow@v1.14.1-0.20240201172206-df28bd63430b/result.go:208
        	            				/Users/bjartek/dev/find/test_utils.go:854
        	            				/Users/bjartek/dev/find/market_auction_soft_test.go:129
        	Error:      	event not found FindMarketAuctionSoft.EnglishAuction, overflow.OverflowEvent{
        	            	  Id: "",
        	            	  Fields: map[string]interface {}{
        	            	    "amount": 20.0,
        	            	    "buyer": "0xe2f72218abeec2b9",
        	            	    "id": 9943947977234055170,
        	            	    "status": "sold",
        	            	  },
        	            	  TransactionId: "",
        	            	  EventIndex: 0,
        	            	  Name: "",
        	            	  Addresses: map[string][]string(nil),
        	            	}
        	Test:       	TestMarketAuctionSoft
    test_utils.go:854: === Events ===
    test_utils.go:531: 
        	Error Trace:	/Users/bjartek/go/pkg/mod/github.com/bjartek/overflow@v1.14.1-0.20240201172206-df28bd63430b/result.go:167
        	            				/Users/bjartek/dev/find/test_utils.go:531
        	            				/Users/bjartek/dev/find/market_auction_soft_test.go:169
        	Error:      	Received unexpected error:
        	            	execution error code 1: [Error Code: 1101] error caused by: 1 error occurred:
        	            		* transaction execute failed: [Error Code: 1101] cadence runtime error: Execution failed:
        	            	  --> 651f7a432993a970a6329ab004ed0f291543b8b4bfcdc92a5b8dba6e12adcdc1:79:16
        	            	   |
        	            	79 | 		self.pointer= FindViews.createViewReadPointer(address: address, path:nft.publicPath, id: item.getItemID())
        	            	   | 		              ^^^^^^^^^^^^^^^^^^^^^^^^^^^^^^^^^^^^^^^^^^^^^^^^^^^^^^^^^^^^^^^^^^^^^^^^^^^^^^^^^^^^^^^^^^^^
        	            	
        	            	error: unexpectedly found nil while forcing an Optional value
        	            	   --> 179b6b1cb6755e31.FindViews:351:17
        	            	    |
        	            	351 |         let cap=	getAccount(address).capabilities.get<&{ViewResolver.ResolverCollection}>(path)!
        	            	    |                 	^^^^^^^^^^^^^^^^^^^^^^^^^^^^^^^^^^^^^^^^^^^^^^^^^^^^^^^^^^^^^^^^^^^^^^^^^^^^^^^
        	            	
        	            	
        	            	
        	            	transaction=./transactions/bidMarketAuctionSoftDapper.cdc
        	            	github.com/bjartek/overflow.OverflowInteractionBuilder.Send
        	            		/Users/bjartek/go/pkg/mod/github.com/bjartek/overflow@v1.14.1-0.20240201172206-df28bd63430b/interaction_builder.go:638
        	            	github.com/bjartek/overflow.(*OverflowState).Tx
        	            		/Users/bjartek/go/pkg/mod/github.com/bjartek/overflow@v1.14.1-0.20240201172206-df28bd63430b/state.go:585
        	            	github.com/findonflow/find.(*OverflowTestUtils).auctionBidMarketSoft
        	            		/Users/bjartek/dev/find/test_utils.go:525
        	            	github.com/findonflow/find.TestMarketAuctionSoft.func12
        	            		/Users/bjartek/dev/find/market_auction_soft_test.go:169
        	            	testing.tRunner
        	            		/opt/homebrew/Cellar/go/1.21.6/libexec/src/testing/testing.go:1595
        	            	runtime.goexit
        	            		/opt/homebrew/Cellar/go/1.21.6/libexec/src/runtime/asm_arm64.s:1197
        	Test:       	TestMarketAuctionSoft
    test_utils.go:532: 
        	Error Trace:	/Users/bjartek/go/pkg/mod/github.com/bjartek/overflow@v1.14.1-0.20240201172206-df28bd63430b/result.go:208
        	            				/Users/bjartek/dev/find/test_utils.go:532
        	            				/Users/bjartek/dev/find/market_auction_soft_test.go:169
        	Error:      	event not found FindMarketAuctionSoft.EnglishAuction, overflow.OverflowEvent{
        	            	  Id: "",
        	            	  Fields: map[string]interface {}{
        	            	    "amount": 15.0,
        	            	    "buyer": "0xe2f72218abeec2b9",
        	            	    "id": 9943947977234055170,
        	            	    "status": "active_ongoing",
        	            	  },
        	            	  TransactionId: "",
        	            	  EventIndex: 0,
        	            	  Name: "",
        	            	  Addresses: map[string][]string(nil),
        	            	}
        	Test:       	TestMarketAuctionSoft
    test_utils.go:532: === Events ===
    test_utils.go:491: 
        	Error Trace:	/Users/bjartek/dev/find/test_utils.go:491
        	            				/Users/bjartek/dev/find/market_auction_soft_test.go:171
        	Error:      	Not equal: 
        	            	expected: "finished_completed"
        	            	actual  : "active_listed"
        	            	
        	            	Diff:
        	            	--- Expected
        	            	+++ Actual
        	            	@@ -1 +1 @@
        	            	-finished_completed
        	            	+active_listed
        	Test:       	TestMarketAuctionSoft
    test_utils.go:492: 
        	Error Trace:	/Users/bjartek/dev/find/test_utils.go:492
        	            				/Users/bjartek/dev/find/market_auction_soft_test.go:171
        	Error:      	Not equal: 
        	            	expected: 15
        	            	actual  : 10
        	Test:       	TestMarketAuctionSoft
    test_utils.go:853: 
        	Error Trace:	/Users/bjartek/go/pkg/mod/github.com/bjartek/overflow@v1.14.1-0.20240201172206-df28bd63430b/result.go:167
        	            				/Users/bjartek/dev/find/test_utils.go:853
        	            				/Users/bjartek/dev/find/market_auction_soft_test.go:181
        	Error:      	Received unexpected error:
        	            	execution error code 1: [Error Code: 1101] error caused by: 1 error occurred:
        	            		* transaction execute failed: [Error Code: 1101] cadence runtime error: Execution failed:
        	            	error: panic: This account does not have a bid collection
        	            	  --> e766b6f46c21c370921b9169e0d92a66a873a100ee6d684139722611bfde6084:19:117
        	            	   |
        	            	19 |         self.bidsReference= account.storage.borrow<&FindMarketAuctionSoft.MarketBidCollection>(from: storagePath) ?? panic("This account does not have a bid collection")
        	            	   |                                                                                                                      ^^^^^^^^^^^^^^^^^^^^^^^^^^^^^^^^^^^^^^^^^^^^^^^^^^^^
        	            	
        	            	
        	            	
        	            	transaction=./transactions/fulfillMarketAuctionSoftDapper.cdc
        	            	github.com/bjartek/overflow.OverflowInteractionBuilder.Send
        	            		/Users/bjartek/go/pkg/mod/github.com/bjartek/overflow@v1.14.1-0.20240201172206-df28bd63430b/interaction_builder.go:638
        	            	github.com/bjartek/overflow.(*OverflowState).Tx
        	            		/Users/bjartek/go/pkg/mod/github.com/bjartek/overflow@v1.14.1-0.20240201172206-df28bd63430b/state.go:585
        	            	github.com/findonflow/find.(*OverflowTestUtils).fulfillMarketAuctionSoft
        	            		/Users/bjartek/dev/find/test_utils.go:847
        	            	github.com/findonflow/find.TestMarketAuctionSoft.func12
        	            		/Users/bjartek/dev/find/market_auction_soft_test.go:181
        	            	testing.tRunner
        	            		/opt/homebrew/Cellar/go/1.21.6/libexec/src/testing/testing.go:1595
        	            	runtime.goexit
        	            		/opt/homebrew/Cellar/go/1.21.6/libexec/src/runtime/asm_arm64.s:1197
        	Test:       	TestMarketAuctionSoft
    test_utils.go:854: 
        	Error Trace:	/Users/bjartek/go/pkg/mod/github.com/bjartek/overflow@v1.14.1-0.20240201172206-df28bd63430b/result.go:208
        	            				/Users/bjartek/dev/find/test_utils.go:854
        	            				/Users/bjartek/dev/find/market_auction_soft_test.go:181
        	Error:      	event not found FindMarketAuctionSoft.EnglishAuction, overflow.OverflowEvent{
        	            	  Id: "",
        	            	  Fields: map[string]interface {}{
        	            	    "amount": 15.0,
        	            	    "buyer": "0xe2f72218abeec2b9",
        	            	    "id": 9943947977234055170,
        	            	    "status": "sold",
        	            	  },
        	            	  TransactionId: "",
        	            	  EventIndex: 0,
        	            	  Name: "",
        	            	  Addresses: map[string][]string(nil),
        	            	}
        	Test:       	TestMarketAuctionSoft
    test_utils.go:854: === Events ===
    test_utils.go:531: 
        	Error Trace:	/Users/bjartek/go/pkg/mod/github.com/bjartek/overflow@v1.14.1-0.20240201172206-df28bd63430b/result.go:167
        	            				/Users/bjartek/dev/find/test_utils.go:531
        	            				/Users/bjartek/dev/find/market_auction_soft_test.go:188
        	Error:      	Received unexpected error:
        	            	execution error code 1: [Error Code: 1101] error caused by: 1 error occurred:
        	            		* transaction execute failed: [Error Code: 1101] cadence runtime error: Execution failed:
        	            	  --> 9c70ac15810a10d167bf96b7d4a5dbc542476d76e28a7e034f59f73a012d968d:79:16
        	            	   |
        	            	79 | 		self.pointer= FindViews.createViewReadPointer(address: address, path:nft.publicPath, id: item.getItemID())
        	            	   | 		              ^^^^^^^^^^^^^^^^^^^^^^^^^^^^^^^^^^^^^^^^^^^^^^^^^^^^^^^^^^^^^^^^^^^^^^^^^^^^^^^^^^^^^^^^^^^^
        	            	
        	            	error: unexpectedly found nil while forcing an Optional value
        	            	   --> 179b6b1cb6755e31.FindViews:351:17
        	            	    |
        	            	351 |         let cap=	getAccount(address).capabilities.get<&{ViewResolver.ResolverCollection}>(path)!
        	            	    |                 	^^^^^^^^^^^^^^^^^^^^^^^^^^^^^^^^^^^^^^^^^^^^^^^^^^^^^^^^^^^^^^^^^^^^^^^^^^^^^^^
        	            	
        	            	
        	            	
        	            	transaction=./transactions/bidMarketAuctionSoftDapper.cdc
        	            	github.com/bjartek/overflow.OverflowInteractionBuilder.Send
        	            		/Users/bjartek/go/pkg/mod/github.com/bjartek/overflow@v1.14.1-0.20240201172206-df28bd63430b/interaction_builder.go:638
        	            	github.com/bjartek/overflow.(*OverflowState).Tx
        	            		/Users/bjartek/go/pkg/mod/github.com/bjartek/overflow@v1.14.1-0.20240201172206-df28bd63430b/state.go:585
        	            	github.com/findonflow/find.(*OverflowTestUtils).auctionBidMarketSoft
        	            		/Users/bjartek/dev/find/test_utils.go:525
        	            	github.com/findonflow/find.TestMarketAuctionSoft.func13
        	            		/Users/bjartek/dev/find/market_auction_soft_test.go:188
        	            	testing.tRunner
        	            		/opt/homebrew/Cellar/go/1.21.6/libexec/src/testing/testing.go:1595
        	            	runtime.goexit
        	            		/opt/homebrew/Cellar/go/1.21.6/libexec/src/runtime/asm_arm64.s:1197
        	Test:       	TestMarketAuctionSoft
    test_utils.go:532: 
        	Error Trace:	/Users/bjartek/go/pkg/mod/github.com/bjartek/overflow@v1.14.1-0.20240201172206-df28bd63430b/result.go:208
        	            				/Users/bjartek/dev/find/test_utils.go:532
        	            				/Users/bjartek/dev/find/market_auction_soft_test.go:188
        	Error:      	event not found FindMarketAuctionSoft.EnglishAuction, overflow.OverflowEvent{
        	            	  Id: "",
        	            	  Fields: map[string]interface {}{
        	            	    "amount": 15.0,
        	            	    "buyer": "0xe2f72218abeec2b9",
        	            	    "id": 9943947977234055170,
        	            	    "status": "active_ongoing",
        	            	  },
        	            	  TransactionId: "",
        	            	  EventIndex: 0,
        	            	  Name: "",
        	            	  Addresses: map[string][]string(nil),
        	            	}
        	Test:       	TestMarketAuctionSoft
    test_utils.go:532: === Events ===
    test_utils.go:531: 
        	Error Trace:	/Users/bjartek/go/pkg/mod/github.com/bjartek/overflow@v1.14.1-0.20240201172206-df28bd63430b/result.go:167
        	            				/Users/bjartek/dev/find/test_utils.go:531
        	            				/Users/bjartek/dev/find/market_auction_soft_test.go:198
        	Error:      	Received unexpected error:
        	            	execution error code 1: [Error Code: 1101] error caused by: 1 error occurred:
        	            		* transaction execute failed: [Error Code: 1101] cadence runtime error: Execution failed:
        	            	  --> e9c722fd11a3448e5000b5c61f45b68c4e7653d95cfe7b62e186f6a8203a4235:79:16
        	            	   |
        	            	79 | 		self.pointer= FindViews.createViewReadPointer(address: address, path:nft.publicPath, id: item.getItemID())
        	            	   | 		              ^^^^^^^^^^^^^^^^^^^^^^^^^^^^^^^^^^^^^^^^^^^^^^^^^^^^^^^^^^^^^^^^^^^^^^^^^^^^^^^^^^^^^^^^^^^^
        	            	
        	            	error: unexpectedly found nil while forcing an Optional value
        	            	   --> 179b6b1cb6755e31.FindViews:351:17
        	            	    |
        	            	351 |         let cap=	getAccount(address).capabilities.get<&{ViewResolver.ResolverCollection}>(path)!
        	            	    |                 	^^^^^^^^^^^^^^^^^^^^^^^^^^^^^^^^^^^^^^^^^^^^^^^^^^^^^^^^^^^^^^^^^^^^^^^^^^^^^^^
        	            	
        	            	
        	            	
        	            	transaction=./transactions/bidMarketAuctionSoftDapper.cdc
        	            	github.com/bjartek/overflow.OverflowInteractionBuilder.Send
        	            		/Users/bjartek/go/pkg/mod/github.com/bjartek/overflow@v1.14.1-0.20240201172206-df28bd63430b/interaction_builder.go:638
        	            	github.com/bjartek/overflow.(*OverflowState).Tx
        	            		/Users/bjartek/go/pkg/mod/github.com/bjartek/overflow@v1.14.1-0.20240201172206-df28bd63430b/state.go:585
        	            	github.com/findonflow/find.(*OverflowTestUtils).auctionBidMarketSoft
        	            		/Users/bjartek/dev/find/test_utils.go:525
        	            	github.com/findonflow/find.TestMarketAuctionSoft.func14
        	            		/Users/bjartek/dev/find/market_auction_soft_test.go:198
        	            	testing.tRunner
        	            		/opt/homebrew/Cellar/go/1.21.6/libexec/src/testing/testing.go:1595
        	            	runtime.goexit
        	            		/opt/homebrew/Cellar/go/1.21.6/libexec/src/runtime/asm_arm64.s:1197
        	Test:       	TestMarketAuctionSoft
    test_utils.go:532: 
        	Error Trace:	/Users/bjartek/go/pkg/mod/github.com/bjartek/overflow@v1.14.1-0.20240201172206-df28bd63430b/result.go:208
        	            				/Users/bjartek/dev/find/test_utils.go:532
        	            				/Users/bjartek/dev/find/market_auction_soft_test.go:198
        	Error:      	event not found FindMarketAuctionSoft.EnglishAuction, overflow.OverflowEvent{
        	            	  Id: "",
        	            	  Fields: map[string]interface {}{
        	            	    "amount": 11.0,
        	            	    "buyer": "0xe2f72218abeec2b9",
        	            	    "id": 9943947977234055170,
        	            	    "status": "active_ongoing",
        	            	  },
        	            	  TransactionId: "",
        	            	  EventIndex: 0,
        	            	  Name: "",
        	            	  Addresses: map[string][]string(nil),
        	            	}
        	Test:       	TestMarketAuctionSoft
    test_utils.go:532: === Events ===
    test_utils.go:491: 
        	Error Trace:	/Users/bjartek/dev/find/test_utils.go:491
        	            				/Users/bjartek/dev/find/market_auction_soft_test.go:200
        	Error:      	Not equal: 
        	            	expected: "finished_failed"
        	            	actual  : "active_listed"
        	            	
        	            	Diff:
        	            	--- Expected
        	            	+++ Actual
        	            	@@ -1 +1 @@
        	            	-finished_failed
        	            	+active_listed
        	Test:       	TestMarketAuctionSoft
    test_utils.go:492: 
        	Error Trace:	/Users/bjartek/dev/find/test_utils.go:492
        	            				/Users/bjartek/dev/find/market_auction_soft_test.go:200
        	Error:      	Not equal: 
        	            	expected: 11
        	            	actual  : 10
        	Test:       	TestMarketAuctionSoft
    test_utils.go:531: 
        	Error Trace:	/Users/bjartek/go/pkg/mod/github.com/bjartek/overflow@v1.14.1-0.20240201172206-df28bd63430b/result.go:167
        	            				/Users/bjartek/dev/find/test_utils.go:531
        	            				/Users/bjartek/dev/find/market_auction_soft_test.go:222
        	Error:      	Received unexpected error:
        	            	execution error code 1: [Error Code: 1101] error caused by: 1 error occurred:
        	            		* transaction execute failed: [Error Code: 1101] cadence runtime error: Execution failed:
        	            	  --> 7be857d1f029622442b9fe851aceb99be3dd94ad5ec2daab49394d09d0b55165:79:16
        	            	   |
        	            	79 | 		self.pointer= FindViews.createViewReadPointer(address: address, path:nft.publicPath, id: item.getItemID())
        	            	   | 		              ^^^^^^^^^^^^^^^^^^^^^^^^^^^^^^^^^^^^^^^^^^^^^^^^^^^^^^^^^^^^^^^^^^^^^^^^^^^^^^^^^^^^^^^^^^^^
        	            	
        	            	error: unexpectedly found nil while forcing an Optional value
        	            	   --> 179b6b1cb6755e31.FindViews:351:17
        	            	    |
        	            	351 |         let cap=	getAccount(address).capabilities.get<&{ViewResolver.ResolverCollection}>(path)!
        	            	    |                 	^^^^^^^^^^^^^^^^^^^^^^^^^^^^^^^^^^^^^^^^^^^^^^^^^^^^^^^^^^^^^^^^^^^^^^^^^^^^^^^
        	            	
        	            	
        	            	
        	            	transaction=./transactions/bidMarketAuctionSoftDapper.cdc
        	            	github.com/bjartek/overflow.OverflowInteractionBuilder.Send
        	            		/Users/bjartek/go/pkg/mod/github.com/bjartek/overflow@v1.14.1-0.20240201172206-df28bd63430b/interaction_builder.go:638
        	            	github.com/bjartek/overflow.(*OverflowState).Tx
        	            		/Users/bjartek/go/pkg/mod/github.com/bjartek/overflow@v1.14.1-0.20240201172206-df28bd63430b/state.go:585
        	            	github.com/findonflow/find.(*OverflowTestUtils).auctionBidMarketSoft
        	            		/Users/bjartek/dev/find/test_utils.go:525
        	            	github.com/findonflow/find.TestMarketAuctionSoft.func15
        	            		/Users/bjartek/dev/find/market_auction_soft_test.go:222
        	            	testing.tRunner
        	            		/opt/homebrew/Cellar/go/1.21.6/libexec/src/testing/testing.go:1595
        	            	runtime.goexit
        	            		/opt/homebrew/Cellar/go/1.21.6/libexec/src/runtime/asm_arm64.s:1197
        	Test:       	TestMarketAuctionSoft
    test_utils.go:532: 
        	Error Trace:	/Users/bjartek/go/pkg/mod/github.com/bjartek/overflow@v1.14.1-0.20240201172206-df28bd63430b/result.go:208
        	            				/Users/bjartek/dev/find/test_utils.go:532
        	            				/Users/bjartek/dev/find/market_auction_soft_test.go:222
        	Error:      	event not found FindMarketAuctionSoft.EnglishAuction, overflow.OverflowEvent{
        	            	  Id: "",
        	            	  Fields: map[string]interface {}{
        	            	    "amount": 15.0,
        	            	    "buyer": "0xe2f72218abeec2b9",
        	            	    "id": 9943947977234055170,
        	            	    "status": "active_ongoing",
        	            	  },
        	            	  TransactionId: "",
        	            	  EventIndex: 0,
        	            	  Name: "",
        	            	  Addresses: map[string][]string(nil),
        	            	}
        	Test:       	TestMarketAuctionSoft
    test_utils.go:532: === Events ===
    test_utils.go:491: 
        	Error Trace:	/Users/bjartek/dev/find/test_utils.go:491
        	            				/Users/bjartek/dev/find/market_auction_soft_test.go:223
        	Error:      	Not equal: 
        	            	expected: "active_ongoing"
        	            	actual  : "active_listed"
        	            	
        	            	Diff:
        	            	--- Expected
        	            	+++ Actual
        	            	@@ -1 +1 @@
        	            	-active_ongoing
        	            	+active_listed
        	Test:       	TestMarketAuctionSoft
    test_utils.go:492: 
        	Error Trace:	/Users/bjartek/dev/find/test_utils.go:492
        	            				/Users/bjartek/dev/find/market_auction_soft_test.go:223
        	Error:      	Not equal: 
        	            	expected: 15
        	            	actual  : 10
        	Test:       	TestMarketAuctionSoft
    test_utils.go:531: 
        	Error Trace:	/Users/bjartek/go/pkg/mod/github.com/bjartek/overflow@v1.14.1-0.20240201172206-df28bd63430b/result.go:167
        	            				/Users/bjartek/dev/find/test_utils.go:531
        	            				/Users/bjartek/dev/find/market_auction_soft_test.go:253
        	Error:      	Received unexpected error:
        	            	execution error code 1: [Error Code: 1101] error caused by: 1 error occurred:
        	            		* transaction execute failed: [Error Code: 1101] cadence runtime error: Execution failed:
        	            	  --> 8008560c04ef553e59ebcd1f23cf6c9ebcb3d4a8d4564668e10f27287a9399d3:79:16
        	            	   |
        	            	79 | 		self.pointer= FindViews.createViewReadPointer(address: address, path:nft.publicPath, id: item.getItemID())
        	            	   | 		              ^^^^^^^^^^^^^^^^^^^^^^^^^^^^^^^^^^^^^^^^^^^^^^^^^^^^^^^^^^^^^^^^^^^^^^^^^^^^^^^^^^^^^^^^^^^^
        	            	
        	            	error: unexpectedly found nil while forcing an Optional value
        	            	   --> 179b6b1cb6755e31.FindViews:351:17
        	            	    |
        	            	351 |         let cap=	getAccount(address).capabilities.get<&{ViewResolver.ResolverCollection}>(path)!
        	            	    |                 	^^^^^^^^^^^^^^^^^^^^^^^^^^^^^^^^^^^^^^^^^^^^^^^^^^^^^^^^^^^^^^^^^^^^^^^^^^^^^^^
        	            	
        	            	
        	            	
        	            	transaction=./transactions/bidMarketAuctionSoftDapper.cdc
        	            	github.com/bjartek/overflow.OverflowInteractionBuilder.Send
        	            		/Users/bjartek/go/pkg/mod/github.com/bjartek/overflow@v1.14.1-0.20240201172206-df28bd63430b/interaction_builder.go:638
        	            	github.com/bjartek/overflow.(*OverflowState).Tx
        	            		/Users/bjartek/go/pkg/mod/github.com/bjartek/overflow@v1.14.1-0.20240201172206-df28bd63430b/state.go:585
        	            	github.com/findonflow/find.(*OverflowTestUtils).auctionBidMarketSoft
        	            		/Users/bjartek/dev/find/test_utils.go:525
        	            	github.com/findonflow/find.TestMarketAuctionSoft.func18
        	            		/Users/bjartek/dev/find/market_auction_soft_test.go:253
        	            	testing.tRunner
        	            		/opt/homebrew/Cellar/go/1.21.6/libexec/src/testing/testing.go:1595
        	            	runtime.goexit
        	            		/opt/homebrew/Cellar/go/1.21.6/libexec/src/runtime/asm_arm64.s:1197
        	Test:       	TestMarketAuctionSoft
    test_utils.go:532: 
        	Error Trace:	/Users/bjartek/go/pkg/mod/github.com/bjartek/overflow@v1.14.1-0.20240201172206-df28bd63430b/result.go:208
        	            				/Users/bjartek/dev/find/test_utils.go:532
        	            				/Users/bjartek/dev/find/market_auction_soft_test.go:253
        	Error:      	event not found FindMarketAuctionSoft.EnglishAuction, overflow.OverflowEvent{
        	            	  Id: "",
        	            	  Fields: map[string]interface {}{
        	            	    "amount": 15.0,
        	            	    "buyer": "0xe2f72218abeec2b9",
        	            	    "id": 9943947977234055170,
        	            	    "status": "active_ongoing",
        	            	  },
        	            	  TransactionId: "",
        	            	  EventIndex: 0,
        	            	  Name: "",
        	            	  Addresses: map[string][]string(nil),
        	            	}
        	Test:       	TestMarketAuctionSoft
    test_utils.go:532: === Events ===
    test_utils.go:531: 
        	Error Trace:	/Users/bjartek/go/pkg/mod/github.com/bjartek/overflow@v1.14.1-0.20240201172206-df28bd63430b/result.go:167
        	            				/Users/bjartek/dev/find/test_utils.go:531
        	            				/Users/bjartek/dev/find/market_auction_soft_test.go:269
        	Error:      	Received unexpected error:
        	            	execution error code 1: [Error Code: 1101] error caused by: 1 error occurred:
        	            		* transaction execute failed: [Error Code: 1101] cadence runtime error: Execution failed:
        	            	  --> 9c44e1c036fc161a9c48fc27e8a967fbd87f887d524364f191b9ff54b69cacaa:79:16
        	            	   |
        	            	79 | 		self.pointer= FindViews.createViewReadPointer(address: address, path:nft.publicPath, id: item.getItemID())
        	            	   | 		              ^^^^^^^^^^^^^^^^^^^^^^^^^^^^^^^^^^^^^^^^^^^^^^^^^^^^^^^^^^^^^^^^^^^^^^^^^^^^^^^^^^^^^^^^^^^^
        	            	
        	            	error: unexpectedly found nil while forcing an Optional value
        	            	   --> 179b6b1cb6755e31.FindViews:351:17
        	            	    |
        	            	351 |         let cap=	getAccount(address).capabilities.get<&{ViewResolver.ResolverCollection}>(path)!
        	            	    |                 	^^^^^^^^^^^^^^^^^^^^^^^^^^^^^^^^^^^^^^^^^^^^^^^^^^^^^^^^^^^^^^^^^^^^^^^^^^^^^^^
        	            	
        	            	
        	            	
        	            	transaction=./transactions/bidMarketAuctionSoftDapper.cdc
        	            	github.com/bjartek/overflow.OverflowInteractionBuilder.Send
        	            		/Users/bjartek/go/pkg/mod/github.com/bjartek/overflow@v1.14.1-0.20240201172206-df28bd63430b/interaction_builder.go:638
        	            	github.com/bjartek/overflow.(*OverflowState).Tx
        	            		/Users/bjartek/go/pkg/mod/github.com/bjartek/overflow@v1.14.1-0.20240201172206-df28bd63430b/state.go:585
        	            	github.com/findonflow/find.(*OverflowTestUtils).auctionBidMarketSoft
        	            		/Users/bjartek/dev/find/test_utils.go:525
        	            	github.com/findonflow/find.TestMarketAuctionSoft.func19
        	            		/Users/bjartek/dev/find/market_auction_soft_test.go:269
        	            	testing.tRunner
        	            		/opt/homebrew/Cellar/go/1.21.6/libexec/src/testing/testing.go:1595
        	            	runtime.goexit
        	            		/opt/homebrew/Cellar/go/1.21.6/libexec/src/runtime/asm_arm64.s:1197
        	Test:       	TestMarketAuctionSoft
    test_utils.go:532: 
        	Error Trace:	/Users/bjartek/go/pkg/mod/github.com/bjartek/overflow@v1.14.1-0.20240201172206-df28bd63430b/result.go:208
        	            				/Users/bjartek/dev/find/test_utils.go:532
        	            				/Users/bjartek/dev/find/market_auction_soft_test.go:269
        	Error:      	event not found FindMarketAuctionSoft.EnglishAuction, overflow.OverflowEvent{
        	            	  Id: "",
        	            	  Fields: map[string]interface {}{
        	            	    "amount": 15.0,
        	            	    "buyer": "0xe2f72218abeec2b9",
        	            	    "id": 9943947977234055170,
        	            	    "status": "active_ongoing",
        	            	  },
        	            	  TransactionId: "",
        	            	  EventIndex: 0,
        	            	  Name: "",
        	            	  Addresses: map[string][]string(nil),
        	            	}
        	Test:       	TestMarketAuctionSoft
    test_utils.go:532: === Events ===
    test_utils.go:531: 
        	Error Trace:	/Users/bjartek/go/pkg/mod/github.com/bjartek/overflow@v1.14.1-0.20240201172206-df28bd63430b/result.go:167
        	            				/Users/bjartek/dev/find/test_utils.go:531
        	            				/Users/bjartek/dev/find/market_auction_soft_test.go:299
        	Error:      	Received unexpected error:
        	            	execution error code 1: [Error Code: 1101] error caused by: 1 error occurred:
        	            		* transaction execute failed: [Error Code: 1101] cadence runtime error: Execution failed:
        	            	  --> 3e3a29f05c354b2bb3075834767fb49ddba441e831425f863ae641f967d8ddf8:79:16
        	            	   |
        	            	79 | 		self.pointer= FindViews.createViewReadPointer(address: address, path:nft.publicPath, id: item.getItemID())
        	            	   | 		              ^^^^^^^^^^^^^^^^^^^^^^^^^^^^^^^^^^^^^^^^^^^^^^^^^^^^^^^^^^^^^^^^^^^^^^^^^^^^^^^^^^^^^^^^^^^^
        	            	
        	            	error: unexpectedly found nil while forcing an Optional value
        	            	   --> 179b6b1cb6755e31.FindViews:351:17
        	            	    |
        	            	351 |         let cap=	getAccount(address).capabilities.get<&{ViewResolver.ResolverCollection}>(path)!
        	            	    |                 	^^^^^^^^^^^^^^^^^^^^^^^^^^^^^^^^^^^^^^^^^^^^^^^^^^^^^^^^^^^^^^^^^^^^^^^^^^^^^^^
        	            	
        	            	
        	            	
        	            	transaction=./transactions/bidMarketAuctionSoftDapper.cdc
        	            	github.com/bjartek/overflow.OverflowInteractionBuilder.Send
        	            		/Users/bjartek/go/pkg/mod/github.com/bjartek/overflow@v1.14.1-0.20240201172206-df28bd63430b/interaction_builder.go:638
        	            	github.com/bjartek/overflow.(*OverflowState).Tx
        	            		/Users/bjartek/go/pkg/mod/github.com/bjartek/overflow@v1.14.1-0.20240201172206-df28bd63430b/state.go:585
        	            	github.com/findonflow/find.(*OverflowTestUtils).auctionBidMarketSoft
        	            		/Users/bjartek/dev/find/test_utils.go:525
        	            	github.com/findonflow/find.TestMarketAuctionSoft.func20
        	            		/Users/bjartek/dev/find/market_auction_soft_test.go:299
        	            	testing.tRunner
        	            		/opt/homebrew/Cellar/go/1.21.6/libexec/src/testing/testing.go:1595
        	            	runtime.goexit
        	            		/opt/homebrew/Cellar/go/1.21.6/libexec/src/runtime/asm_arm64.s:1197
        	Test:       	TestMarketAuctionSoft
    test_utils.go:532: 
        	Error Trace:	/Users/bjartek/go/pkg/mod/github.com/bjartek/overflow@v1.14.1-0.20240201172206-df28bd63430b/result.go:208
        	            				/Users/bjartek/dev/find/test_utils.go:532
        	            				/Users/bjartek/dev/find/market_auction_soft_test.go:299
        	Error:      	event not found FindMarketAuctionSoft.EnglishAuction, overflow.OverflowEvent{
        	            	  Id: "",
        	            	  Fields: map[string]interface {}{
        	            	    "amount": 15.0,
        	            	    "buyer": "0xe2f72218abeec2b9",
        	            	    "id": 9943947977234055170,
        	            	    "status": "active_ongoing",
        	            	  },
        	            	  TransactionId: "",
        	            	  EventIndex: 0,
        	            	  Name: "",
        	            	  Addresses: map[string][]string(nil),
        	            	}
        	Test:       	TestMarketAuctionSoft
    test_utils.go:532: === Events ===
    test_utils.go:491: 
        	Error Trace:	/Users/bjartek/dev/find/test_utils.go:491
        	            				/Users/bjartek/dev/find/market_auction_soft_test.go:300
        	Error:      	Not equal: 
        	            	expected: "active_ongoing"
        	            	actual  : "active_listed"
        	            	
        	            	Diff:
        	            	--- Expected
        	            	+++ Actual
        	            	@@ -1 +1 @@
        	            	-active_ongoing
        	            	+active_listed
        	Test:       	TestMarketAuctionSoft
    test_utils.go:492: 
        	Error Trace:	/Users/bjartek/dev/find/test_utils.go:492
        	            				/Users/bjartek/dev/find/market_auction_soft_test.go:300
        	Error:      	Not equal: 
        	            	expected: 15
        	            	actual  : 10
        	Test:       	TestMarketAuctionSoft
    test_utils.go:1697: 
        	Error Trace:	/Users/bjartek/go/pkg/mod/github.com/bjartek/overflow@v1.14.1-0.20240201172206-df28bd63430b/result.go:167
        	            				/Users/bjartek/dev/find/test_utils.go:1697
        	            				/Users/bjartek/dev/find/market_auction_soft_test.go:320
        	Error:      	Received unexpected error:
        	            	execution error code 1: [Error Code: 1101] error caused by: 1 error occurred:
        	            		* transaction execute failed: [Error Code: 1101] cadence runtime error: Execution failed:
        	            	  --> fc59f3dd2c338c518a7120073aaa315593e9d30cfd1885a5badfad95eebd6898:79:16
        	            	   |
        	            	79 | 		self.pointer= FindViews.createViewReadPointer(address: address, path:nft.publicPath, id: item.getItemID())
        	            	   | 		              ^^^^^^^^^^^^^^^^^^^^^^^^^^^^^^^^^^^^^^^^^^^^^^^^^^^^^^^^^^^^^^^^^^^^^^^^^^^^^^^^^^^^^^^^^^^^
        	            	
        	            	error: unexpectedly found nil while forcing an Optional value
        	            	   --> 179b6b1cb6755e31.FindViews:351:17
        	            	    |
        	            	351 |         let cap=	getAccount(address).capabilities.get<&{ViewResolver.ResolverCollection}>(path)!
        	            	    |                 	^^^^^^^^^^^^^^^^^^^^^^^^^^^^^^^^^^^^^^^^^^^^^^^^^^^^^^^^^^^^^^^^^^^^^^^^^^^^^^^
        	            	
        	            	
        	            	
        	            	transaction=./transactions/bidMarketAuctionSoftDapper.cdc
        	            	github.com/bjartek/overflow.OverflowInteractionBuilder.Send
        	            		/Users/bjartek/go/pkg/mod/github.com/bjartek/overflow@v1.14.1-0.20240201172206-df28bd63430b/interaction_builder.go:638
        	            	github.com/bjartek/overflow.(*OverflowState).Tx
        	            		/Users/bjartek/go/pkg/mod/github.com/bjartek/overflow@v1.14.1-0.20240201172206-df28bd63430b/state.go:585
        	            	github.com/findonflow/find.(*OverflowTestUtils).auctionBidMarketSoftDUC
        	            		/Users/bjartek/dev/find/test_utils.go:1691
        	            	github.com/findonflow/find.TestMarketAuctionSoft.func21
        	            		/Users/bjartek/dev/find/market_auction_soft_test.go:320
        	            	testing.tRunner
        	            		/opt/homebrew/Cellar/go/1.21.6/libexec/src/testing/testing.go:1595
        	            	runtime.goexit
        	            		/opt/homebrew/Cellar/go/1.21.6/libexec/src/runtime/asm_arm64.s:1197
        	Test:       	TestMarketAuctionSoft
    test_utils.go:1698: 
        	Error Trace:	/Users/bjartek/go/pkg/mod/github.com/bjartek/overflow@v1.14.1-0.20240201172206-df28bd63430b/result.go:208
        	            				/Users/bjartek/dev/find/test_utils.go:1698
        	            				/Users/bjartek/dev/find/market_auction_soft_test.go:320
        	Error:      	event not found A.179b6b1cb6755e31.FindMarketAuctionSoft.EnglishAuction, overflow.OverflowEvent{
        	            	  Id: "",
        	            	  Fields: map[string]interface {}{
        	            	    "amount": 15.0,
        	            	    "buyer": "0xe2f72218abeec2b9",
        	            	    "id": 9943947977234055170,
        	            	    "status": "active_ongoing",
        	            	  },
        	            	  TransactionId: "",
        	            	  EventIndex: 0,
        	            	  Name: "",
        	            	  Addresses: map[string][]string(nil),
        	            	}
        	Test:       	TestMarketAuctionSoft
    test_utils.go:1698: === Events ===
    test_utils.go:491: 
        	Error Trace:	/Users/bjartek/dev/find/test_utils.go:491
        	            				/Users/bjartek/dev/find/market_auction_soft_test.go:322
        	Error:      	Not equal: 
        	            	expected: "finished_completed"
        	            	actual  : "active_listed"
        	            	
        	            	Diff:
        	            	--- Expected
        	            	+++ Actual
        	            	@@ -1 +1 @@
        	            	-finished_completed
        	            	+active_listed
        	Test:       	TestMarketAuctionSoft
    test_utils.go:492: 
        	Error Trace:	/Users/bjartek/dev/find/test_utils.go:492
        	            				/Users/bjartek/dev/find/market_auction_soft_test.go:322
        	Error:      	Not equal: 
        	            	expected: 15
        	            	actual  : 10
        	Test:       	TestMarketAuctionSoft
    test_utils.go:1757: 
        	Error Trace:	/Users/bjartek/go/pkg/mod/github.com/bjartek/overflow@v1.14.1-0.20240201172206-df28bd63430b/result.go:167
        	            				/Users/bjartek/dev/find/test_utils.go:1757
        	            				/Users/bjartek/dev/find/market_auction_soft_test.go:323
        	Error:      	Received unexpected error:
        	            	execution error code 1: [Error Code: 1101] error caused by: 1 error occurred:
        	            		* transaction execute failed: [Error Code: 1101] cadence runtime error: Execution failed:
        	            	error: panic: This account does not have a bid collection
        	            	  --> 51a87eafb1f80303018e8efd8995aa6883fbf48f2f921c555ce82ddadffe3db4:19:117
        	            	   |
        	            	19 |         self.bidsReference= account.storage.borrow<&FindMarketAuctionSoft.MarketBidCollection>(from: storagePath) ?? panic("This account does not have a bid collection")
        	            	   |                                                                                                                      ^^^^^^^^^^^^^^^^^^^^^^^^^^^^^^^^^^^^^^^^^^^^^^^^^^^^
        	            	
        	            	
        	            	
        	            	transaction=./transactions/fulfillMarketAuctionSoftDapper.cdc
        	            	github.com/bjartek/overflow.OverflowInteractionBuilder.Send
        	            		/Users/bjartek/go/pkg/mod/github.com/bjartek/overflow@v1.14.1-0.20240201172206-df28bd63430b/interaction_builder.go:638
        	            	github.com/bjartek/overflow.(*OverflowState).Tx
        	            		/Users/bjartek/go/pkg/mod/github.com/bjartek/overflow@v1.14.1-0.20240201172206-df28bd63430b/state.go:585
        	            	github.com/findonflow/find.(*OverflowTestUtils).fulfillMarketAuctionSoftDUC
        	            		/Users/bjartek/dev/find/test_utils.go:1751
        	            	github.com/findonflow/find.TestMarketAuctionSoft.func21
        	            		/Users/bjartek/dev/find/market_auction_soft_test.go:323
        	            	testing.tRunner
        	            		/opt/homebrew/Cellar/go/1.21.6/libexec/src/testing/testing.go:1595
        	            	runtime.goexit
        	            		/opt/homebrew/Cellar/go/1.21.6/libexec/src/runtime/asm_arm64.s:1197
        	Test:       	TestMarketAuctionSoft
    test_utils.go:1758: 
        	Error Trace:	/Users/bjartek/go/pkg/mod/github.com/bjartek/overflow@v1.14.1-0.20240201172206-df28bd63430b/result.go:208
        	            				/Users/bjartek/dev/find/test_utils.go:1758
        	            				/Users/bjartek/dev/find/market_auction_soft_test.go:323
        	Error:      	event not found A.179b6b1cb6755e31.FindMarketAuctionSoft.EnglishAuction, overflow.OverflowEvent{
        	            	  Id: "",
        	            	  Fields: map[string]interface {}{
        	            	    "amount": 15.0,
        	            	    "buyer": "0xe2f72218abeec2b9",
        	            	    "id": 9943947977234055170,
        	            	    "status": "sold",
        	            	  },
        	            	  TransactionId: "",
        	            	  EventIndex: 0,
        	            	  Name: "",
        	            	  Addresses: map[string][]string(nil),
        	            	}
        	Test:       	TestMarketAuctionSoft
    test_utils.go:1758: === Events ===
--- FAIL: TestMarketAuctionSoft (6.44s)
FAIL TestMarketAuctionSoft (6.44s)
PASS TestDapperMarketSale/Should_be_able_to_list_an_NFT_for_sale_and_buy_it_with_DUC (0.27s)
PASS TestDapperMarketSale/Should_be_able_to_list_an_NFT_for_sale_and_buy_it_with_DUC,_royalties_should_be_paid_to_merch_account_if_royalty_is_higher_than_0.44 (0.17s)
PASS TestDapperMarketSale (0.44s)
PASS TestMarketDirectOfferEscrow/Should_be_able_to_add_direct_offer_and_then_sell (0.22s)
PASS TestMarketDirectOfferEscrow/Should_be_able_to_add_direct_offer_and_then_sell_even_the_seller_didn't_link_provider_correctly (0.28s)
PASS TestMarketDirectOfferEscrow/Should_be_able_to_add_direct_offer_and_then_sell_even_the_buyer_didn't_link_receiver_correctly (0.27s)
PASS TestMarketDirectOfferEscrow/Should_not_be_able_to_offer_with_price_0 (0.07s)
PASS TestMarketDirectOfferEscrow/Should_not_be_able_to_offer_with_invalid_time (0.07s)
PASS TestMarketDirectOfferEscrow/Should_be_able_to_reject_offer_if_the_pointer_is_no_longer_valid (0.20s)
PASS TestMarketDirectOfferEscrow/Should_be_able_to_retract_offer_if_the_pointer_is_no_longer_valid (0.21s)
PASS TestMarketDirectOfferEscrow/Should_be_able_to_increase_offer (0.34s)
PASS TestMarketDirectOfferEscrow/Should_be_able_to_reject_offer (0.20s)
PASS TestMarketDirectOfferEscrow/Should_be_able_to_retract_offer (0.20s)
PASS TestMarketDirectOfferEscrow/Should_not_be_able_to_offer_your_own_NFT (0.07s)
PASS TestMarketDirectOfferEscrow/Should_not_be_able_to_accept_expired_offers (0.41s)
PASS TestMarketDirectOfferEscrow/Should_return_money_when_outbid (0.21s)
PASS TestMarketDirectOfferEscrow/Should_not_be_able_to_direct_offer_after_deprecated (0.12s)
PASS TestMarketDirectOfferEscrow/Should_not_be_able_to_increase_offer_if_deprecated_but_able_to_accept_offer (0.46s)
PASS TestMarketDirectOfferEscrow/Should_be_able_to_reject_offer_when_deprecated (0.24s)
PASS TestMarketDirectOfferEscrow/Should_not_be_able_to_direct_offer_after_stopped (0.12s)
PASS TestMarketDirectOfferEscrow/Should_not_be_able_to_increase_offer_nor_buy_if_stopped (0.39s)
PASS TestMarketDirectOfferEscrow/Should_be_able_to_able_to_direct_offer,_add_bit_and_accept_offer_after_enabled (0.45s)
PASS TestMarketDirectOfferEscrow/Should_be_able_to_able_to_direct_offerand_reject_after_enabled (0.30s)
PASS TestMarketDirectOfferEscrow/Should_not_be_able_to_make_offer_by_user3_when_deprecated_or_stopped (0.39s)
PASS TestMarketDirectOfferEscrow/Should_be_able_to_retract_offer_when_deprecated_and_stopped (0.30s)
PASS TestMarketDirectOfferEscrow/Royalties_should_be_sent_to_correspondence_upon_accept_offer_action (0.23s)
PASS TestMarketDirectOfferEscrow/Royalties_of_find_platform_should_be_able_to_change (0.31s)
PASS TestMarketDirectOfferEscrow (6.10s)
=== RUN   TestMarketDirectOfferSoft/Should_be_able_to_add_direct_offer_and_then_sell
--- FAIL: TestMarketDirectOfferSoft/Should_be_able_to_add_direct_offer_and_then_sell (0.24s)
FAIL TestMarketDirectOfferSoft/Should_be_able_to_add_direct_offer_and_then_sell (0.24s)
=== RUN   TestMarketDirectOfferSoft
    test_utils.go:644: 
        	Error Trace:	/Users/bjartek/go/pkg/mod/github.com/bjartek/overflow@v1.14.1-0.20240201172206-df28bd63430b/result.go:167
        	            				/Users/bjartek/dev/find/test_utils.go:644
        	            				/Users/bjartek/dev/find/market_direct_offer_soft_test.go:29
        	Error:      	Received unexpected error:
        	            	execution error code 1: [Error Code: 1101] error caused by: 1 error occurred:
        	            		* transaction execute failed: [Error Code: 1101] cadence runtime error: Execution failed:
        	            	  --> 588ab6566678f05e9a1ce649d8bfff263407f8a35630686c786ba4fbfdb9d4c2:49:16
        	            	   |
        	            	49 | 		self.pointer= FindViews.createViewReadPointer(address: address, path:nft.publicPath, id: id)
        	            	   | 		              ^^^^^^^^^^^^^^^^^^^^^^^^^^^^^^^^^^^^^^^^^^^^^^^^^^^^^^^^^^^^^^^^^^^^^^^^^^^^^^
        	            	
        	            	error: unexpectedly found nil while forcing an Optional value
        	            	   --> 179b6b1cb6755e31.FindViews:351:17
        	            	    |
        	            	351 |         let cap=	getAccount(address).capabilities.get<&{ViewResolver.ResolverCollection}>(path)!
        	            	    |                 	^^^^^^^^^^^^^^^^^^^^^^^^^^^^^^^^^^^^^^^^^^^^^^^^^^^^^^^^^^^^^^^^^^^^^^^^^^^^^^^
        	            	
        	            	
        	            	
        	            	transaction=./transactions/bidMarketDirectOfferSoftDapper.cdc
        	            	github.com/bjartek/overflow.OverflowInteractionBuilder.Send
        	            		/Users/bjartek/go/pkg/mod/github.com/bjartek/overflow@v1.14.1-0.20240201172206-df28bd63430b/interaction_builder.go:638
        	            	github.com/bjartek/overflow.(*OverflowState).Tx
        	            		/Users/bjartek/go/pkg/mod/github.com/bjartek/overflow@v1.14.1-0.20240201172206-df28bd63430b/state.go:585
        	            	github.com/findonflow/find.(*OverflowTestUtils).directOfferMarketSoft
        	            		/Users/bjartek/dev/find/test_utils.go:635
        	            	github.com/findonflow/find.TestMarketDirectOfferSoft.func1
        	            		/Users/bjartek/dev/find/market_direct_offer_soft_test.go:29
        	            	testing.tRunner
        	            		/opt/homebrew/Cellar/go/1.21.6/libexec/src/testing/testing.go:1595
        	            	runtime.goexit
        	            		/opt/homebrew/Cellar/go/1.21.6/libexec/src/runtime/asm_arm64.s:1197
        	Test:       	TestMarketDirectOfferSoft
    test_utils.go:645: 
        	Error Trace:	/Users/bjartek/go/pkg/mod/github.com/bjartek/overflow@v1.14.1-0.20240201172206-df28bd63430b/result.go:208
        	            				/Users/bjartek/dev/find/test_utils.go:645
        	            				/Users/bjartek/dev/find/market_direct_offer_soft_test.go:29
        	Error:      	event not found FindMarketDirectOfferSoft.DirectOffer, overflow.OverflowEvent{
        	            	  Id: "",
        	            	  Fields: map[string]interface {}{
        	            	    "amount": 10.0,
        	            	    "buyer": "0xe2f72218abeec2b9",
        	            	    "id": 9943947977234055170,
        	            	  },
        	            	  TransactionId: "",
        	            	  EventIndex: 0,
        	            	  Name: "",
        	            	  Addresses: map[string][]string(nil),
        	            	}
        	Test:       	TestMarketDirectOfferSoft
    event.go:321: === Events ===
    test_utils.go:490: 
        	Error Trace:	/Users/bjartek/dev/find/test_utils.go:490
        	            				/Users/bjartek/dev/find/market_direct_offer_soft_test.go:30
        	Error:      	Not equal: 
        	            	expected: 1
        	            	actual  : 0
        	Test:       	TestMarketDirectOfferSoft
--- FAIL: TestMarketDirectOfferSoft (0.24s)
panic: runtime error: index out of range [0] with length 0 [recovered]
	panic: runtime error: index out of range [0] with length 0

goroutine 12313 [running]:
testing.tRunner.func1.2({0x104957260, 0x14002206ab0})
	/opt/homebrew/Cellar/go/1.21.6/libexec/src/testing/testing.go:1545 +0x1c4
testing.tRunner.func1()
	/opt/homebrew/Cellar/go/1.21.6/libexec/src/testing/testing.go:1548 +0x360
panic({0x104957260?, 0x14002206ab0?})
	/opt/homebrew/Cellar/go/1.21.6/libexec/src/runtime/panic.go:914 +0x218
github.com/findonflow/find.(*OverflowTestUtils).saleItemListed(0x14000f47bb0, {0x1040f023c?, 0x5?}, {0x10410b0cc, 0xe}, 0x4024000000000000)
	/Users/bjartek/dev/find/test_utils.go:491 +0x148
github.com/findonflow/find.TestMarketDirectOfferSoft.func1(0x14002129560?)
	/Users/bjartek/dev/find/market_direct_offer_soft_test.go:30 +0x70
testing.tRunner(0x140015e69c0, 0x140021c3ca0)
	/opt/homebrew/Cellar/go/1.21.6/libexec/src/testing/testing.go:1595 +0xe8
created by testing.(*T).Run in goroutine 12312
	/opt/homebrew/Cellar/go/1.21.6/libexec/src/testing/testing.go:1648 +0x33c
FAIL TestMarketDirectOfferSoft (0.24s)
FAIL .

=== Failed
=== FAIL: . TestMarketAuctionSoft/Should_be_able_to_cancel_listing_if_the_pointer_is_no_longer_valid (0.47s)
    market_auction_soft_test.go:88: 
        	Error Trace:	/Users/bjartek/go/pkg/mod/github.com/bjartek/overflow@v1.14.1-0.20240201172206-df28bd63430b/result.go:201
        	            				/Users/bjartek/dev/find/market_auction_soft_test.go:88
        	Error:      	transaction cancelMarketAuctionSoft missing event A.179b6b1cb6755e31.FindMarketAuctionSoft.EnglishAuction with fields map[string]interface {}{
        	            	  "amount": 15.0,
        	            	  "buyer": "0xe2f72218abeec2b9",
        	            	  "id": 9943947977234055170,
        	            	  "seller": "0x0f7025fa05b578e3",
        	            	  "status": "cancel_ghostlisting",
        	            	}
        	Test:       	TestMarketAuctionSoft/Should_be_able_to_cancel_listing_if_the_pointer_is_no_longer_valid
    event.go:321: === Events ===
    market_auction_soft_test.go:88: A.179b6b1cb6755e31.FindMarketAuctionSoft.EnglishAuction
    market_auction_soft_test.go:88:   amount -> 10
    market_auction_soft_test.go:88:   status -> cancel_ghostlisting
    market_auction_soft_test.go:88:       id -> 9943947977234055170
    market_auction_soft_test.go:88:   seller -> 0x0f7025fa05b578e3

=== FAIL: . TestMarketAuctionSoft/Should_not_be_able_to_bid_expired_auction_listing (0.29s)
    market_auction_soft_test.go:137: 
        	Error Trace:	/Users/bjartek/go/pkg/mod/github.com/bjartek/overflow@v1.14.1-0.20240201172206-df28bd63430b/result.go:152
        	            				/Users/bjartek/dev/find/market_auction_soft_test.go:137
        	Error:      	"transaction=./transactions/bidMarketAuctionSoftDapper.cdc: execution error code 1: [Error Code: 1101] error caused by: 1 error occurred:\n\t* transaction execute failed: [Error Code: 1101] cadence runtime error: Execution failed:\n  --> 2225ebab84ed11a8f38d1c501946c7d33917c09fc43cf900625f473aa295fc93:79:16\n   |\n79 | \t\tself.pointer= FindViews.createViewReadPointer(address: address, path:nft.publicPath, id: item.getItemID())\n   | \t\t              ^^^^^^^^^^^^^^^^^^^^^^^^^^^^^^^^^^^^^^^^^^^^^^^^^^^^^^^^^^^^^^^^^^^^^^^^^^^^^^^^^^^^^^^^^^^^\n\nerror: unexpectedly found nil while forcing an Optional value\n   --> 179b6b1cb6755e31.FindViews:351:17\n    |\n351 |         let cap=\tgetAccount(address).capabilities.get<&{ViewResolver.ResolverCollection}>(path)!\n    |                 \t^^^^^^^^^^^^^^^^^^^^^^^^^^^^^^^^^^^^^^^^^^^^^^^^^^^^^^^^^^^^^^^^^^^^^^^^^^^^^^^\n\n\n" does not contain "This auction listing is already expired"
        	Test:       	TestMarketAuctionSoft/Should_not_be_able_to_bid_expired_auction_listing

=== FAIL: . TestMarketAuctionSoft/Should_not_be_able_to_bid_your_own_listing (0.21s)
    market_auction_soft_test.go:144: 
        	Error Trace:	/Users/bjartek/go/pkg/mod/github.com/bjartek/overflow@v1.14.1-0.20240201172206-df28bd63430b/result.go:152
        	            				/Users/bjartek/dev/find/market_auction_soft_test.go:144
        	Error:      	"transaction=./transactions/bidMarketAuctionSoftDapper.cdc: execution error code 1: [Error Code: 1101] error caused by: 1 error occurred:\n\t* transaction execute failed: [Error Code: 1101] cadence runtime error: Execution failed:\n  --> c5dd71a5eeb76e454e3871412e38b63694cd058ba0d8a7bd07986618f873d1e2:79:16\n   |\n79 | \t\tself.pointer= FindViews.createViewReadPointer(address: address, path:nft.publicPath, id: item.getItemID())\n   | \t\t              ^^^^^^^^^^^^^^^^^^^^^^^^^^^^^^^^^^^^^^^^^^^^^^^^^^^^^^^^^^^^^^^^^^^^^^^^^^^^^^^^^^^^^^^^^^^^\n\nerror: unexpectedly found nil while forcing an Optional value\n   --> 179b6b1cb6755e31.FindViews:351:17\n    |\n351 |         let cap=\tgetAccount(address).capabilities.get<&{ViewResolver.ResolverCollection}>(path)!\n    |                 \t^^^^^^^^^^^^^^^^^^^^^^^^^^^^^^^^^^^^^^^^^^^^^^^^^^^^^^^^^^^^^^^^^^^^^^^^^^^^^^^\n\n\n" does not contain "You cannot bid on your own resource"
        	Test:       	TestMarketAuctionSoft/Should_not_be_able_to_bid_your_own_listing

=== FAIL: . TestMarketAuctionSoft/Should_not_be_able_to_cancel_an_ended_auction (0.47s)
    market_auction_soft_test.go:179: 
        	Error Trace:	/Users/bjartek/go/pkg/mod/github.com/bjartek/overflow@v1.14.1-0.20240201172206-df28bd63430b/result.go:150
        	            				/Users/bjartek/dev/find/market_auction_soft_test.go:179
        	Error:      	An error is expected but got nil.
        	Test:       	TestMarketAuctionSoft/Should_not_be_able_to_cancel_an_ended_auction

=== FAIL: . TestMarketAuctionSoft/Cannot_fulfill_a_not_yet_ended_auction (0.35s)
    market_auction_soft_test.go:192: 
        	Error Trace:	/Users/bjartek/go/pkg/mod/github.com/bjartek/overflow@v1.14.1-0.20240201172206-df28bd63430b/result.go:152
        	            				/Users/bjartek/dev/find/market_auction_soft_test.go:192
        	Error:      	"transaction=./transactions/fulfillMarketAuctionSoftDapper.cdc: execution error code 1: [Error Code: 1101] error caused by: 1 error occurred:\n\t* transaction execute failed: [Error Code: 1101] cadence runtime error: Execution failed:\nerror: panic: This account does not have a bid collection\n  --> 1e6ff4498e3b58a0995b7cba87929f2516cd497faf4218c8d03942c3f2da6e49:19:117\n   |\n19 |         self.bidsReference= account.storage.borrow<&FindMarketAuctionSoft.MarketBidCollection>(from: storagePath) ?? panic(\"This account does not have a bid collection\")\n   |                                                                                                                      ^^^^^^^^^^^^^^^^^^^^^^^^^^^^^^^^^^^^^^^^^^^^^^^^^^^^\n\n\n" does not contain "Auction has not ended yet"
        	Test:       	TestMarketAuctionSoft/Cannot_fulfill_a_not_yet_ended_auction

=== FAIL: . TestMarketAuctionSoft/Should_allow_seller_to_cancel_auction_if_it_failed_to_meet_reserve_price (0.41s)
    market_auction_soft_test.go:210: 
        	Error Trace:	/Users/bjartek/go/pkg/mod/github.com/bjartek/overflow@v1.14.1-0.20240201172206-df28bd63430b/result.go:201
        	            				/Users/bjartek/dev/find/market_auction_soft_test.go:210
        	Error:      	transaction cancelMarketAuctionSoft missing event A.179b6b1cb6755e31.FindMarketAuctionSoft.EnglishAuction with fields map[string]interface {}{
        	            	  "amount": 11.0,
        	            	  "buyer": "0xe2f72218abeec2b9",
        	            	  "id": 9943947977234055170,
        	            	  "seller": "0x0f7025fa05b578e3",
        	            	  "status": "cancel_reserved_not_met",
        	            	}
        	Test:       	TestMarketAuctionSoft/Should_allow_seller_to_cancel_auction_if_it_failed_to_meet_reserve_price
    event.go:321: === Events ===
    market_auction_soft_test.go:210: A.179b6b1cb6755e31.FindMarketAuctionSoft.EnglishAuction
    market_auction_soft_test.go:210:       id -> 9943947977234055170
    market_auction_soft_test.go:210:   seller -> 0x0f7025fa05b578e3
    market_auction_soft_test.go:210:   amount -> 10
    market_auction_soft_test.go:210:   status -> cancel

=== FAIL: . TestMarketAuctionSoft/Should_be_able_to_bid_and_increase_bid_by_same_user (0.35s)
    market_auction_soft_test.go:230: 
        	Error Trace:	/Users/bjartek/go/pkg/mod/github.com/bjartek/overflow@v1.14.1-0.20240201172206-df28bd63430b/result.go:152
        	            				/Users/bjartek/dev/find/market_auction_soft_test.go:230
        	Error:      	"transaction=./transactions/increaseBidMarketAuctionSoft.cdc: execution error code 1: [Error Code: 1101] error caused by: 1 error occurred:\n\t* transaction execute failed: [Error Code: 1101] cadence runtime error: Execution failed:\nerror: panic: Bid resource does not exist\n  --> 91856ba869c9eebfeedb05ee244cf275ecf5a40a6ed9af3874a9c381a859e8ee:15:111\n   |\n15 | \t\tself.bidsReference= account.storage.borrow<&FindMarketAuctionSoft.MarketBidCollection>(from: storagePath) ?? panic(\"Bid resource does not exist\")\n   | \t\t                                                                                                             ^^^^^^^^^^^^^^^^^^^^^^^^^^^^^^^^^^^^\n\n\n" does not contain "must be larger then previous bid+bidIncrement"
        	Test:       	TestMarketAuctionSoft/Should_be_able_to_bid_and_increase_bid_by_same_user

=== FAIL: . TestMarketAuctionSoft/Should_not_be_able_to_bid_below_listing_price (0.21s)
    market_auction_soft_test.go:247: 
        	Error Trace:	/Users/bjartek/go/pkg/mod/github.com/bjartek/overflow@v1.14.1-0.20240201172206-df28bd63430b/result.go:152
        	            				/Users/bjartek/dev/find/market_auction_soft_test.go:247
        	Error:      	"transaction=./transactions/bidMarketAuctionSoftDapper.cdc: execution error code 1: [Error Code: 1101] error caused by: 1 error occurred:\n\t* transaction execute failed: [Error Code: 1101] cadence runtime error: Execution failed:\n  --> f500ef4d699392eedd92e81fc6f1e70fc9824a7c545e6ff69b0398b6a52a24e5:79:16\n   |\n79 | \t\tself.pointer= FindViews.createViewReadPointer(address: address, path:nft.publicPath, id: item.getItemID())\n   | \t\t              ^^^^^^^^^^^^^^^^^^^^^^^^^^^^^^^^^^^^^^^^^^^^^^^^^^^^^^^^^^^^^^^^^^^^^^^^^^^^^^^^^^^^^^^^^^^^\n\nerror: unexpectedly found nil while forcing an Optional value\n   --> 179b6b1cb6755e31.FindViews:351:17\n    |\n351 |         let cap=\tgetAccount(address).capabilities.get<&{ViewResolver.ResolverCollection}>(path)!\n    |                 \t^^^^^^^^^^^^^^^^^^^^^^^^^^^^^^^^^^^^^^^^^^^^^^^^^^^^^^^^^^^^^^^^^^^^^^^^^^^^^^^\n\n\n" does not contain "You need to bid more then the starting price of 10.00000000"
        	Test:       	TestMarketAuctionSoft/Should_not_be_able_to_bid_below_listing_price

=== FAIL: . TestMarketAuctionSoft/Should_not_be_able_to_bid_less_the_previous_bidder (0.29s)
    market_auction_soft_test.go:259: 
        	Error Trace:	/Users/bjartek/go/pkg/mod/github.com/bjartek/overflow@v1.14.1-0.20240201172206-df28bd63430b/result.go:152
        	            				/Users/bjartek/dev/find/market_auction_soft_test.go:259
        	Error:      	"transaction=./transactions/bidMarketAuctionSoftDapper.cdc: execution error code 1: [Error Code: 1101] error caused by: 1 error occurred:\n\t* transaction execute failed: [Error Code: 1101] cadence runtime error: Execution failed:\n  --> 685fb570d094e634399b1662d2a647491669cdcbfca706e15d7fe48840481f89:79:16\n   |\n79 | \t\tself.pointer= FindViews.createViewReadPointer(address: address, path:nft.publicPath, id: item.getItemID())\n   | \t\t              ^^^^^^^^^^^^^^^^^^^^^^^^^^^^^^^^^^^^^^^^^^^^^^^^^^^^^^^^^^^^^^^^^^^^^^^^^^^^^^^^^^^^^^^^^^^^\n\nerror: unexpectedly found nil while forcing an Optional value\n   --> 179b6b1cb6755e31.FindViews:351:17\n    |\n351 |         let cap=\tgetAccount(address).capabilities.get<&{ViewResolver.ResolverCollection}>(path)!\n    |                 \t^^^^^^^^^^^^^^^^^^^^^^^^^^^^^^^^^^^^^^^^^^^^^^^^^^^^^^^^^^^^^^^^^^^^^^^^^^^^^^^\n\n\n" does not contain "bid 5.00000000 must be larger then previous bid+bidIncrement 16.00000000"
        	Test:       	TestMarketAuctionSoft/Should_not_be_able_to_bid_less_the_previous_bidder

=== FAIL: . TestMarketAuctionSoft/Royalties_should_be_sent_to_correspondence_upon_fulfill_action (0.34s)
    market_auction_soft_test.go:276: 
        	Error Trace:	/Users/bjartek/go/pkg/mod/github.com/bjartek/overflow@v1.14.1-0.20240201172206-df28bd63430b/result.go:167
        	            				/Users/bjartek/dev/find/market_auction_soft_test.go:276
        	Error:      	Received unexpected error:
        	            	execution error code 1: [Error Code: 1101] error caused by: 1 error occurred:
        	            		* transaction execute failed: [Error Code: 1101] cadence runtime error: Execution failed:
        	            	error: panic: This account does not have a bid collection
        	            	  --> 5e5ac690feba115a488273b2dc282835ce89c647d62ff0161d3c575594ff4ace:19:117
        	            	   |
        	            	19 |         self.bidsReference= account.storage.borrow<&FindMarketAuctionSoft.MarketBidCollection>(from: storagePath) ?? panic("This account does not have a bid collection")
        	            	   |                                                                                                                      ^^^^^^^^^^^^^^^^^^^^^^^^^^^^^^^^^^^^^^^^^^^^^^^^^^^^
        	            	
        	            	
        	            	
        	            	transaction=./transactions/fulfillMarketAuctionSoftDapper.cdc
        	            	github.com/bjartek/overflow.OverflowInteractionBuilder.Send
        	            		/Users/bjartek/go/pkg/mod/github.com/bjartek/overflow@v1.14.1-0.20240201172206-df28bd63430b/interaction_builder.go:638
        	            	github.com/bjartek/overflow.(*OverflowState).Tx
        	            		/Users/bjartek/go/pkg/mod/github.com/bjartek/overflow@v1.14.1-0.20240201172206-df28bd63430b/state.go:585
        	            	github.com/findonflow/find.TestMarketAuctionSoft.(*OverflowState).TxFileNameFN.func37
        	            		/Users/bjartek/go/pkg/mod/github.com/bjartek/overflow@v1.14.1-0.20240201172206-df28bd63430b/state.go:578
        	            	github.com/findonflow/find.TestMarketAuctionSoft.func19
        	            		/Users/bjartek/dev/find/market_auction_soft_test.go:273
        	            	testing.tRunner
        	            		/opt/homebrew/Cellar/go/1.21.6/libexec/src/testing/testing.go:1595
        	            	runtime.goexit
        	            		/opt/homebrew/Cellar/go/1.21.6/libexec/src/runtime/asm_arm64.s:1197
        	Test:       	TestMarketAuctionSoft/Royalties_should_be_sent_to_correspondence_upon_fulfill_action
    market_auction_soft_test.go:277: 
        	Error Trace:	/Users/bjartek/go/pkg/mod/github.com/bjartek/overflow@v1.14.1-0.20240201172206-df28bd63430b/result.go:208
        	            				/Users/bjartek/dev/find/market_auction_soft_test.go:277
        	Error:      	event not found A.179b6b1cb6755e31.FindMarket.RoyaltyPaid, overflow.OverflowEvent{
        	            	  Id: "",
        	            	  Fields: map[string]interface {}{
        	            	    "address": "0x179b6b1cb6755e31",
        	            	    "amount": 0.375,
        	            	    "royaltyName": "find",
        	            	  },
        	            	  TransactionId: "",
        	            	  EventIndex: 0,
        	            	  Name: "",
        	            	  Addresses: map[string][]string(nil),
        	            	}
        	Test:       	TestMarketAuctionSoft/Royalties_should_be_sent_to_correspondence_upon_fulfill_action
    event.go:321: === Events ===
    market_auction_soft_test.go:289: 
        	Error Trace:	/Users/bjartek/go/pkg/mod/github.com/bjartek/overflow@v1.14.1-0.20240201172206-df28bd63430b/result.go:208
        	            				/Users/bjartek/dev/find/market_auction_soft_test.go:289
        	Error:      	event not found A.179b6b1cb6755e31.FindMarket.RoyaltyPaid, overflow.OverflowEvent{
        	            	  Id: "",
        	            	  Fields: map[string]interface {}{
        	            	    "address": "0x179b6b1cb6755e31",
        	            	    "amount": 0.375,
        	            	    "royaltyName": "find forge",
        	            	  },
        	            	  TransactionId: "",
        	            	  EventIndex: 0,
        	            	  Name: "",
        	            	  Addresses: map[string][]string(nil),
        	            	}
        	Test:       	TestMarketAuctionSoft/Royalties_should_be_sent_to_correspondence_upon_fulfill_action
    market_auction_soft_test.go:289: === Events ===

=== FAIL: . TestMarketAuctionSoft/Should_emit_previous_bidder_if_outbid (0.34s)
    market_auction_soft_test.go:306: 
        	Error Trace:	/Users/bjartek/go/pkg/mod/github.com/bjartek/overflow@v1.14.1-0.20240201172206-df28bd63430b/result.go:167
        	            				/Users/bjartek/dev/find/market_auction_soft_test.go:306
        	Error:      	Received unexpected error:
        	            	execution error code 1: [Error Code: 1101] error caused by: 1 error occurred:
        	            		* transaction execute failed: [Error Code: 1101] cadence runtime error: Execution failed:
        	            	  --> f17f604a803d31782d1ac62bbec9b02f67f0e1feb0ca488ef189059600dcb3be:79:16
        	            	   |
        	            	79 | 		self.pointer= FindViews.createViewReadPointer(address: address, path:nft.publicPath, id: item.getItemID())
        	            	   | 		              ^^^^^^^^^^^^^^^^^^^^^^^^^^^^^^^^^^^^^^^^^^^^^^^^^^^^^^^^^^^^^^^^^^^^^^^^^^^^^^^^^^^^^^^^^^^^
        	            	
        	            	error: unexpectedly found nil while forcing an Optional value
        	            	   --> 179b6b1cb6755e31.FindViews:351:17
        	            	    |
        	            	351 |         let cap=	getAccount(address).capabilities.get<&{ViewResolver.ResolverCollection}>(path)!
        	            	    |                 	^^^^^^^^^^^^^^^^^^^^^^^^^^^^^^^^^^^^^^^^^^^^^^^^^^^^^^^^^^^^^^^^^^^^^^^^^^^^^^^
        	            	
        	            	
        	            	
        	            	transaction=./transactions/bidMarketAuctionSoftDapper.cdc
        	            	github.com/bjartek/overflow.OverflowInteractionBuilder.Send
        	            		/Users/bjartek/go/pkg/mod/github.com/bjartek/overflow@v1.14.1-0.20240201172206-df28bd63430b/interaction_builder.go:638
        	            	github.com/bjartek/overflow.(*OverflowState).Tx
        	            		/Users/bjartek/go/pkg/mod/github.com/bjartek/overflow@v1.14.1-0.20240201172206-df28bd63430b/state.go:585
        	            	github.com/findonflow/find.TestMarketAuctionSoft.(*OverflowState).TxFileNameFN.func42
        	            		/Users/bjartek/go/pkg/mod/github.com/bjartek/overflow@v1.14.1-0.20240201172206-df28bd63430b/state.go:578
        	            	github.com/findonflow/find.TestMarketAuctionSoft.func20
        	            		/Users/bjartek/dev/find/market_auction_soft_test.go:302
        	            	testing.tRunner
        	            		/opt/homebrew/Cellar/go/1.21.6/libexec/src/testing/testing.go:1595
        	            	runtime.goexit
        	            		/opt/homebrew/Cellar/go/1.21.6/libexec/src/runtime/asm_arm64.s:1197
        	Test:       	TestMarketAuctionSoft/Should_emit_previous_bidder_if_outbid
    market_auction_soft_test.go:307: 
        	Error Trace:	/Users/bjartek/go/pkg/mod/github.com/bjartek/overflow@v1.14.1-0.20240201172206-df28bd63430b/result.go:208
        	            				/Users/bjartek/dev/find/market_auction_soft_test.go:307
        	Error:      	event not found A.179b6b1cb6755e31.FindMarketAuctionSoft.EnglishAuction, overflow.OverflowEvent{
        	            	  Id: "",
        	            	  Fields: map[string]interface {}{
        	            	    "amount": 20.0,
        	            	    "buyer": "0x06909bc5ba14c266",
        	            	    "id": 9943947977234055170,
        	            	    "previousBuyer": "0xe2f72218abeec2b9",
        	            	    "status": "active_ongoing",
        	            	  },
        	            	  TransactionId: "",
        	            	  EventIndex: 0,
        	            	  Name: "",
        	            	  Addresses: map[string][]string(nil),
        	            	}
        	Test:       	TestMarketAuctionSoft/Should_emit_previous_bidder_if_outbid
    event.go:321: === Events ===

=== FAIL: . TestMarketAuctionSoft (6.44s)
    test_utils.go:531: 
        	Error Trace:	/Users/bjartek/go/pkg/mod/github.com/bjartek/overflow@v1.14.1-0.20240201172206-df28bd63430b/result.go:167
        	            				/Users/bjartek/dev/find/test_utils.go:531
        	            				/Users/bjartek/dev/find/market_auction_soft_test.go:51
        	Error:      	Received unexpected error:
        	            	execution error code 1: [Error Code: 1101] error caused by: 1 error occurred:
        	            		* transaction execute failed: [Error Code: 1101] cadence runtime error: Execution failed:
        	            	  --> bcbd4c983f14db0714062983bb44c0fc5a2e060def1ed8ddf598f35d07037228:79:16
        	            	   |
        	            	79 | 		self.pointer= FindViews.createViewReadPointer(address: address, path:nft.publicPath, id: item.getItemID())
        	            	   | 		              ^^^^^^^^^^^^^^^^^^^^^^^^^^^^^^^^^^^^^^^^^^^^^^^^^^^^^^^^^^^^^^^^^^^^^^^^^^^^^^^^^^^^^^^^^^^^
        	            	
        	            	error: unexpectedly found nil while forcing an Optional value
        	            	   --> 179b6b1cb6755e31.FindViews:351:17
        	            	    |
        	            	351 |         let cap=	getAccount(address).capabilities.get<&{ViewResolver.ResolverCollection}>(path)!
        	            	    |                 	^^^^^^^^^^^^^^^^^^^^^^^^^^^^^^^^^^^^^^^^^^^^^^^^^^^^^^^^^^^^^^^^^^^^^^^^^^^^^^^
        	            	
        	            	
        	            	
        	            	transaction=./transactions/bidMarketAuctionSoftDapper.cdc
        	            	github.com/bjartek/overflow.OverflowInteractionBuilder.Send
        	            		/Users/bjartek/go/pkg/mod/github.com/bjartek/overflow@v1.14.1-0.20240201172206-df28bd63430b/interaction_builder.go:638
        	            	github.com/bjartek/overflow.(*OverflowState).Tx
        	            		/Users/bjartek/go/pkg/mod/github.com/bjartek/overflow@v1.14.1-0.20240201172206-df28bd63430b/state.go:585
        	            	github.com/findonflow/find.(*OverflowTestUtils).auctionBidMarketSoft
        	            		/Users/bjartek/dev/find/test_utils.go:525
        	            	github.com/findonflow/find.TestMarketAuctionSoft.func1
        	            		/Users/bjartek/dev/find/market_auction_soft_test.go:51
        	            	testing.tRunner
        	            		/opt/homebrew/Cellar/go/1.21.6/libexec/src/testing/testing.go:1595
        	            	runtime.goexit
        	            		/opt/homebrew/Cellar/go/1.21.6/libexec/src/runtime/asm_arm64.s:1197
        	Test:       	TestMarketAuctionSoft
    test_utils.go:532: 
        	Error Trace:	/Users/bjartek/go/pkg/mod/github.com/bjartek/overflow@v1.14.1-0.20240201172206-df28bd63430b/result.go:208
        	            				/Users/bjartek/dev/find/test_utils.go:532
        	            				/Users/bjartek/dev/find/market_auction_soft_test.go:51
        	Error:      	event not found FindMarketAuctionSoft.EnglishAuction, overflow.OverflowEvent{
        	            	  Id: "",
        	            	  Fields: map[string]interface {}{
        	            	    "amount": 15.0,
        	            	    "buyer": "0xe2f72218abeec2b9",
        	            	    "id": 9943947977234055170,
        	            	    "status": "active_ongoing",
        	            	  },
        	            	  TransactionId: "",
        	            	  EventIndex: 0,
        	            	  Name: "",
        	            	  Addresses: map[string][]string(nil),
        	            	}
        	Test:       	TestMarketAuctionSoft
    event.go:321: === Events ===
    test_utils.go:491: 
        	Error Trace:	/Users/bjartek/dev/find/test_utils.go:491
        	            				/Users/bjartek/dev/find/market_auction_soft_test.go:53
        	Error:      	Not equal: 
        	            	expected: "finished_completed"
        	            	actual  : "active_listed"
        	            	
        	            	Diff:
        	            	--- Expected
        	            	+++ Actual
        	            	@@ -1 +1 @@
        	            	-finished_completed
        	            	+active_listed
        	Test:       	TestMarketAuctionSoft
    test_utils.go:492: 
        	Error Trace:	/Users/bjartek/dev/find/test_utils.go:492
        	            				/Users/bjartek/dev/find/market_auction_soft_test.go:53
        	Error:      	Not equal: 
        	            	expected: 15
        	            	actual  : 10
        	Test:       	TestMarketAuctionSoft
    test_utils.go:853: 
        	Error Trace:	/Users/bjartek/go/pkg/mod/github.com/bjartek/overflow@v1.14.1-0.20240201172206-df28bd63430b/result.go:167
        	            				/Users/bjartek/dev/find/test_utils.go:853
        	            				/Users/bjartek/dev/find/market_auction_soft_test.go:54
        	Error:      	Received unexpected error:
        	            	execution error code 1: [Error Code: 1101] error caused by: 1 error occurred:
        	            		* transaction execute failed: [Error Code: 1101] cadence runtime error: Execution failed:
        	            	error: panic: This account does not have a bid collection
        	            	  --> 103e79fb3cc21ab8e200be2482b9856c264c2886ac5c2c8116231b5ddf30dc02:19:117
        	            	   |
        	            	19 |         self.bidsReference= account.storage.borrow<&FindMarketAuctionSoft.MarketBidCollection>(from: storagePath) ?? panic("This account does not have a bid collection")
        	            	   |                                                                                                                      ^^^^^^^^^^^^^^^^^^^^^^^^^^^^^^^^^^^^^^^^^^^^^^^^^^^^
        	            	
        	            	
        	            	
        	            	transaction=./transactions/fulfillMarketAuctionSoftDapper.cdc
        	            	github.com/bjartek/overflow.OverflowInteractionBuilder.Send
        	            		/Users/bjartek/go/pkg/mod/github.com/bjartek/overflow@v1.14.1-0.20240201172206-df28bd63430b/interaction_builder.go:638
        	            	github.com/bjartek/overflow.(*OverflowState).Tx
        	            		/Users/bjartek/go/pkg/mod/github.com/bjartek/overflow@v1.14.1-0.20240201172206-df28bd63430b/state.go:585
        	            	github.com/findonflow/find.(*OverflowTestUtils).fulfillMarketAuctionSoft
        	            		/Users/bjartek/dev/find/test_utils.go:847
        	            	github.com/findonflow/find.TestMarketAuctionSoft.func1
        	            		/Users/bjartek/dev/find/market_auction_soft_test.go:54
        	            	testing.tRunner
        	            		/opt/homebrew/Cellar/go/1.21.6/libexec/src/testing/testing.go:1595
        	            	runtime.goexit
        	            		/opt/homebrew/Cellar/go/1.21.6/libexec/src/runtime/asm_arm64.s:1197
        	Test:       	TestMarketAuctionSoft
    test_utils.go:854: 
        	Error Trace:	/Users/bjartek/go/pkg/mod/github.com/bjartek/overflow@v1.14.1-0.20240201172206-df28bd63430b/result.go:208
        	            				/Users/bjartek/dev/find/test_utils.go:854
        	            				/Users/bjartek/dev/find/market_auction_soft_test.go:54
        	Error:      	event not found FindMarketAuctionSoft.EnglishAuction, overflow.OverflowEvent{
        	            	  Id: "",
        	            	  Fields: map[string]interface {}{
        	            	    "amount": 15.0,
        	            	    "buyer": "0xe2f72218abeec2b9",
        	            	    "id": 9943947977234055170,
        	            	    "status": "sold",
        	            	  },
        	            	  TransactionId: "",
        	            	  EventIndex: 0,
        	            	  Name: "",
        	            	  Addresses: map[string][]string(nil),
        	            	}
        	Test:       	TestMarketAuctionSoft
    test_utils.go:854: === Events ===
    test_utils.go:531: 
        	Error Trace:	/Users/bjartek/go/pkg/mod/github.com/bjartek/overflow@v1.14.1-0.20240201172206-df28bd63430b/result.go:167
        	            				/Users/bjartek/dev/find/test_utils.go:531
        	            				/Users/bjartek/dev/find/market_auction_soft_test.go:69
        	Error:      	Received unexpected error:
        	            	execution error code 1: [Error Code: 1101] error caused by: 1 error occurred:
        	            		* transaction execute failed: [Error Code: 1101] cadence runtime error: Execution failed:
        	            	  --> 40a49233da5e47a2ae34dcf7d072f53bb3195554ad1558983c3c8c70a2fdc41f:79:16
        	            	   |
        	            	79 | 		self.pointer= FindViews.createViewReadPointer(address: address, path:nft.publicPath, id: item.getItemID())
        	            	   | 		              ^^^^^^^^^^^^^^^^^^^^^^^^^^^^^^^^^^^^^^^^^^^^^^^^^^^^^^^^^^^^^^^^^^^^^^^^^^^^^^^^^^^^^^^^^^^^
        	            	
        	            	error: unexpectedly found nil while forcing an Optional value
        	            	   --> 179b6b1cb6755e31.FindViews:351:17
        	            	    |
        	            	351 |         let cap=	getAccount(address).capabilities.get<&{ViewResolver.ResolverCollection}>(path)!
        	            	    |                 	^^^^^^^^^^^^^^^^^^^^^^^^^^^^^^^^^^^^^^^^^^^^^^^^^^^^^^^^^^^^^^^^^^^^^^^^^^^^^^^
        	            	
        	            	
        	            	
        	            	transaction=./transactions/bidMarketAuctionSoftDapper.cdc
        	            	github.com/bjartek/overflow.OverflowInteractionBuilder.Send
        	            		/Users/bjartek/go/pkg/mod/github.com/bjartek/overflow@v1.14.1-0.20240201172206-df28bd63430b/interaction_builder.go:638
        	            	github.com/bjartek/overflow.(*OverflowState).Tx
        	            		/Users/bjartek/go/pkg/mod/github.com/bjartek/overflow@v1.14.1-0.20240201172206-df28bd63430b/state.go:585
        	            	github.com/findonflow/find.(*OverflowTestUtils).auctionBidMarketSoft
        	            		/Users/bjartek/dev/find/test_utils.go:525
        	            	github.com/findonflow/find.TestMarketAuctionSoft.func3
        	            		/Users/bjartek/dev/find/market_auction_soft_test.go:69
        	            	testing.tRunner
        	            		/opt/homebrew/Cellar/go/1.21.6/libexec/src/testing/testing.go:1595
        	            	runtime.goexit
        	            		/opt/homebrew/Cellar/go/1.21.6/libexec/src/runtime/asm_arm64.s:1197
        	Test:       	TestMarketAuctionSoft
    test_utils.go:532: 
        	Error Trace:	/Users/bjartek/go/pkg/mod/github.com/bjartek/overflow@v1.14.1-0.20240201172206-df28bd63430b/result.go:208
        	            				/Users/bjartek/dev/find/test_utils.go:532
        	            				/Users/bjartek/dev/find/market_auction_soft_test.go:69
        	Error:      	event not found FindMarketAuctionSoft.EnglishAuction, overflow.OverflowEvent{
        	            	  Id: "",
        	            	  Fields: map[string]interface {}{
        	            	    "amount": 15.0,
        	            	    "buyer": "0xe2f72218abeec2b9",
        	            	    "id": 9943947977234055170,
        	            	    "status": "active_ongoing",
        	            	  },
        	            	  TransactionId: "",
        	            	  EventIndex: 0,
        	            	  Name: "",
        	            	  Addresses: map[string][]string(nil),
        	            	}
        	Test:       	TestMarketAuctionSoft
    test_utils.go:532: === Events ===
    test_utils.go:491: 
        	Error Trace:	/Users/bjartek/dev/find/test_utils.go:491
        	            				/Users/bjartek/dev/find/market_auction_soft_test.go:71
        	Error:      	Not equal: 
        	            	expected: "finished_completed"
        	            	actual  : "active_listed"
        	            	
        	            	Diff:
        	            	--- Expected
        	            	+++ Actual
        	            	@@ -1 +1 @@
        	            	-finished_completed
        	            	+active_listed
        	Test:       	TestMarketAuctionSoft
    test_utils.go:492: 
        	Error Trace:	/Users/bjartek/dev/find/test_utils.go:492
        	            				/Users/bjartek/dev/find/market_auction_soft_test.go:71
        	Error:      	Not equal: 
        	            	expected: 15
        	            	actual  : 10
        	Test:       	TestMarketAuctionSoft
    test_utils.go:853: 
        	Error Trace:	/Users/bjartek/go/pkg/mod/github.com/bjartek/overflow@v1.14.1-0.20240201172206-df28bd63430b/result.go:167
        	            				/Users/bjartek/dev/find/test_utils.go:853
        	            				/Users/bjartek/dev/find/market_auction_soft_test.go:72
        	Error:      	Received unexpected error:
        	            	execution error code 1: [Error Code: 1101] error caused by: 1 error occurred:
        	            		* transaction execute failed: [Error Code: 1101] cadence runtime error: Execution failed:
        	            	error: panic: This account does not have a bid collection
        	            	  --> 688658f16ec780eebc56372a8ee894753ec8609b26dbad2da12bd244b1aa7e1f:19:117
        	            	   |
        	            	19 |         self.bidsReference= account.storage.borrow<&FindMarketAuctionSoft.MarketBidCollection>(from: storagePath) ?? panic("This account does not have a bid collection")
        	            	   |                                                                                                                      ^^^^^^^^^^^^^^^^^^^^^^^^^^^^^^^^^^^^^^^^^^^^^^^^^^^^
        	            	
        	            	
        	            	
        	            	transaction=./transactions/fulfillMarketAuctionSoftDapper.cdc
        	            	github.com/bjartek/overflow.OverflowInteractionBuilder.Send
        	            		/Users/bjartek/go/pkg/mod/github.com/bjartek/overflow@v1.14.1-0.20240201172206-df28bd63430b/interaction_builder.go:638
        	            	github.com/bjartek/overflow.(*OverflowState).Tx
        	            		/Users/bjartek/go/pkg/mod/github.com/bjartek/overflow@v1.14.1-0.20240201172206-df28bd63430b/state.go:585
        	            	github.com/findonflow/find.(*OverflowTestUtils).fulfillMarketAuctionSoft
        	            		/Users/bjartek/dev/find/test_utils.go:847
        	            	github.com/findonflow/find.TestMarketAuctionSoft.func3
        	            		/Users/bjartek/dev/find/market_auction_soft_test.go:72
        	            	testing.tRunner
        	            		/opt/homebrew/Cellar/go/1.21.6/libexec/src/testing/testing.go:1595
        	            	runtime.goexit
        	            		/opt/homebrew/Cellar/go/1.21.6/libexec/src/runtime/asm_arm64.s:1197
        	Test:       	TestMarketAuctionSoft
    test_utils.go:854: 
        	Error Trace:	/Users/bjartek/go/pkg/mod/github.com/bjartek/overflow@v1.14.1-0.20240201172206-df28bd63430b/result.go:208
        	            				/Users/bjartek/dev/find/test_utils.go:854
        	            				/Users/bjartek/dev/find/market_auction_soft_test.go:72
        	Error:      	event not found FindMarketAuctionSoft.EnglishAuction, overflow.OverflowEvent{
        	            	  Id: "",
        	            	  Fields: map[string]interface {}{
        	            	    "amount": 15.0,
        	            	    "buyer": "0xe2f72218abeec2b9",
        	            	    "id": 9943947977234055170,
        	            	    "status": "sold",
        	            	  },
        	            	  TransactionId: "",
        	            	  EventIndex: 0,
        	            	  Name: "",
        	            	  Addresses: map[string][]string(nil),
        	            	}
        	Test:       	TestMarketAuctionSoft
    test_utils.go:854: === Events ===
    test_utils.go:531: 
        	Error Trace:	/Users/bjartek/go/pkg/mod/github.com/bjartek/overflow@v1.14.1-0.20240201172206-df28bd63430b/result.go:167
        	            				/Users/bjartek/dev/find/test_utils.go:531
        	            				/Users/bjartek/dev/find/market_auction_soft_test.go:78
        	Error:      	Received unexpected error:
        	            	execution error code 1: [Error Code: 1101] error caused by: 1 error occurred:
        	            		* transaction execute failed: [Error Code: 1101] cadence runtime error: Execution failed:
        	            	  --> 80a27da454238ad7f40b30bedc0015d1ec3c0face14fa22dc65254ca260198a4:79:16
        	            	   |
        	            	79 | 		self.pointer= FindViews.createViewReadPointer(address: address, path:nft.publicPath, id: item.getItemID())
        	            	   | 		              ^^^^^^^^^^^^^^^^^^^^^^^^^^^^^^^^^^^^^^^^^^^^^^^^^^^^^^^^^^^^^^^^^^^^^^^^^^^^^^^^^^^^^^^^^^^^
        	            	
        	            	error: unexpectedly found nil while forcing an Optional value
        	            	   --> 179b6b1cb6755e31.FindViews:351:17
        	            	    |
        	            	351 |         let cap=	getAccount(address).capabilities.get<&{ViewResolver.ResolverCollection}>(path)!
        	            	    |                 	^^^^^^^^^^^^^^^^^^^^^^^^^^^^^^^^^^^^^^^^^^^^^^^^^^^^^^^^^^^^^^^^^^^^^^^^^^^^^^^
        	            	
        	            	
        	            	
        	            	transaction=./transactions/bidMarketAuctionSoftDapper.cdc
        	            	github.com/bjartek/overflow.OverflowInteractionBuilder.Send
        	            		/Users/bjartek/go/pkg/mod/github.com/bjartek/overflow@v1.14.1-0.20240201172206-df28bd63430b/interaction_builder.go:638
        	            	github.com/bjartek/overflow.(*OverflowState).Tx
        	            		/Users/bjartek/go/pkg/mod/github.com/bjartek/overflow@v1.14.1-0.20240201172206-df28bd63430b/state.go:585
        	            	github.com/findonflow/find.(*OverflowTestUtils).auctionBidMarketSoft
        	            		/Users/bjartek/dev/find/test_utils.go:525
        	            	github.com/findonflow/find.TestMarketAuctionSoft.func4
        	            		/Users/bjartek/dev/find/market_auction_soft_test.go:78
        	            	testing.tRunner
        	            		/opt/homebrew/Cellar/go/1.21.6/libexec/src/testing/testing.go:1595
        	            	runtime.goexit
        	            		/opt/homebrew/Cellar/go/1.21.6/libexec/src/runtime/asm_arm64.s:1197
        	Test:       	TestMarketAuctionSoft
    test_utils.go:532: 
        	Error Trace:	/Users/bjartek/go/pkg/mod/github.com/bjartek/overflow@v1.14.1-0.20240201172206-df28bd63430b/result.go:208
        	            				/Users/bjartek/dev/find/test_utils.go:532
        	            				/Users/bjartek/dev/find/market_auction_soft_test.go:78
        	Error:      	event not found FindMarketAuctionSoft.EnglishAuction, overflow.OverflowEvent{
        	            	  Id: "",
        	            	  Fields: map[string]interface {}{
        	            	    "amount": 15.0,
        	            	    "buyer": "0xe2f72218abeec2b9",
        	            	    "id": 9943947977234055170,
        	            	    "status": "active_ongoing",
        	            	  },
        	            	  TransactionId: "",
        	            	  EventIndex: 0,
        	            	  Name: "",
        	            	  Addresses: map[string][]string(nil),
        	            	}
        	Test:       	TestMarketAuctionSoft
    test_utils.go:532: === Events ===
    test_utils.go:491: 
        	Error Trace:	/Users/bjartek/dev/find/test_utils.go:491
        	            				/Users/bjartek/dev/find/market_auction_soft_test.go:80
        	Error:      	Not equal: 
        	            	expected: "finished_completed"
        	            	actual  : "active_listed"
        	            	
        	            	Diff:
        	            	--- Expected
        	            	+++ Actual
        	            	@@ -1 +1 @@
        	            	-finished_completed
        	            	+active_listed
        	Test:       	TestMarketAuctionSoft
    test_utils.go:492: 
        	Error Trace:	/Users/bjartek/dev/find/test_utils.go:492
        	            				/Users/bjartek/dev/find/market_auction_soft_test.go:80
        	Error:      	Not equal: 
        	            	expected: 15
        	            	actual  : 10
        	Test:       	TestMarketAuctionSoft
    test_utils.go:531: 
        	Error Trace:	/Users/bjartek/go/pkg/mod/github.com/bjartek/overflow@v1.14.1-0.20240201172206-df28bd63430b/result.go:167
        	            				/Users/bjartek/dev/find/test_utils.go:531
        	            				/Users/bjartek/dev/find/market_auction_soft_test.go:125
        	Error:      	Received unexpected error:
        	            	execution error code 1: [Error Code: 1101] error caused by: 1 error occurred:
        	            		* transaction execute failed: [Error Code: 1101] cadence runtime error: Execution failed:
        	            	  --> c243e31df534fe56a69cf4af7ab67fd47840f6d0e45e8b8c4695eb8e4944785b:79:16
        	            	   |
        	            	79 | 		self.pointer= FindViews.createViewReadPointer(address: address, path:nft.publicPath, id: item.getItemID())
        	            	   | 		              ^^^^^^^^^^^^^^^^^^^^^^^^^^^^^^^^^^^^^^^^^^^^^^^^^^^^^^^^^^^^^^^^^^^^^^^^^^^^^^^^^^^^^^^^^^^^
        	            	
        	            	error: unexpectedly found nil while forcing an Optional value
        	            	   --> 179b6b1cb6755e31.FindViews:351:17
        	            	    |
        	            	351 |         let cap=	getAccount(address).capabilities.get<&{ViewResolver.ResolverCollection}>(path)!
        	            	    |                 	^^^^^^^^^^^^^^^^^^^^^^^^^^^^^^^^^^^^^^^^^^^^^^^^^^^^^^^^^^^^^^^^^^^^^^^^^^^^^^^
        	            	
        	            	
        	            	
        	            	transaction=./transactions/bidMarketAuctionSoftDapper.cdc
        	            	github.com/bjartek/overflow.OverflowInteractionBuilder.Send
        	            		/Users/bjartek/go/pkg/mod/github.com/bjartek/overflow@v1.14.1-0.20240201172206-df28bd63430b/interaction_builder.go:638
        	            	github.com/bjartek/overflow.(*OverflowState).Tx
        	            		/Users/bjartek/go/pkg/mod/github.com/bjartek/overflow@v1.14.1-0.20240201172206-df28bd63430b/state.go:585
        	            	github.com/findonflow/find.(*OverflowTestUtils).auctionBidMarketSoft
        	            		/Users/bjartek/dev/find/test_utils.go:525
        	            	github.com/findonflow/find.TestMarketAuctionSoft.func8
        	            		/Users/bjartek/dev/find/market_auction_soft_test.go:125
        	            	testing.tRunner
        	            		/opt/homebrew/Cellar/go/1.21.6/libexec/src/testing/testing.go:1595
        	            	runtime.goexit
        	            		/opt/homebrew/Cellar/go/1.21.6/libexec/src/runtime/asm_arm64.s:1197
        	Test:       	TestMarketAuctionSoft
    test_utils.go:532: 
        	Error Trace:	/Users/bjartek/go/pkg/mod/github.com/bjartek/overflow@v1.14.1-0.20240201172206-df28bd63430b/result.go:208
        	            				/Users/bjartek/dev/find/test_utils.go:532
        	            				/Users/bjartek/dev/find/market_auction_soft_test.go:125
        	Error:      	event not found FindMarketAuctionSoft.EnglishAuction, overflow.OverflowEvent{
        	            	  Id: "",
        	            	  Fields: map[string]interface {}{
        	            	    "amount": 15.0,
        	            	    "buyer": "0xe2f72218abeec2b9",
        	            	    "id": 9943947977234055170,
        	            	    "status": "active_ongoing",
        	            	  },
        	            	  TransactionId: "",
        	            	  EventIndex: 0,
        	            	  Name: "",
        	            	  Addresses: map[string][]string(nil),
        	            	}
        	Test:       	TestMarketAuctionSoft
    test_utils.go:532: === Events ===
    test_utils.go:459: 
        	Error Trace:	/Users/bjartek/go/pkg/mod/github.com/bjartek/overflow@v1.14.1-0.20240201172206-df28bd63430b/result.go:167
        	            				/Users/bjartek/dev/find/test_utils.go:459
        	            				/Users/bjartek/dev/find/market_auction_soft_test.go:126
        	Error:      	Received unexpected error:
        	            	execution error code 1: [Error Code: 1101] error caused by: 1 error occurred:
        	            		* transaction execute failed: [Error Code: 1101] cadence runtime error: Execution failed:
        	            	error: panic: Bid resource does not exist
        	            	  --> f347f0e09c828c52898344eb9f6d4d385c4119372d7312965ea2d0e34b5b0445:15:111
        	            	   |
        	            	15 | 		self.bidsReference= account.storage.borrow<&FindMarketAuctionSoft.MarketBidCollection>(from: storagePath) ?? panic("Bid resource does not exist")
        	            	   | 		                                                                                                             ^^^^^^^^^^^^^^^^^^^^^^^^^^^^^^^^^^^^
        	            	
        	            	
        	            	
        	            	transaction=./transactions/increaseBidMarketAuctionSoft.cdc
        	            	github.com/bjartek/overflow.OverflowInteractionBuilder.Send
        	            		/Users/bjartek/go/pkg/mod/github.com/bjartek/overflow@v1.14.1-0.20240201172206-df28bd63430b/interaction_builder.go:638
        	            	github.com/bjartek/overflow.(*OverflowState).Tx
        	            		/Users/bjartek/go/pkg/mod/github.com/bjartek/overflow@v1.14.1-0.20240201172206-df28bd63430b/state.go:585
        	            	github.com/findonflow/find.(*OverflowTestUtils).increaseAuctionBidMarketSoft
        	            		/Users/bjartek/dev/find/test_utils.go:454
        	            	github.com/findonflow/find.TestMarketAuctionSoft.func8
        	            		/Users/bjartek/dev/find/market_auction_soft_test.go:126
        	            	testing.tRunner
        	            		/opt/homebrew/Cellar/go/1.21.6/libexec/src/testing/testing.go:1595
        	            	runtime.goexit
        	            		/opt/homebrew/Cellar/go/1.21.6/libexec/src/runtime/asm_arm64.s:1197
        	Test:       	TestMarketAuctionSoft
    test_utils.go:460: 
        	Error Trace:	/Users/bjartek/go/pkg/mod/github.com/bjartek/overflow@v1.14.1-0.20240201172206-df28bd63430b/result.go:208
        	            				/Users/bjartek/dev/find/test_utils.go:460
        	            				/Users/bjartek/dev/find/market_auction_soft_test.go:126
        	Error:      	event not found FindMarketAuctionSoft.EnglishAuction, overflow.OverflowEvent{
        	            	  Id: "",
        	            	  Fields: map[string]interface {}{
        	            	    "amount": 20.0,
        	            	    "buyer": "0xe2f72218abeec2b9",
        	            	    "id": 9943947977234055170,
        	            	    "status": "active_ongoing",
        	            	  },
        	            	  TransactionId: "",
        	            	  EventIndex: 0,
        	            	  Name: "",
        	            	  Addresses: map[string][]string(nil),
        	            	}
        	Test:       	TestMarketAuctionSoft
    test_utils.go:460: === Events ===
    test_utils.go:491: 
        	Error Trace:	/Users/bjartek/dev/find/test_utils.go:491
        	            				/Users/bjartek/dev/find/market_auction_soft_test.go:128
        	Error:      	Not equal: 
        	            	expected: "finished_completed"
        	            	actual  : "active_listed"
        	            	
        	            	Diff:
        	            	--- Expected
        	            	+++ Actual
        	            	@@ -1 +1 @@
        	            	-finished_completed
        	            	+active_listed
        	Test:       	TestMarketAuctionSoft
    test_utils.go:492: 
        	Error Trace:	/Users/bjartek/dev/find/test_utils.go:492
        	            				/Users/bjartek/dev/find/market_auction_soft_test.go:128
        	Error:      	Not equal: 
        	            	expected: 20
        	            	actual  : 10
        	Test:       	TestMarketAuctionSoft
    test_utils.go:853: 
        	Error Trace:	/Users/bjartek/go/pkg/mod/github.com/bjartek/overflow@v1.14.1-0.20240201172206-df28bd63430b/result.go:167
        	            				/Users/bjartek/dev/find/test_utils.go:853
        	            				/Users/bjartek/dev/find/market_auction_soft_test.go:129
        	Error:      	Received unexpected error:
        	            	execution error code 1: [Error Code: 1101] error caused by: 1 error occurred:
        	            		* transaction execute failed: [Error Code: 1101] cadence runtime error: Execution failed:
        	            	error: panic: This account does not have a bid collection
        	            	  --> 68f8778a7712d4817e4b3e1a1d7994cdf10735409e2e4a2e8667bc1a9169b05d:19:117
        	            	   |
        	            	19 |         self.bidsReference= account.storage.borrow<&FindMarketAuctionSoft.MarketBidCollection>(from: storagePath) ?? panic("This account does not have a bid collection")
        	            	   |                                                                                                                      ^^^^^^^^^^^^^^^^^^^^^^^^^^^^^^^^^^^^^^^^^^^^^^^^^^^^
        	            	
        	            	
        	            	
        	            	transaction=./transactions/fulfillMarketAuctionSoftDapper.cdc
        	            	github.com/bjartek/overflow.OverflowInteractionBuilder.Send
        	            		/Users/bjartek/go/pkg/mod/github.com/bjartek/overflow@v1.14.1-0.20240201172206-df28bd63430b/interaction_builder.go:638
        	            	github.com/bjartek/overflow.(*OverflowState).Tx
        	            		/Users/bjartek/go/pkg/mod/github.com/bjartek/overflow@v1.14.1-0.20240201172206-df28bd63430b/state.go:585
        	            	github.com/findonflow/find.(*OverflowTestUtils).fulfillMarketAuctionSoft
        	            		/Users/bjartek/dev/find/test_utils.go:847
        	            	github.com/findonflow/find.TestMarketAuctionSoft.func8
        	            		/Users/bjartek/dev/find/market_auction_soft_test.go:129
        	            	testing.tRunner
        	            		/opt/homebrew/Cellar/go/1.21.6/libexec/src/testing/testing.go:1595
        	            	runtime.goexit
        	            		/opt/homebrew/Cellar/go/1.21.6/libexec/src/runtime/asm_arm64.s:1197
        	Test:       	TestMarketAuctionSoft
    test_utils.go:854: 
        	Error Trace:	/Users/bjartek/go/pkg/mod/github.com/bjartek/overflow@v1.14.1-0.20240201172206-df28bd63430b/result.go:208
        	            				/Users/bjartek/dev/find/test_utils.go:854
        	            				/Users/bjartek/dev/find/market_auction_soft_test.go:129
        	Error:      	event not found FindMarketAuctionSoft.EnglishAuction, overflow.OverflowEvent{
        	            	  Id: "",
        	            	  Fields: map[string]interface {}{
        	            	    "amount": 20.0,
        	            	    "buyer": "0xe2f72218abeec2b9",
        	            	    "id": 9943947977234055170,
        	            	    "status": "sold",
        	            	  },
        	            	  TransactionId: "",
        	            	  EventIndex: 0,
        	            	  Name: "",
        	            	  Addresses: map[string][]string(nil),
        	            	}
        	Test:       	TestMarketAuctionSoft
    test_utils.go:854: === Events ===
    test_utils.go:531: 
        	Error Trace:	/Users/bjartek/go/pkg/mod/github.com/bjartek/overflow@v1.14.1-0.20240201172206-df28bd63430b/result.go:167
        	            				/Users/bjartek/dev/find/test_utils.go:531
        	            				/Users/bjartek/dev/find/market_auction_soft_test.go:169
        	Error:      	Received unexpected error:
        	            	execution error code 1: [Error Code: 1101] error caused by: 1 error occurred:
        	            		* transaction execute failed: [Error Code: 1101] cadence runtime error: Execution failed:
        	            	  --> 651f7a432993a970a6329ab004ed0f291543b8b4bfcdc92a5b8dba6e12adcdc1:79:16
        	            	   |
        	            	79 | 		self.pointer= FindViews.createViewReadPointer(address: address, path:nft.publicPath, id: item.getItemID())
        	            	   | 		              ^^^^^^^^^^^^^^^^^^^^^^^^^^^^^^^^^^^^^^^^^^^^^^^^^^^^^^^^^^^^^^^^^^^^^^^^^^^^^^^^^^^^^^^^^^^^
        	            	
        	            	error: unexpectedly found nil while forcing an Optional value
        	            	   --> 179b6b1cb6755e31.FindViews:351:17
        	            	    |
        	            	351 |         let cap=	getAccount(address).capabilities.get<&{ViewResolver.ResolverCollection}>(path)!
        	            	    |                 	^^^^^^^^^^^^^^^^^^^^^^^^^^^^^^^^^^^^^^^^^^^^^^^^^^^^^^^^^^^^^^^^^^^^^^^^^^^^^^^
        	            	
        	            	
        	            	
        	            	transaction=./transactions/bidMarketAuctionSoftDapper.cdc
        	            	github.com/bjartek/overflow.OverflowInteractionBuilder.Send
        	            		/Users/bjartek/go/pkg/mod/github.com/bjartek/overflow@v1.14.1-0.20240201172206-df28bd63430b/interaction_builder.go:638
        	            	github.com/bjartek/overflow.(*OverflowState).Tx
        	            		/Users/bjartek/go/pkg/mod/github.com/bjartek/overflow@v1.14.1-0.20240201172206-df28bd63430b/state.go:585
        	            	github.com/findonflow/find.(*OverflowTestUtils).auctionBidMarketSoft
        	            		/Users/bjartek/dev/find/test_utils.go:525
        	            	github.com/findonflow/find.TestMarketAuctionSoft.func12
        	            		/Users/bjartek/dev/find/market_auction_soft_test.go:169
        	            	testing.tRunner
        	            		/opt/homebrew/Cellar/go/1.21.6/libexec/src/testing/testing.go:1595
        	            	runtime.goexit
        	            		/opt/homebrew/Cellar/go/1.21.6/libexec/src/runtime/asm_arm64.s:1197
        	Test:       	TestMarketAuctionSoft
    test_utils.go:532: 
        	Error Trace:	/Users/bjartek/go/pkg/mod/github.com/bjartek/overflow@v1.14.1-0.20240201172206-df28bd63430b/result.go:208
        	            				/Users/bjartek/dev/find/test_utils.go:532
        	            				/Users/bjartek/dev/find/market_auction_soft_test.go:169
        	Error:      	event not found FindMarketAuctionSoft.EnglishAuction, overflow.OverflowEvent{
        	            	  Id: "",
        	            	  Fields: map[string]interface {}{
        	            	    "amount": 15.0,
        	            	    "buyer": "0xe2f72218abeec2b9",
        	            	    "id": 9943947977234055170,
        	            	    "status": "active_ongoing",
        	            	  },
        	            	  TransactionId: "",
        	            	  EventIndex: 0,
        	            	  Name: "",
        	            	  Addresses: map[string][]string(nil),
        	            	}
        	Test:       	TestMarketAuctionSoft
    test_utils.go:532: === Events ===
    test_utils.go:491: 
        	Error Trace:	/Users/bjartek/dev/find/test_utils.go:491
        	            				/Users/bjartek/dev/find/market_auction_soft_test.go:171
        	Error:      	Not equal: 
        	            	expected: "finished_completed"
        	            	actual  : "active_listed"
        	            	
        	            	Diff:
        	            	--- Expected
        	            	+++ Actual
        	            	@@ -1 +1 @@
        	            	-finished_completed
        	            	+active_listed
        	Test:       	TestMarketAuctionSoft
    test_utils.go:492: 
        	Error Trace:	/Users/bjartek/dev/find/test_utils.go:492
        	            				/Users/bjartek/dev/find/market_auction_soft_test.go:171
        	Error:      	Not equal: 
        	            	expected: 15
        	            	actual  : 10
        	Test:       	TestMarketAuctionSoft
    test_utils.go:853: 
        	Error Trace:	/Users/bjartek/go/pkg/mod/github.com/bjartek/overflow@v1.14.1-0.20240201172206-df28bd63430b/result.go:167
        	            				/Users/bjartek/dev/find/test_utils.go:853
        	            				/Users/bjartek/dev/find/market_auction_soft_test.go:181
        	Error:      	Received unexpected error:
        	            	execution error code 1: [Error Code: 1101] error caused by: 1 error occurred:
        	            		* transaction execute failed: [Error Code: 1101] cadence runtime error: Execution failed:
        	            	error: panic: This account does not have a bid collection
        	            	  --> e766b6f46c21c370921b9169e0d92a66a873a100ee6d684139722611bfde6084:19:117
        	            	   |
        	            	19 |         self.bidsReference= account.storage.borrow<&FindMarketAuctionSoft.MarketBidCollection>(from: storagePath) ?? panic("This account does not have a bid collection")
        	            	   |                                                                                                                      ^^^^^^^^^^^^^^^^^^^^^^^^^^^^^^^^^^^^^^^^^^^^^^^^^^^^
        	            	
        	            	
        	            	
        	            	transaction=./transactions/fulfillMarketAuctionSoftDapper.cdc
        	            	github.com/bjartek/overflow.OverflowInteractionBuilder.Send
        	            		/Users/bjartek/go/pkg/mod/github.com/bjartek/overflow@v1.14.1-0.20240201172206-df28bd63430b/interaction_builder.go:638
        	            	github.com/bjartek/overflow.(*OverflowState).Tx
        	            		/Users/bjartek/go/pkg/mod/github.com/bjartek/overflow@v1.14.1-0.20240201172206-df28bd63430b/state.go:585
        	            	github.com/findonflow/find.(*OverflowTestUtils).fulfillMarketAuctionSoft
        	            		/Users/bjartek/dev/find/test_utils.go:847
        	            	github.com/findonflow/find.TestMarketAuctionSoft.func12
        	            		/Users/bjartek/dev/find/market_auction_soft_test.go:181
        	            	testing.tRunner
        	            		/opt/homebrew/Cellar/go/1.21.6/libexec/src/testing/testing.go:1595
        	            	runtime.goexit
        	            		/opt/homebrew/Cellar/go/1.21.6/libexec/src/runtime/asm_arm64.s:1197
        	Test:       	TestMarketAuctionSoft
    test_utils.go:854: 
        	Error Trace:	/Users/bjartek/go/pkg/mod/github.com/bjartek/overflow@v1.14.1-0.20240201172206-df28bd63430b/result.go:208
        	            				/Users/bjartek/dev/find/test_utils.go:854
        	            				/Users/bjartek/dev/find/market_auction_soft_test.go:181
        	Error:      	event not found FindMarketAuctionSoft.EnglishAuction, overflow.OverflowEvent{
        	            	  Id: "",
        	            	  Fields: map[string]interface {}{
        	            	    "amount": 15.0,
        	            	    "buyer": "0xe2f72218abeec2b9",
        	            	    "id": 9943947977234055170,
        	            	    "status": "sold",
        	            	  },
        	            	  TransactionId: "",
        	            	  EventIndex: 0,
        	            	  Name: "",
        	            	  Addresses: map[string][]string(nil),
        	            	}
        	Test:       	TestMarketAuctionSoft
    test_utils.go:854: === Events ===
    test_utils.go:531: 
        	Error Trace:	/Users/bjartek/go/pkg/mod/github.com/bjartek/overflow@v1.14.1-0.20240201172206-df28bd63430b/result.go:167
        	            				/Users/bjartek/dev/find/test_utils.go:531
        	            				/Users/bjartek/dev/find/market_auction_soft_test.go:188
        	Error:      	Received unexpected error:
        	            	execution error code 1: [Error Code: 1101] error caused by: 1 error occurred:
        	            		* transaction execute failed: [Error Code: 1101] cadence runtime error: Execution failed:
        	            	  --> 9c70ac15810a10d167bf96b7d4a5dbc542476d76e28a7e034f59f73a012d968d:79:16
        	            	   |
        	            	79 | 		self.pointer= FindViews.createViewReadPointer(address: address, path:nft.publicPath, id: item.getItemID())
        	            	   | 		              ^^^^^^^^^^^^^^^^^^^^^^^^^^^^^^^^^^^^^^^^^^^^^^^^^^^^^^^^^^^^^^^^^^^^^^^^^^^^^^^^^^^^^^^^^^^^
        	            	
        	            	error: unexpectedly found nil while forcing an Optional value
        	            	   --> 179b6b1cb6755e31.FindViews:351:17
        	            	    |
        	            	351 |         let cap=	getAccount(address).capabilities.get<&{ViewResolver.ResolverCollection}>(path)!
        	            	    |                 	^^^^^^^^^^^^^^^^^^^^^^^^^^^^^^^^^^^^^^^^^^^^^^^^^^^^^^^^^^^^^^^^^^^^^^^^^^^^^^^
        	            	
        	            	
        	            	
        	            	transaction=./transactions/bidMarketAuctionSoftDapper.cdc
        	            	github.com/bjartek/overflow.OverflowInteractionBuilder.Send
        	            		/Users/bjartek/go/pkg/mod/github.com/bjartek/overflow@v1.14.1-0.20240201172206-df28bd63430b/interaction_builder.go:638
        	            	github.com/bjartek/overflow.(*OverflowState).Tx
        	            		/Users/bjartek/go/pkg/mod/github.com/bjartek/overflow@v1.14.1-0.20240201172206-df28bd63430b/state.go:585
        	            	github.com/findonflow/find.(*OverflowTestUtils).auctionBidMarketSoft
        	            		/Users/bjartek/dev/find/test_utils.go:525
        	            	github.com/findonflow/find.TestMarketAuctionSoft.func13
        	            		/Users/bjartek/dev/find/market_auction_soft_test.go:188
        	            	testing.tRunner
        	            		/opt/homebrew/Cellar/go/1.21.6/libexec/src/testing/testing.go:1595
        	            	runtime.goexit
        	            		/opt/homebrew/Cellar/go/1.21.6/libexec/src/runtime/asm_arm64.s:1197
        	Test:       	TestMarketAuctionSoft
    test_utils.go:532: 
        	Error Trace:	/Users/bjartek/go/pkg/mod/github.com/bjartek/overflow@v1.14.1-0.20240201172206-df28bd63430b/result.go:208
        	            				/Users/bjartek/dev/find/test_utils.go:532
        	            				/Users/bjartek/dev/find/market_auction_soft_test.go:188
        	Error:      	event not found FindMarketAuctionSoft.EnglishAuction, overflow.OverflowEvent{
        	            	  Id: "",
        	            	  Fields: map[string]interface {}{
        	            	    "amount": 15.0,
        	            	    "buyer": "0xe2f72218abeec2b9",
        	            	    "id": 9943947977234055170,
        	            	    "status": "active_ongoing",
        	            	  },
        	            	  TransactionId: "",
        	            	  EventIndex: 0,
        	            	  Name: "",
        	            	  Addresses: map[string][]string(nil),
        	            	}
        	Test:       	TestMarketAuctionSoft
    test_utils.go:532: === Events ===
    test_utils.go:531: 
        	Error Trace:	/Users/bjartek/go/pkg/mod/github.com/bjartek/overflow@v1.14.1-0.20240201172206-df28bd63430b/result.go:167
        	            				/Users/bjartek/dev/find/test_utils.go:531
        	            				/Users/bjartek/dev/find/market_auction_soft_test.go:198
        	Error:      	Received unexpected error:
        	            	execution error code 1: [Error Code: 1101] error caused by: 1 error occurred:
        	            		* transaction execute failed: [Error Code: 1101] cadence runtime error: Execution failed:
        	            	  --> e9c722fd11a3448e5000b5c61f45b68c4e7653d95cfe7b62e186f6a8203a4235:79:16
        	            	   |
        	            	79 | 		self.pointer= FindViews.createViewReadPointer(address: address, path:nft.publicPath, id: item.getItemID())
        	            	   | 		              ^^^^^^^^^^^^^^^^^^^^^^^^^^^^^^^^^^^^^^^^^^^^^^^^^^^^^^^^^^^^^^^^^^^^^^^^^^^^^^^^^^^^^^^^^^^^
        	            	
        	            	error: unexpectedly found nil while forcing an Optional value
        	            	   --> 179b6b1cb6755e31.FindViews:351:17
        	            	    |
        	            	351 |         let cap=	getAccount(address).capabilities.get<&{ViewResolver.ResolverCollection}>(path)!
        	            	    |                 	^^^^^^^^^^^^^^^^^^^^^^^^^^^^^^^^^^^^^^^^^^^^^^^^^^^^^^^^^^^^^^^^^^^^^^^^^^^^^^^
        	            	
        	            	
        	            	
        	            	transaction=./transactions/bidMarketAuctionSoftDapper.cdc
        	            	github.com/bjartek/overflow.OverflowInteractionBuilder.Send
        	            		/Users/bjartek/go/pkg/mod/github.com/bjartek/overflow@v1.14.1-0.20240201172206-df28bd63430b/interaction_builder.go:638
        	            	github.com/bjartek/overflow.(*OverflowState).Tx
        	            		/Users/bjartek/go/pkg/mod/github.com/bjartek/overflow@v1.14.1-0.20240201172206-df28bd63430b/state.go:585
        	            	github.com/findonflow/find.(*OverflowTestUtils).auctionBidMarketSoft
        	            		/Users/bjartek/dev/find/test_utils.go:525
        	            	github.com/findonflow/find.TestMarketAuctionSoft.func14
        	            		/Users/bjartek/dev/find/market_auction_soft_test.go:198
        	            	testing.tRunner
        	            		/opt/homebrew/Cellar/go/1.21.6/libexec/src/testing/testing.go:1595
        	            	runtime.goexit
        	            		/opt/homebrew/Cellar/go/1.21.6/libexec/src/runtime/asm_arm64.s:1197
        	Test:       	TestMarketAuctionSoft
    test_utils.go:532: 
        	Error Trace:	/Users/bjartek/go/pkg/mod/github.com/bjartek/overflow@v1.14.1-0.20240201172206-df28bd63430b/result.go:208
        	            				/Users/bjartek/dev/find/test_utils.go:532
        	            				/Users/bjartek/dev/find/market_auction_soft_test.go:198
        	Error:      	event not found FindMarketAuctionSoft.EnglishAuction, overflow.OverflowEvent{
        	            	  Id: "",
        	            	  Fields: map[string]interface {}{
        	            	    "amount": 11.0,
        	            	    "buyer": "0xe2f72218abeec2b9",
        	            	    "id": 9943947977234055170,
        	            	    "status": "active_ongoing",
        	            	  },
        	            	  TransactionId: "",
        	            	  EventIndex: 0,
        	            	  Name: "",
        	            	  Addresses: map[string][]string(nil),
        	            	}
        	Test:       	TestMarketAuctionSoft
    test_utils.go:532: === Events ===
    test_utils.go:491: 
        	Error Trace:	/Users/bjartek/dev/find/test_utils.go:491
        	            				/Users/bjartek/dev/find/market_auction_soft_test.go:200
        	Error:      	Not equal: 
        	            	expected: "finished_failed"
        	            	actual  : "active_listed"
        	            	
        	            	Diff:
        	            	--- Expected
        	            	+++ Actual
        	            	@@ -1 +1 @@
        	            	-finished_failed
        	            	+active_listed
        	Test:       	TestMarketAuctionSoft
    test_utils.go:492: 
        	Error Trace:	/Users/bjartek/dev/find/test_utils.go:492
        	            				/Users/bjartek/dev/find/market_auction_soft_test.go:200
        	Error:      	Not equal: 
        	            	expected: 11
        	            	actual  : 10
        	Test:       	TestMarketAuctionSoft
    test_utils.go:531: 
        	Error Trace:	/Users/bjartek/go/pkg/mod/github.com/bjartek/overflow@v1.14.1-0.20240201172206-df28bd63430b/result.go:167
        	            				/Users/bjartek/dev/find/test_utils.go:531
        	            				/Users/bjartek/dev/find/market_auction_soft_test.go:222
        	Error:      	Received unexpected error:
        	            	execution error code 1: [Error Code: 1101] error caused by: 1 error occurred:
        	            		* transaction execute failed: [Error Code: 1101] cadence runtime error: Execution failed:
        	            	  --> 7be857d1f029622442b9fe851aceb99be3dd94ad5ec2daab49394d09d0b55165:79:16
        	            	   |
        	            	79 | 		self.pointer= FindViews.createViewReadPointer(address: address, path:nft.publicPath, id: item.getItemID())
        	            	   | 		              ^^^^^^^^^^^^^^^^^^^^^^^^^^^^^^^^^^^^^^^^^^^^^^^^^^^^^^^^^^^^^^^^^^^^^^^^^^^^^^^^^^^^^^^^^^^^
        	            	
        	            	error: unexpectedly found nil while forcing an Optional value
        	            	   --> 179b6b1cb6755e31.FindViews:351:17
        	            	    |
        	            	351 |         let cap=	getAccount(address).capabilities.get<&{ViewResolver.ResolverCollection}>(path)!
        	            	    |                 	^^^^^^^^^^^^^^^^^^^^^^^^^^^^^^^^^^^^^^^^^^^^^^^^^^^^^^^^^^^^^^^^^^^^^^^^^^^^^^^
        	            	
        	            	
        	            	
        	            	transaction=./transactions/bidMarketAuctionSoftDapper.cdc
        	            	github.com/bjartek/overflow.OverflowInteractionBuilder.Send
        	            		/Users/bjartek/go/pkg/mod/github.com/bjartek/overflow@v1.14.1-0.20240201172206-df28bd63430b/interaction_builder.go:638
        	            	github.com/bjartek/overflow.(*OverflowState).Tx
        	            		/Users/bjartek/go/pkg/mod/github.com/bjartek/overflow@v1.14.1-0.20240201172206-df28bd63430b/state.go:585
        	            	github.com/findonflow/find.(*OverflowTestUtils).auctionBidMarketSoft
        	            		/Users/bjartek/dev/find/test_utils.go:525
        	            	github.com/findonflow/find.TestMarketAuctionSoft.func15
        	            		/Users/bjartek/dev/find/market_auction_soft_test.go:222
        	            	testing.tRunner
        	            		/opt/homebrew/Cellar/go/1.21.6/libexec/src/testing/testing.go:1595
        	            	runtime.goexit
        	            		/opt/homebrew/Cellar/go/1.21.6/libexec/src/runtime/asm_arm64.s:1197
        	Test:       	TestMarketAuctionSoft
    test_utils.go:532: 
        	Error Trace:	/Users/bjartek/go/pkg/mod/github.com/bjartek/overflow@v1.14.1-0.20240201172206-df28bd63430b/result.go:208
        	            				/Users/bjartek/dev/find/test_utils.go:532
        	            				/Users/bjartek/dev/find/market_auction_soft_test.go:222
        	Error:      	event not found FindMarketAuctionSoft.EnglishAuction, overflow.OverflowEvent{
        	            	  Id: "",
        	            	  Fields: map[string]interface {}{
        	            	    "amount": 15.0,
        	            	    "buyer": "0xe2f72218abeec2b9",
        	            	    "id": 9943947977234055170,
        	            	    "status": "active_ongoing",
        	            	  },
        	            	  TransactionId: "",
        	            	  EventIndex: 0,
        	            	  Name: "",
        	            	  Addresses: map[string][]string(nil),
        	            	}
        	Test:       	TestMarketAuctionSoft
    test_utils.go:532: === Events ===
    test_utils.go:491: 
        	Error Trace:	/Users/bjartek/dev/find/test_utils.go:491
        	            				/Users/bjartek/dev/find/market_auction_soft_test.go:223
        	Error:      	Not equal: 
        	            	expected: "active_ongoing"
        	            	actual  : "active_listed"
        	            	
        	            	Diff:
        	            	--- Expected
        	            	+++ Actual
        	            	@@ -1 +1 @@
        	            	-active_ongoing
        	            	+active_listed
        	Test:       	TestMarketAuctionSoft
    test_utils.go:492: 
        	Error Trace:	/Users/bjartek/dev/find/test_utils.go:492
        	            				/Users/bjartek/dev/find/market_auction_soft_test.go:223
        	Error:      	Not equal: 
        	            	expected: 15
        	            	actual  : 10
        	Test:       	TestMarketAuctionSoft
    test_utils.go:531: 
        	Error Trace:	/Users/bjartek/go/pkg/mod/github.com/bjartek/overflow@v1.14.1-0.20240201172206-df28bd63430b/result.go:167
        	            				/Users/bjartek/dev/find/test_utils.go:531
        	            				/Users/bjartek/dev/find/market_auction_soft_test.go:253
        	Error:      	Received unexpected error:
        	            	execution error code 1: [Error Code: 1101] error caused by: 1 error occurred:
        	            		* transaction execute failed: [Error Code: 1101] cadence runtime error: Execution failed:
        	            	  --> 8008560c04ef553e59ebcd1f23cf6c9ebcb3d4a8d4564668e10f27287a9399d3:79:16
        	            	   |
        	            	79 | 		self.pointer= FindViews.createViewReadPointer(address: address, path:nft.publicPath, id: item.getItemID())
        	            	   | 		              ^^^^^^^^^^^^^^^^^^^^^^^^^^^^^^^^^^^^^^^^^^^^^^^^^^^^^^^^^^^^^^^^^^^^^^^^^^^^^^^^^^^^^^^^^^^^
        	            	
        	            	error: unexpectedly found nil while forcing an Optional value
        	            	   --> 179b6b1cb6755e31.FindViews:351:17
        	            	    |
        	            	351 |         let cap=	getAccount(address).capabilities.get<&{ViewResolver.ResolverCollection}>(path)!
        	            	    |                 	^^^^^^^^^^^^^^^^^^^^^^^^^^^^^^^^^^^^^^^^^^^^^^^^^^^^^^^^^^^^^^^^^^^^^^^^^^^^^^^
        	            	
        	            	
        	            	
        	            	transaction=./transactions/bidMarketAuctionSoftDapper.cdc
        	            	github.com/bjartek/overflow.OverflowInteractionBuilder.Send
        	            		/Users/bjartek/go/pkg/mod/github.com/bjartek/overflow@v1.14.1-0.20240201172206-df28bd63430b/interaction_builder.go:638
        	            	github.com/bjartek/overflow.(*OverflowState).Tx
        	            		/Users/bjartek/go/pkg/mod/github.com/bjartek/overflow@v1.14.1-0.20240201172206-df28bd63430b/state.go:585
        	            	github.com/findonflow/find.(*OverflowTestUtils).auctionBidMarketSoft
        	            		/Users/bjartek/dev/find/test_utils.go:525
        	            	github.com/findonflow/find.TestMarketAuctionSoft.func18
        	            		/Users/bjartek/dev/find/market_auction_soft_test.go:253
        	            	testing.tRunner
        	            		/opt/homebrew/Cellar/go/1.21.6/libexec/src/testing/testing.go:1595
        	            	runtime.goexit
        	            		/opt/homebrew/Cellar/go/1.21.6/libexec/src/runtime/asm_arm64.s:1197
        	Test:       	TestMarketAuctionSoft
    test_utils.go:532: 
        	Error Trace:	/Users/bjartek/go/pkg/mod/github.com/bjartek/overflow@v1.14.1-0.20240201172206-df28bd63430b/result.go:208
        	            				/Users/bjartek/dev/find/test_utils.go:532
        	            				/Users/bjartek/dev/find/market_auction_soft_test.go:253
        	Error:      	event not found FindMarketAuctionSoft.EnglishAuction, overflow.OverflowEvent{
        	            	  Id: "",
        	            	  Fields: map[string]interface {}{
        	            	    "amount": 15.0,
        	            	    "buyer": "0xe2f72218abeec2b9",
        	            	    "id": 9943947977234055170,
        	            	    "status": "active_ongoing",
        	            	  },
        	            	  TransactionId: "",
        	            	  EventIndex: 0,
        	            	  Name: "",
        	            	  Addresses: map[string][]string(nil),
        	            	}
        	Test:       	TestMarketAuctionSoft
    test_utils.go:532: === Events ===
    test_utils.go:531: 
        	Error Trace:	/Users/bjartek/go/pkg/mod/github.com/bjartek/overflow@v1.14.1-0.20240201172206-df28bd63430b/result.go:167
        	            				/Users/bjartek/dev/find/test_utils.go:531
        	            				/Users/bjartek/dev/find/market_auction_soft_test.go:269
        	Error:      	Received unexpected error:
        	            	execution error code 1: [Error Code: 1101] error caused by: 1 error occurred:
        	            		* transaction execute failed: [Error Code: 1101] cadence runtime error: Execution failed:
        	            	  --> 9c44e1c036fc161a9c48fc27e8a967fbd87f887d524364f191b9ff54b69cacaa:79:16
        	            	   |
        	            	79 | 		self.pointer= FindViews.createViewReadPointer(address: address, path:nft.publicPath, id: item.getItemID())
        	            	   | 		              ^^^^^^^^^^^^^^^^^^^^^^^^^^^^^^^^^^^^^^^^^^^^^^^^^^^^^^^^^^^^^^^^^^^^^^^^^^^^^^^^^^^^^^^^^^^^
        	            	
        	            	error: unexpectedly found nil while forcing an Optional value
        	            	   --> 179b6b1cb6755e31.FindViews:351:17
        	            	    |
        	            	351 |         let cap=	getAccount(address).capabilities.get<&{ViewResolver.ResolverCollection}>(path)!
        	            	    |                 	^^^^^^^^^^^^^^^^^^^^^^^^^^^^^^^^^^^^^^^^^^^^^^^^^^^^^^^^^^^^^^^^^^^^^^^^^^^^^^^
        	            	
        	            	
        	            	
        	            	transaction=./transactions/bidMarketAuctionSoftDapper.cdc
        	            	github.com/bjartek/overflow.OverflowInteractionBuilder.Send
        	            		/Users/bjartek/go/pkg/mod/github.com/bjartek/overflow@v1.14.1-0.20240201172206-df28bd63430b/interaction_builder.go:638
        	            	github.com/bjartek/overflow.(*OverflowState).Tx
        	            		/Users/bjartek/go/pkg/mod/github.com/bjartek/overflow@v1.14.1-0.20240201172206-df28bd63430b/state.go:585
        	            	github.com/findonflow/find.(*OverflowTestUtils).auctionBidMarketSoft
        	            		/Users/bjartek/dev/find/test_utils.go:525
        	            	github.com/findonflow/find.TestMarketAuctionSoft.func19
        	            		/Users/bjartek/dev/find/market_auction_soft_test.go:269
        	            	testing.tRunner
        	            		/opt/homebrew/Cellar/go/1.21.6/libexec/src/testing/testing.go:1595
        	            	runtime.goexit
        	            		/opt/homebrew/Cellar/go/1.21.6/libexec/src/runtime/asm_arm64.s:1197
        	Test:       	TestMarketAuctionSoft
    test_utils.go:532: 
        	Error Trace:	/Users/bjartek/go/pkg/mod/github.com/bjartek/overflow@v1.14.1-0.20240201172206-df28bd63430b/result.go:208
        	            				/Users/bjartek/dev/find/test_utils.go:532
        	            				/Users/bjartek/dev/find/market_auction_soft_test.go:269
        	Error:      	event not found FindMarketAuctionSoft.EnglishAuction, overflow.OverflowEvent{
        	            	  Id: "",
        	            	  Fields: map[string]interface {}{
        	            	    "amount": 15.0,
        	            	    "buyer": "0xe2f72218abeec2b9",
        	            	    "id": 9943947977234055170,
        	            	    "status": "active_ongoing",
        	            	  },
        	            	  TransactionId: "",
        	            	  EventIndex: 0,
        	            	  Name: "",
        	            	  Addresses: map[string][]string(nil),
        	            	}
        	Test:       	TestMarketAuctionSoft
    test_utils.go:532: === Events ===
    test_utils.go:531: 
        	Error Trace:	/Users/bjartek/go/pkg/mod/github.com/bjartek/overflow@v1.14.1-0.20240201172206-df28bd63430b/result.go:167
        	            				/Users/bjartek/dev/find/test_utils.go:531
        	            				/Users/bjartek/dev/find/market_auction_soft_test.go:299
        	Error:      	Received unexpected error:
        	            	execution error code 1: [Error Code: 1101] error caused by: 1 error occurred:
        	            		* transaction execute failed: [Error Code: 1101] cadence runtime error: Execution failed:
        	            	  --> 3e3a29f05c354b2bb3075834767fb49ddba441e831425f863ae641f967d8ddf8:79:16
        	            	   |
        	            	79 | 		self.pointer= FindViews.createViewReadPointer(address: address, path:nft.publicPath, id: item.getItemID())
        	            	   | 		              ^^^^^^^^^^^^^^^^^^^^^^^^^^^^^^^^^^^^^^^^^^^^^^^^^^^^^^^^^^^^^^^^^^^^^^^^^^^^^^^^^^^^^^^^^^^^
        	            	
        	            	error: unexpectedly found nil while forcing an Optional value
        	            	   --> 179b6b1cb6755e31.FindViews:351:17
        	            	    |
        	            	351 |         let cap=	getAccount(address).capabilities.get<&{ViewResolver.ResolverCollection}>(path)!
        	            	    |                 	^^^^^^^^^^^^^^^^^^^^^^^^^^^^^^^^^^^^^^^^^^^^^^^^^^^^^^^^^^^^^^^^^^^^^^^^^^^^^^^
        	            	
        	            	
        	            	
        	            	transaction=./transactions/bidMarketAuctionSoftDapper.cdc
        	            	github.com/bjartek/overflow.OverflowInteractionBuilder.Send
        	            		/Users/bjartek/go/pkg/mod/github.com/bjartek/overflow@v1.14.1-0.20240201172206-df28bd63430b/interaction_builder.go:638
        	            	github.com/bjartek/overflow.(*OverflowState).Tx
        	            		/Users/bjartek/go/pkg/mod/github.com/bjartek/overflow@v1.14.1-0.20240201172206-df28bd63430b/state.go:585
        	            	github.com/findonflow/find.(*OverflowTestUtils).auctionBidMarketSoft
        	            		/Users/bjartek/dev/find/test_utils.go:525
        	            	github.com/findonflow/find.TestMarketAuctionSoft.func20
        	            		/Users/bjartek/dev/find/market_auction_soft_test.go:299
        	            	testing.tRunner
        	            		/opt/homebrew/Cellar/go/1.21.6/libexec/src/testing/testing.go:1595
        	            	runtime.goexit
        	            		/opt/homebrew/Cellar/go/1.21.6/libexec/src/runtime/asm_arm64.s:1197
        	Test:       	TestMarketAuctionSoft
    test_utils.go:532: 
        	Error Trace:	/Users/bjartek/go/pkg/mod/github.com/bjartek/overflow@v1.14.1-0.20240201172206-df28bd63430b/result.go:208
        	            				/Users/bjartek/dev/find/test_utils.go:532
        	            				/Users/bjartek/dev/find/market_auction_soft_test.go:299
        	Error:      	event not found FindMarketAuctionSoft.EnglishAuction, overflow.OverflowEvent{
        	            	  Id: "",
        	            	  Fields: map[string]interface {}{
        	            	    "amount": 15.0,
        	            	    "buyer": "0xe2f72218abeec2b9",
        	            	    "id": 9943947977234055170,
        	            	    "status": "active_ongoing",
        	            	  },
        	            	  TransactionId: "",
        	            	  EventIndex: 0,
        	            	  Name: "",
        	            	  Addresses: map[string][]string(nil),
        	            	}
        	Test:       	TestMarketAuctionSoft
    test_utils.go:532: === Events ===
    test_utils.go:491: 
        	Error Trace:	/Users/bjartek/dev/find/test_utils.go:491
        	            				/Users/bjartek/dev/find/market_auction_soft_test.go:300
        	Error:      	Not equal: 
        	            	expected: "active_ongoing"
        	            	actual  : "active_listed"
        	            	
        	            	Diff:
        	            	--- Expected
        	            	+++ Actual
        	            	@@ -1 +1 @@
        	            	-active_ongoing
        	            	+active_listed
        	Test:       	TestMarketAuctionSoft
    test_utils.go:492: 
        	Error Trace:	/Users/bjartek/dev/find/test_utils.go:492
        	            				/Users/bjartek/dev/find/market_auction_soft_test.go:300
        	Error:      	Not equal: 
        	            	expected: 15
        	            	actual  : 10
        	Test:       	TestMarketAuctionSoft
    test_utils.go:1697: 
        	Error Trace:	/Users/bjartek/go/pkg/mod/github.com/bjartek/overflow@v1.14.1-0.20240201172206-df28bd63430b/result.go:167
        	            				/Users/bjartek/dev/find/test_utils.go:1697
        	            				/Users/bjartek/dev/find/market_auction_soft_test.go:320
        	Error:      	Received unexpected error:
        	            	execution error code 1: [Error Code: 1101] error caused by: 1 error occurred:
        	            		* transaction execute failed: [Error Code: 1101] cadence runtime error: Execution failed:
        	            	  --> fc59f3dd2c338c518a7120073aaa315593e9d30cfd1885a5badfad95eebd6898:79:16
        	            	   |
        	            	79 | 		self.pointer= FindViews.createViewReadPointer(address: address, path:nft.publicPath, id: item.getItemID())
        	            	   | 		              ^^^^^^^^^^^^^^^^^^^^^^^^^^^^^^^^^^^^^^^^^^^^^^^^^^^^^^^^^^^^^^^^^^^^^^^^^^^^^^^^^^^^^^^^^^^^
        	            	
        	            	error: unexpectedly found nil while forcing an Optional value
        	            	   --> 179b6b1cb6755e31.FindViews:351:17
        	            	    |
        	            	351 |         let cap=	getAccount(address).capabilities.get<&{ViewResolver.ResolverCollection}>(path)!
        	            	    |                 	^^^^^^^^^^^^^^^^^^^^^^^^^^^^^^^^^^^^^^^^^^^^^^^^^^^^^^^^^^^^^^^^^^^^^^^^^^^^^^^
        	            	
        	            	
        	            	
        	            	transaction=./transactions/bidMarketAuctionSoftDapper.cdc
        	            	github.com/bjartek/overflow.OverflowInteractionBuilder.Send
        	            		/Users/bjartek/go/pkg/mod/github.com/bjartek/overflow@v1.14.1-0.20240201172206-df28bd63430b/interaction_builder.go:638
        	            	github.com/bjartek/overflow.(*OverflowState).Tx
        	            		/Users/bjartek/go/pkg/mod/github.com/bjartek/overflow@v1.14.1-0.20240201172206-df28bd63430b/state.go:585
        	            	github.com/findonflow/find.(*OverflowTestUtils).auctionBidMarketSoftDUC
        	            		/Users/bjartek/dev/find/test_utils.go:1691
        	            	github.com/findonflow/find.TestMarketAuctionSoft.func21
        	            		/Users/bjartek/dev/find/market_auction_soft_test.go:320
        	            	testing.tRunner
        	            		/opt/homebrew/Cellar/go/1.21.6/libexec/src/testing/testing.go:1595
        	            	runtime.goexit
        	            		/opt/homebrew/Cellar/go/1.21.6/libexec/src/runtime/asm_arm64.s:1197
        	Test:       	TestMarketAuctionSoft
    test_utils.go:1698: 
        	Error Trace:	/Users/bjartek/go/pkg/mod/github.com/bjartek/overflow@v1.14.1-0.20240201172206-df28bd63430b/result.go:208
        	            				/Users/bjartek/dev/find/test_utils.go:1698
        	            				/Users/bjartek/dev/find/market_auction_soft_test.go:320
        	Error:      	event not found A.179b6b1cb6755e31.FindMarketAuctionSoft.EnglishAuction, overflow.OverflowEvent{
        	            	  Id: "",
        	            	  Fields: map[string]interface {}{
        	            	    "amount": 15.0,
        	            	    "buyer": "0xe2f72218abeec2b9",
        	            	    "id": 9943947977234055170,
        	            	    "status": "active_ongoing",
        	            	  },
        	            	  TransactionId: "",
        	            	  EventIndex: 0,
        	            	  Name: "",
        	            	  Addresses: map[string][]string(nil),
        	            	}
        	Test:       	TestMarketAuctionSoft
    test_utils.go:1698: === Events ===
    test_utils.go:491: 
        	Error Trace:	/Users/bjartek/dev/find/test_utils.go:491
        	            				/Users/bjartek/dev/find/market_auction_soft_test.go:322
        	Error:      	Not equal: 
        	            	expected: "finished_completed"
        	            	actual  : "active_listed"
        	            	
        	            	Diff:
        	            	--- Expected
        	            	+++ Actual
        	            	@@ -1 +1 @@
        	            	-finished_completed
        	            	+active_listed
        	Test:       	TestMarketAuctionSoft
    test_utils.go:492: 
        	Error Trace:	/Users/bjartek/dev/find/test_utils.go:492
        	            				/Users/bjartek/dev/find/market_auction_soft_test.go:322
        	Error:      	Not equal: 
        	            	expected: 15
        	            	actual  : 10
        	Test:       	TestMarketAuctionSoft
    test_utils.go:1757: 
        	Error Trace:	/Users/bjartek/go/pkg/mod/github.com/bjartek/overflow@v1.14.1-0.20240201172206-df28bd63430b/result.go:167
        	            				/Users/bjartek/dev/find/test_utils.go:1757
        	            				/Users/bjartek/dev/find/market_auction_soft_test.go:323
        	Error:      	Received unexpected error:
        	            	execution error code 1: [Error Code: 1101] error caused by: 1 error occurred:
        	            		* transaction execute failed: [Error Code: 1101] cadence runtime error: Execution failed:
        	            	error: panic: This account does not have a bid collection
        	            	  --> 51a87eafb1f80303018e8efd8995aa6883fbf48f2f921c555ce82ddadffe3db4:19:117
        	            	   |
        	            	19 |         self.bidsReference= account.storage.borrow<&FindMarketAuctionSoft.MarketBidCollection>(from: storagePath) ?? panic("This account does not have a bid collection")
        	            	   |                                                                                                                      ^^^^^^^^^^^^^^^^^^^^^^^^^^^^^^^^^^^^^^^^^^^^^^^^^^^^
        	            	
        	            	
        	            	
        	            	transaction=./transactions/fulfillMarketAuctionSoftDapper.cdc
        	            	github.com/bjartek/overflow.OverflowInteractionBuilder.Send
        	            		/Users/bjartek/go/pkg/mod/github.com/bjartek/overflow@v1.14.1-0.20240201172206-df28bd63430b/interaction_builder.go:638
        	            	github.com/bjartek/overflow.(*OverflowState).Tx
        	            		/Users/bjartek/go/pkg/mod/github.com/bjartek/overflow@v1.14.1-0.20240201172206-df28bd63430b/state.go:585
        	            	github.com/findonflow/find.(*OverflowTestUtils).fulfillMarketAuctionSoftDUC
        	            		/Users/bjartek/dev/find/test_utils.go:1751
        	            	github.com/findonflow/find.TestMarketAuctionSoft.func21
        	            		/Users/bjartek/dev/find/market_auction_soft_test.go:323
        	            	testing.tRunner
        	            		/opt/homebrew/Cellar/go/1.21.6/libexec/src/testing/testing.go:1595
        	            	runtime.goexit
        	            		/opt/homebrew/Cellar/go/1.21.6/libexec/src/runtime/asm_arm64.s:1197
        	Test:       	TestMarketAuctionSoft
    test_utils.go:1758: 
        	Error Trace:	/Users/bjartek/go/pkg/mod/github.com/bjartek/overflow@v1.14.1-0.20240201172206-df28bd63430b/result.go:208
        	            				/Users/bjartek/dev/find/test_utils.go:1758
        	            				/Users/bjartek/dev/find/market_auction_soft_test.go:323
        	Error:      	event not found A.179b6b1cb6755e31.FindMarketAuctionSoft.EnglishAuction, overflow.OverflowEvent{
        	            	  Id: "",
        	            	  Fields: map[string]interface {}{
        	            	    "amount": 15.0,
        	            	    "buyer": "0xe2f72218abeec2b9",
        	            	    "id": 9943947977234055170,
        	            	    "status": "sold",
        	            	  },
        	            	  TransactionId: "",
        	            	  EventIndex: 0,
        	            	  Name: "",
        	            	  Addresses: map[string][]string(nil),
        	            	}
        	Test:       	TestMarketAuctionSoft
    test_utils.go:1758: === Events ===

=== FAIL: . TestMarketDirectOfferSoft/Should_be_able_to_add_direct_offer_and_then_sell (0.24s)

=== FAIL: . TestMarketDirectOfferSoft (0.24s)
    test_utils.go:644: 
        	Error Trace:	/Users/bjartek/go/pkg/mod/github.com/bjartek/overflow@v1.14.1-0.20240201172206-df28bd63430b/result.go:167
        	            				/Users/bjartek/dev/find/test_utils.go:644
        	            				/Users/bjartek/dev/find/market_direct_offer_soft_test.go:29
        	Error:      	Received unexpected error:
        	            	execution error code 1: [Error Code: 1101] error caused by: 1 error occurred:
        	            		* transaction execute failed: [Error Code: 1101] cadence runtime error: Execution failed:
        	            	  --> 588ab6566678f05e9a1ce649d8bfff263407f8a35630686c786ba4fbfdb9d4c2:49:16
        	            	   |
        	            	49 | 		self.pointer= FindViews.createViewReadPointer(address: address, path:nft.publicPath, id: id)
        	            	   | 		              ^^^^^^^^^^^^^^^^^^^^^^^^^^^^^^^^^^^^^^^^^^^^^^^^^^^^^^^^^^^^^^^^^^^^^^^^^^^^^^
        	            	
        	            	error: unexpectedly found nil while forcing an Optional value
        	            	   --> 179b6b1cb6755e31.FindViews:351:17
        	            	    |
        	            	351 |         let cap=	getAccount(address).capabilities.get<&{ViewResolver.ResolverCollection}>(path)!
        	            	    |                 	^^^^^^^^^^^^^^^^^^^^^^^^^^^^^^^^^^^^^^^^^^^^^^^^^^^^^^^^^^^^^^^^^^^^^^^^^^^^^^^
        	            	
        	            	
        	            	
        	            	transaction=./transactions/bidMarketDirectOfferSoftDapper.cdc
        	            	github.com/bjartek/overflow.OverflowInteractionBuilder.Send
        	            		/Users/bjartek/go/pkg/mod/github.com/bjartek/overflow@v1.14.1-0.20240201172206-df28bd63430b/interaction_builder.go:638
        	            	github.com/bjartek/overflow.(*OverflowState).Tx
        	            		/Users/bjartek/go/pkg/mod/github.com/bjartek/overflow@v1.14.1-0.20240201172206-df28bd63430b/state.go:585
        	            	github.com/findonflow/find.(*OverflowTestUtils).directOfferMarketSoft
        	            		/Users/bjartek/dev/find/test_utils.go:635
        	            	github.com/findonflow/find.TestMarketDirectOfferSoft.func1
        	            		/Users/bjartek/dev/find/market_direct_offer_soft_test.go:29
        	            	testing.tRunner
        	            		/opt/homebrew/Cellar/go/1.21.6/libexec/src/testing/testing.go:1595
        	            	runtime.goexit
        	            		/opt/homebrew/Cellar/go/1.21.6/libexec/src/runtime/asm_arm64.s:1197
        	Test:       	TestMarketDirectOfferSoft
    test_utils.go:645: 
        	Error Trace:	/Users/bjartek/go/pkg/mod/github.com/bjartek/overflow@v1.14.1-0.20240201172206-df28bd63430b/result.go:208
        	            				/Users/bjartek/dev/find/test_utils.go:645
        	            				/Users/bjartek/dev/find/market_direct_offer_soft_test.go:29
        	Error:      	event not found FindMarketDirectOfferSoft.DirectOffer, overflow.OverflowEvent{
        	            	  Id: "",
        	            	  Fields: map[string]interface {}{
        	            	    "amount": 10.0,
        	            	    "buyer": "0xe2f72218abeec2b9",
        	            	    "id": 9943947977234055170,
        	            	  },
        	            	  TransactionId: "",
        	            	  EventIndex: 0,
        	            	  Name: "",
        	            	  Addresses: map[string][]string(nil),
        	            	}
        	Test:       	TestMarketDirectOfferSoft
    event.go:321: === Events ===
    test_utils.go:490: 
        	Error Trace:	/Users/bjartek/dev/find/test_utils.go:490
        	            				/Users/bjartek/dev/find/market_direct_offer_soft_test.go:30
        	Error:      	Not equal: 
        	            	expected: 1
        	            	actual  : 0
        	Test:       	TestMarketDirectOfferSoft
panic: runtime error: index out of range [0] with length 0 [recovered]
	panic: runtime error: index out of range [0] with length 0

goroutine 12313 [running]:
testing.tRunner.func1.2({0x104957260, 0x14002206ab0})
	/opt/homebrew/Cellar/go/1.21.6/libexec/src/testing/testing.go:1545 +0x1c4
testing.tRunner.func1()
	/opt/homebrew/Cellar/go/1.21.6/libexec/src/testing/testing.go:1548 +0x360
panic({0x104957260?, 0x14002206ab0?})
	/opt/homebrew/Cellar/go/1.21.6/libexec/src/runtime/panic.go:914 +0x218
github.com/findonflow/find.(*OverflowTestUtils).saleItemListed(0x14000f47bb0, {0x1040f023c?, 0x5?}, {0x10410b0cc, 0xe}, 0x4024000000000000)
	/Users/bjartek/dev/find/test_utils.go:491 +0x148
github.com/findonflow/find.TestMarketDirectOfferSoft.func1(0x14002129560?)
	/Users/bjartek/dev/find/market_direct_offer_soft_test.go:30 +0x70
testing.tRunner(0x140015e69c0, 0x140021c3ca0)
	/opt/homebrew/Cellar/go/1.21.6/libexec/src/testing/testing.go:1595 +0xe8
created by testing.(*T).Run in goroutine 12312
	/opt/homebrew/Cellar/go/1.21.6/libexec/src/testing/testing.go:1648 +0x33c

DONE 345 tests, 14 failures in 68.602s
